2025-07-06 15:32:52 | INFO     | __main__:get_account:44 - 收到的exchange参数: %s
2025-07-06 15:32:52 | INFO     | __main__:get_account:44 - 收到的exchange参数: %s
2025-07-06 15:32:52 | INFO     | __main__:get_account:46 - ex实例类型: %s
2025-07-06 15:32:52 | INFO     | __main__:get_account:46 - ex实例类型: %s
2025-07-06 15:32:52 | INFO     | __main__:get_account:48 - web_app.py用的BACKPACK_API_KEY: %s
2025-07-06 15:32:52 | INFO     | __main__:get_account:48 - web_app.py用的BACKPACK_API_KEY: %s
2025-07-06 15:32:52 | INFO     | __main__:get_account:49 - web_app.py用的BACKPACK_API_SECRET: %s
2025-07-06 15:32:52 | INFO     | __main__:get_account:49 - web_app.py用的BACKPACK_API_SECRET: %s
2025-07-06 15:32:53 | INFO     | __main__:get_account:44 - 收到的exchange参数: %s
2025-07-06 15:32:53 | INFO     | __main__:get_account:46 - ex实例类型: %s
2025-07-06 15:32:53 | INFO     | __main__:get_account:48 - web_app.py用的BACKPACK_API_KEY: %s
2025-07-06 15:32:53 | INFO     | __main__:get_account:49 - web_app.py用的BACKPACK_API_SECRET: %s
2025-07-06 15:32:54 | INFO     | __main__:get_account:44 - 收到的exchange参数: %s
2025-07-06 15:32:54 | INFO     | __main__:get_account:46 - ex实例类型: %s
2025-07-06 15:32:54 | INFO     | __main__:get_account:48 - web_app.py用的BACKPACK_API_KEY: %s
2025-07-06 15:32:54 | INFO     | __main__:get_account:49 - web_app.py用的BACKPACK_API_SECRET: %s
2025-07-06 15:32:55 | INFO     | __main__:get_account:44 - 收到的exchange参数: %s
2025-07-06 15:32:55 | INFO     | __main__:get_account:46 - ex实例类型: %s
2025-07-06 15:32:55 | INFO     | __main__:get_account:48 - web_app.py用的BACKPACK_API_KEY: %s
2025-07-06 15:32:55 | INFO     | __main__:get_account:49 - web_app.py用的BACKPACK_API_SECRET: %s
2025-07-06 15:32:55 | INFO     | __main__:get_account:44 - 收到的exchange参数: %s
2025-07-06 15:32:55 | INFO     | __main__:get_account:46 - ex实例类型: %s
2025-07-06 15:32:55 | INFO     | __main__:get_account:48 - web_app.py用的BACKPACK_API_KEY: %s
2025-07-06 15:32:55 | INFO     | __main__:get_account:49 - web_app.py用的BACKPACK_API_SECRET: %s
2025-07-06 15:32:56 | INFO     | __main__:get_account:44 - 收到的exchange参数: %s
2025-07-06 15:32:56 | INFO     | __main__:get_account:46 - ex实例类型: %s
2025-07-06 15:32:56 | INFO     | __main__:get_account:48 - web_app.py用的BACKPACK_API_KEY: %s
2025-07-06 15:32:56 | INFO     | __main__:get_account:49 - web_app.py用的BACKPACK_API_SECRET: %s
2025-07-06 15:32:58 | INFO     | __main__:get_account:44 - 收到的exchange参数: %s
2025-07-06 15:32:58 | INFO     | __main__:get_account:46 - ex实例类型: %s
2025-07-06 15:32:58 | INFO     | __main__:get_account:48 - web_app.py用的BACKPACK_API_KEY: %s
2025-07-06 15:32:58 | INFO     | __main__:get_account:49 - web_app.py用的BACKPACK_API_SECRET: %s
2025-07-06 15:32:58 | INFO     | __main__:get_account:44 - 收到的exchange参数: %s
2025-07-06 15:32:58 | INFO     | __main__:get_account:46 - ex实例类型: %s
2025-07-06 15:32:58 | INFO     | __main__:get_account:48 - web_app.py用的BACKPACK_API_KEY: %s
2025-07-06 15:32:58 | INFO     | __main__:get_account:49 - web_app.py用的BACKPACK_API_SECRET: %s
2025-07-06 15:32:59 | INFO     | __main__:get_account:44 - 收到的exchange参数: %s
2025-07-06 15:32:59 | INFO     | __main__:get_account:46 - ex实例类型: %s
2025-07-06 15:32:59 | INFO     | __main__:get_account:48 - web_app.py用的BACKPACK_API_KEY: %s
2025-07-06 15:32:59 | INFO     | __main__:get_account:49 - web_app.py用的BACKPACK_API_SECRET: %s
2025-07-06 15:33:00 | INFO     | __main__:get_account:44 - 收到的exchange参数: %s
2025-07-06 15:33:00 | INFO     | __main__:get_account:46 - ex实例类型: %s
2025-07-06 15:33:00 | INFO     | __main__:get_account:48 - web_app.py用的BACKPACK_API_KEY: %s
2025-07-06 15:33:00 | INFO     | __main__:get_account:49 - web_app.py用的BACKPACK_API_SECRET: %s
2025-07-06 15:33:02 | INFO     | __main__:get_account:44 - 收到的exchange参数: %s
2025-07-06 15:33:02 | INFO     | __main__:get_account:46 - ex实例类型: %s
2025-07-06 15:33:02 | INFO     | __main__:get_account:48 - web_app.py用的BACKPACK_API_KEY: %s
2025-07-06 15:33:02 | INFO     | __main__:get_account:49 - web_app.py用的BACKPACK_API_SECRET: %s
2025-07-06 15:33:02 | INFO     | __main__:get_account:44 - 收到的exchange参数: %s
2025-07-06 15:33:02 | INFO     | __main__:get_account:46 - ex实例类型: %s
2025-07-06 15:33:02 | INFO     | __main__:get_account:48 - web_app.py用的BACKPACK_API_KEY: %s
2025-07-06 15:33:02 | INFO     | __main__:get_account:49 - web_app.py用的BACKPACK_API_SECRET: %s
2025-07-06 15:33:03 | INFO     | __main__:get_account:44 - 收到的exchange参数: %s
2025-07-06 15:33:03 | INFO     | __main__:get_account:46 - ex实例类型: %s
2025-07-06 15:33:03 | INFO     | __main__:get_account:48 - web_app.py用的BACKPACK_API_KEY: %s
2025-07-06 15:33:03 | INFO     | __main__:get_account:49 - web_app.py用的BACKPACK_API_SECRET: %s
2025-07-06 15:33:05 | INFO     | __main__:get_account:44 - 收到的exchange参数: %s
2025-07-06 15:33:05 | INFO     | __main__:get_account:46 - ex实例类型: %s
2025-07-06 15:33:05 | INFO     | __main__:get_account:48 - web_app.py用的BACKPACK_API_KEY: %s
2025-07-06 15:33:05 | INFO     | __main__:get_account:49 - web_app.py用的BACKPACK_API_SECRET: %s
2025-07-06 15:33:05 | INFO     | __main__:get_account:44 - 收到的exchange参数: %s
2025-07-06 15:33:05 | INFO     | __main__:get_account:46 - ex实例类型: %s
2025-07-06 15:33:05 | INFO     | __main__:get_account:48 - web_app.py用的BACKPACK_API_KEY: %s
2025-07-06 15:33:05 | INFO     | __main__:get_account:49 - web_app.py用的BACKPACK_API_SECRET: %s
2025-07-06 15:33:06 | INFO     | __main__:get_account:44 - 收到的exchange参数: %s
2025-07-06 15:33:06 | INFO     | __main__:get_account:46 - ex实例类型: %s
2025-07-06 15:33:06 | INFO     | __main__:get_account:48 - web_app.py用的BACKPACK_API_KEY: %s
2025-07-06 15:33:06 | INFO     | __main__:get_account:49 - web_app.py用的BACKPACK_API_SECRET: %s
2025-07-06 15:33:07 | INFO     | __main__:get_account:44 - 收到的exchange参数: %s
2025-07-06 15:33:07 | INFO     | __main__:get_account:46 - ex实例类型: %s
2025-07-06 15:33:07 | INFO     | __main__:get_account:48 - web_app.py用的BACKPACK_API_KEY: %s
2025-07-06 15:33:07 | INFO     | __main__:get_account:49 - web_app.py用的BACKPACK_API_SECRET: %s
2025-07-06 15:33:08 | INFO     | __main__:get_account:44 - 收到的exchange参数: %s
2025-07-06 15:33:08 | INFO     | __main__:get_account:46 - ex实例类型: %s
2025-07-06 15:33:08 | INFO     | __main__:get_account:48 - web_app.py用的BACKPACK_API_KEY: %s
2025-07-06 15:33:08 | INFO     | __main__:get_account:49 - web_app.py用的BACKPACK_API_SECRET: %s
2025-07-06 15:33:09 | INFO     | __main__:get_account:44 - 收到的exchange参数: %s
2025-07-06 15:33:09 | INFO     | __main__:get_account:46 - ex实例类型: %s
2025-07-06 15:33:09 | INFO     | __main__:get_account:48 - web_app.py用的BACKPACK_API_KEY: %s
2025-07-06 15:33:09 | INFO     | __main__:get_account:49 - web_app.py用的BACKPACK_API_SECRET: %s
2025-07-06 15:33:09 | INFO     | __main__:get_account:44 - 收到的exchange参数: %s
2025-07-06 15:33:09 | INFO     | __main__:get_account:46 - ex实例类型: %s
2025-07-06 15:33:09 | INFO     | __main__:get_account:48 - web_app.py用的BACKPACK_API_KEY: %s
2025-07-06 15:33:09 | INFO     | __main__:get_account:49 - web_app.py用的BACKPACK_API_SECRET: %s
2025-07-06 15:33:10 | INFO     | __main__:get_account:44 - 收到的exchange参数: %s
2025-07-06 15:33:10 | INFO     | __main__:get_account:46 - ex实例类型: %s
2025-07-06 15:33:10 | INFO     | __main__:get_account:48 - web_app.py用的BACKPACK_API_KEY: %s
2025-07-06 15:33:10 | INFO     | __main__:get_account:49 - web_app.py用的BACKPACK_API_SECRET: %s
2025-07-06 15:33:11 | INFO     | __main__:get_account:44 - 收到的exchange参数: %s
2025-07-06 15:33:11 | INFO     | __main__:get_account:46 - ex实例类型: %s
2025-07-06 15:33:11 | INFO     | __main__:get_account:48 - web_app.py用的BACKPACK_API_KEY: %s
2025-07-06 15:33:11 | INFO     | __main__:get_account:49 - web_app.py用的BACKPACK_API_SECRET: %s
2025-07-06 15:33:12 | INFO     | __main__:get_account:44 - 收到的exchange参数: %s
2025-07-06 15:33:12 | INFO     | __main__:get_account:46 - ex实例类型: %s
2025-07-06 15:33:12 | INFO     | __main__:get_account:48 - web_app.py用的BACKPACK_API_KEY: %s
2025-07-06 15:33:12 | INFO     | __main__:get_account:49 - web_app.py用的BACKPACK_API_SECRET: %s
2025-07-06 15:33:13 | INFO     | __main__:get_account:44 - 收到的exchange参数: %s
2025-07-06 15:33:13 | INFO     | __main__:get_account:46 - ex实例类型: %s
2025-07-06 15:33:13 | INFO     | __main__:get_account:48 - web_app.py用的BACKPACK_API_KEY: %s
2025-07-06 15:33:13 | INFO     | __main__:get_account:49 - web_app.py用的BACKPACK_API_SECRET: %s
2025-07-06 15:33:14 | INFO     | __main__:get_account:44 - 收到的exchange参数: %s
2025-07-06 15:33:14 | INFO     | __main__:get_account:46 - ex实例类型: %s
2025-07-06 15:33:14 | INFO     | __main__:get_account:48 - web_app.py用的BACKPACK_API_KEY: %s
2025-07-06 15:33:14 | INFO     | __main__:get_account:49 - web_app.py用的BACKPACK_API_SECRET: %s
2025-07-06 15:33:16 | INFO     | __main__:get_account:44 - 收到的exchange参数: %s
2025-07-06 15:33:16 | INFO     | __main__:get_account:46 - ex实例类型: %s
2025-07-06 15:33:16 | INFO     | __main__:get_account:48 - web_app.py用的BACKPACK_API_KEY: %s
2025-07-06 15:33:16 | INFO     | __main__:get_account:49 - web_app.py用的BACKPACK_API_SECRET: %s
2025-07-06 15:33:16 | INFO     | __main__:get_account:44 - 收到的exchange参数: %s
2025-07-06 15:33:16 | INFO     | __main__:get_account:46 - ex实例类型: %s
2025-07-06 15:33:16 | INFO     | __main__:get_account:48 - web_app.py用的BACKPACK_API_KEY: %s
2025-07-06 15:33:16 | INFO     | __main__:get_account:49 - web_app.py用的BACKPACK_API_SECRET: %s
2025-07-06 15:33:17 | INFO     | __main__:get_account:44 - 收到的exchange参数: %s
2025-07-06 15:33:17 | INFO     | __main__:get_account:46 - ex实例类型: %s
2025-07-06 15:33:17 | INFO     | __main__:get_account:48 - web_app.py用的BACKPACK_API_KEY: %s
2025-07-06 15:33:17 | INFO     | __main__:get_account:49 - web_app.py用的BACKPACK_API_SECRET: %s
2025-07-06 15:33:18 | INFO     | __main__:get_account:44 - 收到的exchange参数: %s
2025-07-06 15:33:18 | INFO     | __main__:get_account:46 - ex实例类型: %s
2025-07-06 15:33:18 | INFO     | __main__:get_account:48 - web_app.py用的BACKPACK_API_KEY: %s
2025-07-06 15:33:18 | INFO     | __main__:get_account:49 - web_app.py用的BACKPACK_API_SECRET: %s
2025-07-06 15:33:19 | INFO     | __main__:get_account:44 - 收到的exchange参数: %s
2025-07-06 15:33:19 | INFO     | __main__:get_account:46 - ex实例类型: %s
2025-07-06 15:33:19 | INFO     | __main__:get_account:48 - web_app.py用的BACKPACK_API_KEY: %s
2025-07-06 15:33:19 | INFO     | __main__:get_account:49 - web_app.py用的BACKPACK_API_SECRET: %s
2025-07-06 15:33:19 | INFO     | __main__:get_account:44 - 收到的exchange参数: %s
2025-07-06 15:33:19 | INFO     | __main__:get_account:46 - ex实例类型: %s
2025-07-06 15:33:19 | INFO     | __main__:get_account:48 - web_app.py用的BACKPACK_API_KEY: %s
2025-07-06 15:33:19 | INFO     | __main__:get_account:49 - web_app.py用的BACKPACK_API_SECRET: %s
2025-07-06 15:33:20 | INFO     | __main__:get_account:44 - 收到的exchange参数: %s
2025-07-06 15:33:20 | INFO     | __main__:get_account:46 - ex实例类型: %s
2025-07-06 15:33:20 | INFO     | __main__:get_account:48 - web_app.py用的BACKPACK_API_KEY: %s
2025-07-06 15:33:20 | INFO     | __main__:get_account:49 - web_app.py用的BACKPACK_API_SECRET: %s
2025-07-06 15:33:21 | INFO     | __main__:get_account:44 - 收到的exchange参数: %s
2025-07-06 15:33:21 | INFO     | __main__:get_account:46 - ex实例类型: %s
2025-07-06 15:33:21 | INFO     | __main__:get_account:48 - web_app.py用的BACKPACK_API_KEY: %s
2025-07-06 15:33:21 | INFO     | __main__:get_account:49 - web_app.py用的BACKPACK_API_SECRET: %s
2025-07-06 15:33:22 | INFO     | __main__:get_account:44 - 收到的exchange参数: %s
2025-07-06 15:33:22 | INFO     | __main__:get_account:46 - ex实例类型: %s
2025-07-06 15:33:22 | INFO     | __main__:get_account:48 - web_app.py用的BACKPACK_API_KEY: %s
2025-07-06 15:33:22 | INFO     | __main__:get_account:49 - web_app.py用的BACKPACK_API_SECRET: %s
2025-07-06 15:33:22 | INFO     | __main__:get_account:44 - 收到的exchange参数: %s
2025-07-06 15:33:22 | INFO     | __main__:get_account:46 - ex实例类型: %s
2025-07-06 15:33:22 | INFO     | __main__:get_account:48 - web_app.py用的BACKPACK_API_KEY: %s
2025-07-06 15:33:22 | INFO     | __main__:get_account:49 - web_app.py用的BACKPACK_API_SECRET: %s
2025-07-06 15:33:22 | INFO     | __main__:get_account:44 - 收到的exchange参数: %s
2025-07-06 15:33:22 | INFO     | __main__:get_account:46 - ex实例类型: %s
2025-07-06 15:33:22 | INFO     | __main__:get_account:48 - web_app.py用的BACKPACK_API_KEY: %s
2025-07-06 15:33:22 | INFO     | __main__:get_account:49 - web_app.py用的BACKPACK_API_SECRET: %s
2025-07-06 15:33:23 | INFO     | __main__:get_account:44 - 收到的exchange参数: %s
2025-07-06 15:33:23 | INFO     | __main__:get_account:46 - ex实例类型: %s
2025-07-06 15:33:23 | INFO     | __main__:get_account:48 - web_app.py用的BACKPACK_API_KEY: %s
2025-07-06 15:33:23 | INFO     | __main__:get_account:49 - web_app.py用的BACKPACK_API_SECRET: %s
2025-07-06 15:33:23 | INFO     | __main__:get_account:44 - 收到的exchange参数: %s
2025-07-06 15:33:23 | INFO     | __main__:get_account:46 - ex实例类型: %s
2025-07-06 15:33:23 | INFO     | __main__:get_account:48 - web_app.py用的BACKPACK_API_KEY: %s
2025-07-06 15:33:23 | INFO     | __main__:get_account:49 - web_app.py用的BACKPACK_API_SECRET: %s
2025-07-06 15:33:24 | INFO     | __main__:get_account:44 - 收到的exchange参数: %s
2025-07-06 15:33:24 | INFO     | __main__:get_account:46 - ex实例类型: %s
2025-07-06 15:33:24 | INFO     | __main__:get_account:48 - web_app.py用的BACKPACK_API_KEY: %s
2025-07-06 15:33:24 | INFO     | __main__:get_account:49 - web_app.py用的BACKPACK_API_SECRET: %s
2025-07-06 15:33:24 | INFO     | __main__:get_account:44 - 收到的exchange参数: %s
2025-07-06 15:33:24 | INFO     | __main__:get_account:46 - ex实例类型: %s
2025-07-06 15:33:24 | INFO     | __main__:get_account:48 - web_app.py用的BACKPACK_API_KEY: %s
2025-07-06 15:33:24 | INFO     | __main__:get_account:49 - web_app.py用的BACKPACK_API_SECRET: %s
2025-07-06 15:33:25 | INFO     | __main__:get_account:44 - 收到的exchange参数: %s
2025-07-06 15:33:25 | INFO     | __main__:get_account:46 - ex实例类型: %s
2025-07-06 15:33:25 | INFO     | __main__:get_account:48 - web_app.py用的BACKPACK_API_KEY: %s
2025-07-06 15:33:25 | INFO     | __main__:get_account:49 - web_app.py用的BACKPACK_API_SECRET: %s
2025-07-06 15:33:25 | INFO     | __main__:get_account:44 - 收到的exchange参数: %s
2025-07-06 15:33:25 | INFO     | __main__:get_account:46 - ex实例类型: %s
2025-07-06 15:33:25 | INFO     | __main__:get_account:48 - web_app.py用的BACKPACK_API_KEY: %s
2025-07-06 15:33:25 | INFO     | __main__:get_account:44 - 收到的exchange参数: %s
2025-07-06 15:33:25 | INFO     | __main__:get_account:46 - ex实例类型: %s
2025-07-06 15:33:25 | INFO     | __main__:get_account:48 - web_app.py用的BACKPACK_API_KEY: %s
2025-07-06 15:33:25 | INFO     | __main__:get_account:49 - web_app.py用的BACKPACK_API_SECRET: %s
2025-07-06 15:33:25 | INFO     | __main__:get_account:44 - 收到的exchange参数: %s
2025-07-06 15:33:25 | INFO     | __main__:get_account:46 - ex实例类型: %s
2025-07-06 15:33:25 | INFO     | __main__:get_account:48 - web_app.py用的BACKPACK_API_KEY: %s
2025-07-06 15:33:25 | INFO     | __main__:get_account:49 - web_app.py用的BACKPACK_API_SECRET: %s
2025-07-06 15:33:25 | INFO     | __main__:get_account:49 - web_app.py用的BACKPACK_API_SECRET: %s
2025-07-06 15:33:33 | INFO     | __main__:get_account:44 - 收到的exchange参数: %s
2025-07-06 15:33:33 | INFO     | __main__:get_account:44 - 收到的exchange参数: %s
2025-07-06 15:33:33 | INFO     | __main__:get_account:46 - ex实例类型: %s
2025-07-06 15:33:33 | INFO     | __main__:get_account:46 - ex实例类型: %s
2025-07-06 15:33:33 | INFO     | __main__:get_account:48 - web_app.py用的BACKPACK_API_KEY: %s
2025-07-06 15:33:33 | INFO     | __main__:get_account:49 - web_app.py用的BACKPACK_API_SECRET: %s
2025-07-06 15:33:33 | INFO     | __main__:get_account:48 - web_app.py用的BACKPACK_API_KEY: %s
2025-07-06 15:33:33 | INFO     | __main__:get_account:49 - web_app.py用的BACKPACK_API_SECRET: %s
2025-07-06 15:33:34 | INFO     | __main__:get_account:44 - 收到的exchange参数: %s
2025-07-06 15:33:34 | INFO     | __main__:get_account:46 - ex实例类型: %s
2025-07-06 15:33:34 | INFO     | __main__:get_account:48 - web_app.py用的BACKPACK_API_KEY: %s
2025-07-06 15:33:34 | INFO     | __main__:get_account:49 - web_app.py用的BACKPACK_API_SECRET: %s
2025-07-06 15:33:35 | INFO     | __main__:get_account:44 - 收到的exchange参数: %s
2025-07-06 15:33:35 | INFO     | __main__:get_account:46 - ex实例类型: %s
2025-07-06 15:33:35 | INFO     | __main__:get_account:48 - web_app.py用的BACKPACK_API_KEY: %s
2025-07-06 15:33:35 | INFO     | __main__:get_account:49 - web_app.py用的BACKPACK_API_SECRET: %s
2025-07-06 15:33:36 | INFO     | __main__:get_account:44 - 收到的exchange参数: %s
2025-07-06 15:33:36 | INFO     | __main__:get_account:46 - ex实例类型: %s
2025-07-06 15:33:36 | INFO     | __main__:get_account:48 - web_app.py用的BACKPACK_API_KEY: %s
2025-07-06 15:33:36 | INFO     | __main__:get_account:49 - web_app.py用的BACKPACK_API_SECRET: %s
2025-07-06 15:33:37 | INFO     | __main__:get_account:44 - 收到的exchange参数: %s
2025-07-06 15:33:37 | INFO     | __main__:get_account:46 - ex实例类型: %s
2025-07-06 15:33:37 | INFO     | __main__:get_account:48 - web_app.py用的BACKPACK_API_KEY: %s
2025-07-06 15:33:37 | INFO     | __main__:get_account:49 - web_app.py用的BACKPACK_API_SECRET: %s
2025-07-06 15:33:37 | INFO     | __main__:get_account:44 - 收到的exchange参数: %s
2025-07-06 15:33:37 | INFO     | __main__:get_account:46 - ex实例类型: %s
2025-07-06 15:33:37 | INFO     | __main__:get_account:48 - web_app.py用的BACKPACK_API_KEY: %s
2025-07-06 15:33:37 | INFO     | __main__:get_account:49 - web_app.py用的BACKPACK_API_SECRET: %s
2025-07-06 15:33:39 | INFO     | __main__:get_account:44 - 收到的exchange参数: %s
2025-07-06 15:33:39 | INFO     | __main__:get_account:46 - ex实例类型: %s
2025-07-06 15:33:39 | INFO     | __main__:get_account:48 - web_app.py用的BACKPACK_API_KEY: %s
2025-07-06 15:33:39 | INFO     | __main__:get_account:49 - web_app.py用的BACKPACK_API_SECRET: %s
2025-07-06 15:33:40 | INFO     | __main__:get_account:44 - 收到的exchange参数: %s
2025-07-06 15:33:40 | INFO     | __main__:get_account:46 - ex实例类型: %s
2025-07-06 15:33:40 | INFO     | __main__:get_account:48 - web_app.py用的BACKPACK_API_KEY: %s
2025-07-06 15:33:40 | INFO     | __main__:get_account:49 - web_app.py用的BACKPACK_API_SECRET: %s
2025-07-06 15:33:40 | INFO     | __main__:get_account:44 - 收到的exchange参数: %s
2025-07-06 15:33:40 | INFO     | __main__:get_account:46 - ex实例类型: %s
2025-07-06 15:33:40 | INFO     | __main__:get_account:48 - web_app.py用的BACKPACK_API_KEY: %s
2025-07-06 15:33:40 | INFO     | __main__:get_account:49 - web_app.py用的BACKPACK_API_SECRET: %s
2025-07-06 15:33:41 | INFO     | __main__:get_account:44 - 收到的exchange参数: %s
2025-07-06 15:33:41 | INFO     | __main__:get_account:46 - ex实例类型: %s
2025-07-06 15:33:41 | INFO     | __main__:get_account:48 - web_app.py用的BACKPACK_API_KEY: %s
2025-07-06 15:33:41 | INFO     | __main__:get_account:49 - web_app.py用的BACKPACK_API_SECRET: %s
2025-07-06 15:33:43 | INFO     | __main__:get_account:44 - 收到的exchange参数: %s
2025-07-06 15:33:43 | INFO     | __main__:get_account:46 - ex实例类型: %s
2025-07-06 15:33:43 | INFO     | __main__:get_account:48 - web_app.py用的BACKPACK_API_KEY: %s
2025-07-06 15:33:43 | INFO     | __main__:get_account:49 - web_app.py用的BACKPACK_API_SECRET: %s
2025-07-06 15:33:44 | INFO     | __main__:get_account:44 - 收到的exchange参数: %s
2025-07-06 15:33:44 | INFO     | __main__:get_account:46 - ex实例类型: %s
2025-07-06 15:33:44 | INFO     | __main__:get_account:48 - web_app.py用的BACKPACK_API_KEY: %s
2025-07-06 15:33:44 | INFO     | __main__:get_account:49 - web_app.py用的BACKPACK_API_SECRET: %s
2025-07-06 15:33:44 | INFO     | __main__:get_account:44 - 收到的exchange参数: %s
2025-07-06 15:33:44 | INFO     | __main__:get_account:46 - ex实例类型: %s
2025-07-06 15:33:44 | INFO     | __main__:get_account:48 - web_app.py用的BACKPACK_API_KEY: %s
2025-07-06 15:33:44 | INFO     | __main__:get_account:49 - web_app.py用的BACKPACK_API_SECRET: %s
2025-07-06 15:33:46 | INFO     | __main__:get_account:44 - 收到的exchange参数: %s
2025-07-06 15:33:46 | INFO     | __main__:get_account:46 - ex实例类型: %s
2025-07-06 15:33:46 | INFO     | __main__:get_account:48 - web_app.py用的BACKPACK_API_KEY: %s
2025-07-06 15:33:46 | INFO     | __main__:get_account:49 - web_app.py用的BACKPACK_API_SECRET: %s
2025-07-06 15:33:47 | INFO     | __main__:get_account:44 - 收到的exchange参数: %s
2025-07-06 15:33:47 | INFO     | __main__:get_account:46 - ex实例类型: %s
2025-07-06 15:33:47 | INFO     | __main__:get_account:48 - web_app.py用的BACKPACK_API_KEY: %s
2025-07-06 15:33:47 | INFO     | __main__:get_account:49 - web_app.py用的BACKPACK_API_SECRET: %s
2025-07-06 15:33:47 | INFO     | __main__:get_account:44 - 收到的exchange参数: %s
2025-07-06 15:33:47 | INFO     | __main__:get_account:46 - ex实例类型: %s
2025-07-06 15:33:47 | INFO     | __main__:get_account:48 - web_app.py用的BACKPACK_API_KEY: %s
2025-07-06 15:33:47 | INFO     | __main__:get_account:49 - web_app.py用的BACKPACK_API_SECRET: %s
2025-07-06 15:33:48 | INFO     | __main__:get_account:44 - 收到的exchange参数: %s
2025-07-06 15:33:48 | INFO     | __main__:get_account:46 - ex实例类型: %s
2025-07-06 15:33:48 | INFO     | __main__:get_account:48 - web_app.py用的BACKPACK_API_KEY: %s
2025-07-06 15:33:48 | INFO     | __main__:get_account:49 - web_app.py用的BACKPACK_API_SECRET: %s
2025-07-06 15:33:49 | INFO     | __main__:get_account:44 - 收到的exchange参数: %s
2025-07-06 15:33:49 | INFO     | __main__:get_account:46 - ex实例类型: %s
2025-07-06 15:33:49 | INFO     | __main__:get_account:48 - web_app.py用的BACKPACK_API_KEY: %s
2025-07-06 15:33:49 | INFO     | __main__:get_account:49 - web_app.py用的BACKPACK_API_SECRET: %s
2025-07-06 15:33:50 | INFO     | __main__:get_account:44 - 收到的exchange参数: %s
2025-07-06 15:33:50 | INFO     | __main__:get_account:46 - ex实例类型: %s
2025-07-06 15:33:50 | INFO     | __main__:get_account:48 - web_app.py用的BACKPACK_API_KEY: %s
2025-07-06 15:33:50 | INFO     | __main__:get_account:49 - web_app.py用的BACKPACK_API_SECRET: %s
2025-07-06 15:33:51 | INFO     | __main__:get_account:44 - 收到的exchange参数: %s
2025-07-06 15:33:51 | INFO     | __main__:get_account:46 - ex实例类型: %s
2025-07-06 15:33:51 | INFO     | __main__:get_account:48 - web_app.py用的BACKPACK_API_KEY: %s
2025-07-06 15:33:51 | INFO     | __main__:get_account:49 - web_app.py用的BACKPACK_API_SECRET: %s
2025-07-06 15:33:51 | INFO     | __main__:get_account:44 - 收到的exchange参数: %s
2025-07-06 15:33:51 | INFO     | __main__:get_account:46 - ex实例类型: %s
2025-07-06 15:33:51 | INFO     | __main__:get_account:48 - web_app.py用的BACKPACK_API_KEY: %s
2025-07-06 15:33:51 | INFO     | __main__:get_account:49 - web_app.py用的BACKPACK_API_SECRET: %s
2025-07-06 15:33:52 | INFO     | __main__:get_account:44 - 收到的exchange参数: %s
2025-07-06 15:33:52 | INFO     | __main__:get_account:46 - ex实例类型: %s
2025-07-06 15:33:52 | INFO     | __main__:get_account:48 - web_app.py用的BACKPACK_API_KEY: %s
2025-07-06 15:33:52 | INFO     | __main__:get_account:49 - web_app.py用的BACKPACK_API_SECRET: %s
2025-07-06 15:33:53 | INFO     | __main__:get_account:44 - 收到的exchange参数: %s
2025-07-06 15:33:53 | INFO     | __main__:get_account:46 - ex实例类型: %s
2025-07-06 15:33:53 | INFO     | __main__:get_account:48 - web_app.py用的BACKPACK_API_KEY: %s
2025-07-06 15:33:53 | INFO     | __main__:get_account:49 - web_app.py用的BACKPACK_API_SECRET: %s
2025-07-06 15:33:54 | INFO     | __main__:get_account:44 - 收到的exchange参数: %s
2025-07-06 15:33:54 | INFO     | __main__:get_account:46 - ex实例类型: %s
2025-07-06 15:33:54 | INFO     | __main__:get_account:48 - web_app.py用的BACKPACK_API_KEY: %s
2025-07-06 15:33:54 | INFO     | __main__:get_account:49 - web_app.py用的BACKPACK_API_SECRET: %s
2025-07-06 15:33:55 | INFO     | __main__:get_account:44 - 收到的exchange参数: %s
2025-07-06 15:33:55 | INFO     | __main__:get_account:46 - ex实例类型: %s
2025-07-06 15:33:55 | INFO     | __main__:get_account:48 - web_app.py用的BACKPACK_API_KEY: %s
2025-07-06 15:33:55 | INFO     | __main__:get_account:49 - web_app.py用的BACKPACK_API_SECRET: %s
2025-07-06 15:33:57 | INFO     | __main__:get_account:44 - 收到的exchange参数: %s
2025-07-06 15:33:57 | INFO     | __main__:get_account:46 - ex实例类型: %s
2025-07-06 15:33:57 | INFO     | __main__:get_account:48 - web_app.py用的BACKPACK_API_KEY: %s
2025-07-06 15:33:57 | INFO     | __main__:get_account:49 - web_app.py用的BACKPACK_API_SECRET: %s
2025-07-06 15:33:58 | INFO     | __main__:get_account:44 - 收到的exchange参数: %s
2025-07-06 15:33:58 | INFO     | __main__:get_account:46 - ex实例类型: %s
2025-07-06 15:33:58 | INFO     | __main__:get_account:48 - web_app.py用的BACKPACK_API_KEY: %s
2025-07-06 15:33:58 | INFO     | __main__:get_account:49 - web_app.py用的BACKPACK_API_SECRET: %s
2025-07-06 15:33:58 | INFO     | __main__:get_account:44 - 收到的exchange参数: %s
2025-07-06 15:33:58 | INFO     | __main__:get_account:46 - ex实例类型: %s
2025-07-06 15:33:58 | INFO     | __main__:get_account:48 - web_app.py用的BACKPACK_API_KEY: %s
2025-07-06 15:33:58 | INFO     | __main__:get_account:49 - web_app.py用的BACKPACK_API_SECRET: %s
2025-07-06 15:33:59 | INFO     | __main__:get_account:44 - 收到的exchange参数: %s
2025-07-06 15:33:59 | INFO     | __main__:get_account:46 - ex实例类型: %s
2025-07-06 15:33:59 | INFO     | __main__:get_account:48 - web_app.py用的BACKPACK_API_KEY: %s
2025-07-06 15:33:59 | INFO     | __main__:get_account:49 - web_app.py用的BACKPACK_API_SECRET: %s
2025-07-06 15:34:00 | INFO     | __main__:get_account:44 - 收到的exchange参数: %s
2025-07-06 15:34:00 | INFO     | __main__:get_account:46 - ex实例类型: %s
2025-07-06 15:34:00 | INFO     | __main__:get_account:48 - web_app.py用的BACKPACK_API_KEY: %s
2025-07-06 15:34:00 | INFO     | __main__:get_account:49 - web_app.py用的BACKPACK_API_SECRET: %s
2025-07-06 15:34:01 | INFO     | __main__:get_account:44 - 收到的exchange参数: %s
2025-07-06 15:34:01 | INFO     | __main__:get_account:46 - ex实例类型: %s
2025-07-06 15:34:01 | INFO     | __main__:get_account:48 - web_app.py用的BACKPACK_API_KEY: %s
2025-07-06 15:34:01 | INFO     | __main__:get_account:49 - web_app.py用的BACKPACK_API_SECRET: %s
2025-07-06 15:34:01 | INFO     | __main__:get_account:44 - 收到的exchange参数: %s
2025-07-06 15:34:01 | INFO     | __main__:get_account:46 - ex实例类型: %s
2025-07-06 15:34:01 | INFO     | __main__:get_account:48 - web_app.py用的BACKPACK_API_KEY: %s
2025-07-06 15:34:01 | INFO     | __main__:get_account:49 - web_app.py用的BACKPACK_API_SECRET: %s
2025-07-06 15:34:01 | INFO     | __main__:get_account:44 - 收到的exchange参数: %s
2025-07-06 15:34:01 | INFO     | __main__:get_account:46 - ex实例类型: %s
2025-07-06 15:34:01 | INFO     | __main__:get_account:48 - web_app.py用的BACKPACK_API_KEY: %s
2025-07-06 15:34:01 | INFO     | __main__:get_account:49 - web_app.py用的BACKPACK_API_SECRET: %s
2025-07-06 15:34:03 | INFO     | __main__:get_account:44 - 收到的exchange参数: %s
2025-07-06 15:34:03 | INFO     | __main__:get_account:46 - ex实例类型: %s
2025-07-06 15:34:03 | INFO     | __main__:get_account:48 - web_app.py用的BACKPACK_API_KEY: %s
2025-07-06 15:34:03 | INFO     | __main__:get_account:49 - web_app.py用的BACKPACK_API_SECRET: %s
2025-07-06 15:34:03 | INFO     | __main__:get_account:44 - 收到的exchange参数: %s
2025-07-06 15:34:03 | INFO     | __main__:get_account:46 - ex实例类型: %s
2025-07-06 15:34:03 | INFO     | __main__:get_account:48 - web_app.py用的BACKPACK_API_KEY: %s
2025-07-06 15:34:03 | INFO     | __main__:get_account:49 - web_app.py用的BACKPACK_API_SECRET: %s
2025-07-06 15:34:04 | INFO     | __main__:get_account:44 - 收到的exchange参数: %s
2025-07-06 15:34:04 | INFO     | __main__:get_account:46 - ex实例类型: %s
2025-07-06 15:34:04 | INFO     | __main__:get_account:48 - web_app.py用的BACKPACK_API_KEY: %s
2025-07-06 15:34:04 | INFO     | __main__:get_account:49 - web_app.py用的BACKPACK_API_SECRET: %s
2025-07-06 15:34:04 | INFO     | __main__:get_account:44 - 收到的exchange参数: %s
2025-07-06 15:34:04 | INFO     | __main__:get_account:46 - ex实例类型: %s
2025-07-06 15:34:04 | INFO     | __main__:get_account:48 - web_app.py用的BACKPACK_API_KEY: %s
2025-07-06 15:34:04 | INFO     | __main__:get_account:49 - web_app.py用的BACKPACK_API_SECRET: %s
2025-07-06 15:34:05 | INFO     | __main__:get_account:44 - 收到的exchange参数: %s
2025-07-06 15:34:05 | INFO     | __main__:get_account:46 - ex实例类型: %s
2025-07-06 15:34:05 | INFO     | __main__:get_account:48 - web_app.py用的BACKPACK_API_KEY: %s
2025-07-06 15:34:05 | INFO     | __main__:get_account:49 - web_app.py用的BACKPACK_API_SECRET: %s
2025-07-06 15:34:05 | INFO     | __main__:get_account:44 - 收到的exchange参数: %s
2025-07-06 15:34:05 | INFO     | __main__:get_account:46 - ex实例类型: %s
2025-07-06 15:34:05 | INFO     | __main__:get_account:48 - web_app.py用的BACKPACK_API_KEY: %s
2025-07-06 15:34:05 | INFO     | __main__:get_account:49 - web_app.py用的BACKPACK_API_SECRET: %s
2025-07-06 15:34:06 | INFO     | __main__:get_account:44 - 收到的exchange参数: %s
2025-07-06 15:34:06 | INFO     | __main__:get_account:46 - ex实例类型: %s
2025-07-06 15:34:06 | INFO     | __main__:get_account:48 - web_app.py用的BACKPACK_API_KEY: %s
2025-07-06 15:34:06 | INFO     | __main__:get_account:49 - web_app.py用的BACKPACK_API_SECRET: %s
2025-07-06 15:34:06 | INFO     | __main__:get_account:44 - 收到的exchange参数: %s
2025-07-06 15:34:06 | INFO     | __main__:get_account:46 - ex实例类型: %s
2025-07-06 15:34:06 | INFO     | __main__:get_account:48 - web_app.py用的BACKPACK_API_KEY: %s
2025-07-06 15:34:06 | INFO     | __main__:get_account:49 - web_app.py用的BACKPACK_API_SECRET: %s
2025-07-06 15:34:07 | INFO     | __main__:get_account:44 - 收到的exchange参数: %s
2025-07-06 15:34:07 | INFO     | __main__:get_account:46 - ex实例类型: %s
2025-07-06 15:34:07 | INFO     | __main__:get_account:48 - web_app.py用的BACKPACK_API_KEY: %s
2025-07-06 15:34:07 | INFO     | __main__:get_account:49 - web_app.py用的BACKPACK_API_SECRET: %s
2025-07-06 15:34:07 | INFO     | __main__:get_account:44 - 收到的exchange参数: %s
2025-07-06 15:34:07 | INFO     | __main__:get_account:46 - ex实例类型: %s
2025-07-06 15:34:07 | INFO     | __main__:get_account:48 - web_app.py用的BACKPACK_API_KEY: %s
2025-07-06 15:34:07 | INFO     | __main__:get_account:49 - web_app.py用的BACKPACK_API_SECRET: %s
2025-07-06 15:34:08 | INFO     | __main__:get_account:44 - 收到的exchange参数: %s
2025-07-06 15:34:08 | INFO     | __main__:get_account:46 - ex实例类型: %s
2025-07-06 15:34:08 | INFO     | __main__:get_account:48 - web_app.py用的BACKPACK_API_KEY: %s
2025-07-06 15:34:08 | INFO     | __main__:get_account:49 - web_app.py用的BACKPACK_API_SECRET: %s
2025-07-06 15:34:08 | INFO     | __main__:get_account:44 - 收到的exchange参数: %s
2025-07-06 15:34:08 | INFO     | __main__:get_account:46 - ex实例类型: %s
2025-07-06 15:34:08 | INFO     | __main__:get_account:44 - 收到的exchange参数: %s
2025-07-06 15:34:08 | INFO     | __main__:get_account:46 - ex实例类型: %s
2025-07-06 15:34:08 | INFO     | __main__:get_account:48 - web_app.py用的BACKPACK_API_KEY: %s
2025-07-06 15:34:08 | INFO     | __main__:get_account:48 - web_app.py用的BACKPACK_API_KEY: %s
2025-07-06 15:34:08 | INFO     | __main__:get_account:49 - web_app.py用的BACKPACK_API_SECRET: %s
2025-07-06 15:34:08 | INFO     | __main__:get_account:49 - web_app.py用的BACKPACK_API_SECRET: %s
2025-07-06 15:34:08 | INFO     | __main__:get_account:44 - 收到的exchange参数: %s
2025-07-06 15:34:08 | INFO     | __main__:get_account:46 - ex实例类型: %s
2025-07-06 15:34:08 | INFO     | __main__:get_account:48 - web_app.py用的BACKPACK_API_KEY: %s
2025-07-06 15:34:08 | INFO     | __main__:get_account:49 - web_app.py用的BACKPACK_API_SECRET: %s
2025-07-06 15:34:10 | INFO     | __main__:get_account:44 - 收到的exchange参数: %s
2025-07-06 15:34:10 | INFO     | __main__:get_account:46 - ex实例类型: %s
2025-07-06 15:34:10 | INFO     | __main__:get_account:48 - web_app.py用的BACKPACK_API_KEY: %s
2025-07-06 15:34:10 | INFO     | __main__:get_account:49 - web_app.py用的BACKPACK_API_SECRET: %s
2025-07-06 15:34:11 | INFO     | __main__:get_account:44 - 收到的exchange参数: %s
2025-07-06 15:34:11 | INFO     | __main__:get_account:46 - ex实例类型: %s
2025-07-06 15:34:11 | INFO     | __main__:get_account:48 - web_app.py用的BACKPACK_API_KEY: %s
2025-07-06 15:34:11 | INFO     | __main__:get_account:49 - web_app.py用的BACKPACK_API_SECRET: %s
2025-07-06 15:34:11 | INFO     | __main__:get_account:44 - 收到的exchange参数: %s
2025-07-06 15:34:11 | INFO     | __main__:get_account:46 - ex实例类型: %s
2025-07-06 15:34:11 | INFO     | __main__:get_account:48 - web_app.py用的BACKPACK_API_KEY: %s
2025-07-06 15:34:11 | INFO     | __main__:get_account:49 - web_app.py用的BACKPACK_API_SECRET: %s
2025-07-06 15:34:11 | INFO     | __main__:get_account:44 - 收到的exchange参数: %s
2025-07-06 15:34:11 | INFO     | __main__:get_account:46 - ex实例类型: %s
2025-07-06 15:34:11 | INFO     | __main__:get_account:48 - web_app.py用的BACKPACK_API_KEY: %s
2025-07-06 15:34:11 | INFO     | __main__:get_account:49 - web_app.py用的BACKPACK_API_SECRET: %s
2025-07-06 15:34:13 | INFO     | __main__:get_account:44 - 收到的exchange参数: %s
2025-07-06 15:34:13 | INFO     | __main__:get_account:46 - ex实例类型: %s
2025-07-06 15:34:13 | INFO     | __main__:get_account:48 - web_app.py用的BACKPACK_API_KEY: %s
2025-07-06 15:34:13 | INFO     | __main__:get_account:49 - web_app.py用的BACKPACK_API_SECRET: %s
2025-07-06 15:34:13 | INFO     | __main__:get_account:44 - 收到的exchange参数: %s
2025-07-06 15:34:13 | INFO     | __main__:get_account:46 - ex实例类型: %s
2025-07-06 15:34:13 | INFO     | __main__:get_account:48 - web_app.py用的BACKPACK_API_KEY: %s
2025-07-06 15:34:13 | INFO     | __main__:get_account:49 - web_app.py用的BACKPACK_API_SECRET: %s
2025-07-06 15:34:13 | INFO     | __main__:get_account:44 - 收到的exchange参数: %s
2025-07-06 15:34:13 | INFO     | __main__:get_account:46 - ex实例类型: %s
2025-07-06 15:34:13 | INFO     | __main__:get_account:48 - web_app.py用的BACKPACK_API_KEY: %s
2025-07-06 15:34:13 | INFO     | __main__:get_account:49 - web_app.py用的BACKPACK_API_SECRET: %s
2025-07-06 15:34:14 | INFO     | __main__:get_account:44 - 收到的exchange参数: %s
2025-07-06 15:34:14 | INFO     | __main__:get_account:46 - ex实例类型: %s
2025-07-06 15:34:14 | INFO     | __main__:get_account:48 - web_app.py用的BACKPACK_API_KEY: %s
2025-07-06 15:34:14 | INFO     | __main__:get_account:49 - web_app.py用的BACKPACK_API_SECRET: %s
2025-07-06 15:34:15 | INFO     | __main__:get_account:44 - 收到的exchange参数: %s
2025-07-06 15:34:15 | INFO     | __main__:get_account:46 - ex实例类型: %s
2025-07-06 15:34:15 | INFO     | __main__:get_account:48 - web_app.py用的BACKPACK_API_KEY: %s
2025-07-06 15:34:15 | INFO     | __main__:get_account:49 - web_app.py用的BACKPACK_API_SECRET: %s
2025-07-06 15:34:15 | INFO     | __main__:get_account:44 - 收到的exchange参数: %s
2025-07-06 15:34:15 | INFO     | __main__:get_account:46 - ex实例类型: %s
2025-07-06 15:34:15 | INFO     | __main__:get_account:48 - web_app.py用的BACKPACK_API_KEY: %s
2025-07-06 15:34:15 | INFO     | __main__:get_account:49 - web_app.py用的BACKPACK_API_SECRET: %s
2025-07-06 15:34:16 | INFO     | __main__:get_account:44 - 收到的exchange参数: %s
2025-07-06 15:34:16 | INFO     | __main__:get_account:46 - ex实例类型: %s
2025-07-06 15:34:16 | INFO     | __main__:get_account:48 - web_app.py用的BACKPACK_API_KEY: %s
2025-07-06 15:34:16 | INFO     | __main__:get_account:49 - web_app.py用的BACKPACK_API_SECRET: %s
2025-07-06 15:34:17 | INFO     | __main__:get_account:44 - 收到的exchange参数: %s
2025-07-06 15:34:17 | INFO     | __main__:get_account:46 - ex实例类型: %s
2025-07-06 15:34:17 | INFO     | __main__:get_account:48 - web_app.py用的BACKPACK_API_KEY: %s
2025-07-06 15:34:17 | INFO     | __main__:get_account:49 - web_app.py用的BACKPACK_API_SECRET: %s
2025-07-06 15:34:17 | INFO     | __main__:get_account:44 - 收到的exchange参数: %s
2025-07-06 15:34:17 | INFO     | __main__:get_account:46 - ex实例类型: %s
2025-07-06 15:34:17 | INFO     | __main__:get_account:48 - web_app.py用的BACKPACK_API_KEY: %s
2025-07-06 15:34:17 | INFO     | __main__:get_account:49 - web_app.py用的BACKPACK_API_SECRET: %s
2025-07-06 15:34:18 | INFO     | __main__:get_account:44 - 收到的exchange参数: %s
2025-07-06 15:34:18 | INFO     | __main__:get_account:46 - ex实例类型: %s
2025-07-06 15:34:18 | INFO     | __main__:get_account:48 - web_app.py用的BACKPACK_API_KEY: %s
2025-07-06 15:34:18 | INFO     | __main__:get_account:49 - web_app.py用的BACKPACK_API_SECRET: %s
2025-07-06 15:34:18 | INFO     | __main__:get_account:44 - 收到的exchange参数: %s
2025-07-06 15:34:18 | INFO     | __main__:get_account:46 - ex实例类型: %s
2025-07-06 15:34:18 | INFO     | __main__:get_account:48 - web_app.py用的BACKPACK_API_KEY: %s
2025-07-06 15:34:18 | INFO     | __main__:get_account:49 - web_app.py用的BACKPACK_API_SECRET: %s
2025-07-06 15:34:19 | INFO     | __main__:get_account:44 - 收到的exchange参数: %s
2025-07-06 15:34:19 | INFO     | __main__:get_account:46 - ex实例类型: %s
2025-07-06 15:34:19 | INFO     | __main__:get_account:48 - web_app.py用的BACKPACK_API_KEY: %s
2025-07-06 15:34:19 | INFO     | __main__:get_account:49 - web_app.py用的BACKPACK_API_SECRET: %s
2025-07-06 15:34:20 | INFO     | __main__:get_account:44 - 收到的exchange参数: %s
2025-07-06 15:34:20 | INFO     | __main__:get_account:46 - ex实例类型: %s
2025-07-06 15:34:20 | INFO     | __main__:get_account:48 - web_app.py用的BACKPACK_API_KEY: %s
2025-07-06 15:34:20 | INFO     | __main__:get_account:49 - web_app.py用的BACKPACK_API_SECRET: %s
2025-07-06 15:34:21 | INFO     | __main__:get_account:44 - 收到的exchange参数: %s
2025-07-06 15:34:21 | INFO     | __main__:get_account:46 - ex实例类型: %s
2025-07-06 15:34:21 | INFO     | __main__:get_account:48 - web_app.py用的BACKPACK_API_KEY: %s
2025-07-06 15:34:21 | INFO     | __main__:get_account:49 - web_app.py用的BACKPACK_API_SECRET: %s
2025-07-06 15:34:21 | INFO     | __main__:get_account:44 - 收到的exchange参数: %s
2025-07-06 15:34:21 | INFO     | __main__:get_account:46 - ex实例类型: %s
2025-07-06 15:34:21 | INFO     | __main__:get_account:48 - web_app.py用的BACKPACK_API_KEY: %s
2025-07-06 15:34:21 | INFO     | __main__:get_account:49 - web_app.py用的BACKPACK_API_SECRET: %s
2025-07-06 15:34:22 | INFO     | __main__:get_account:44 - 收到的exchange参数: %s
2025-07-06 15:34:22 | INFO     | __main__:get_account:46 - ex实例类型: %s
2025-07-06 15:34:22 | INFO     | __main__:get_account:48 - web_app.py用的BACKPACK_API_KEY: %s
2025-07-06 15:34:22 | INFO     | __main__:get_account:49 - web_app.py用的BACKPACK_API_SECRET: %s
2025-07-06 15:34:22 | INFO     | __main__:get_account:44 - 收到的exchange参数: %s
2025-07-06 15:34:22 | INFO     | __main__:get_account:46 - ex实例类型: %s
2025-07-06 15:34:22 | INFO     | __main__:get_account:48 - web_app.py用的BACKPACK_API_KEY: %s
2025-07-06 15:34:22 | INFO     | __main__:get_account:49 - web_app.py用的BACKPACK_API_SECRET: %s
2025-07-06 15:34:23 | INFO     | __main__:get_account:44 - 收到的exchange参数: %s
2025-07-06 15:34:23 | INFO     | __main__:get_account:46 - ex实例类型: %s
2025-07-06 15:34:23 | INFO     | __main__:get_account:48 - web_app.py用的BACKPACK_API_KEY: %s
2025-07-06 15:34:23 | INFO     | __main__:get_account:49 - web_app.py用的BACKPACK_API_SECRET: %s
2025-07-06 15:34:23 | INFO     | __main__:get_account:44 - 收到的exchange参数: %s
2025-07-06 15:34:23 | INFO     | __main__:get_account:44 - 收到的exchange参数: %s
2025-07-06 15:34:23 | INFO     | __main__:get_account:46 - ex实例类型: %s
2025-07-06 15:34:23 | INFO     | __main__:get_account:48 - web_app.py用的BACKPACK_API_KEY: %s
2025-07-06 15:34:23 | INFO     | __main__:get_account:49 - web_app.py用的BACKPACK_API_SECRET: %s
2025-07-06 15:34:23 | INFO     | __main__:get_account:46 - ex实例类型: %s
2025-07-06 15:34:23 | INFO     | __main__:get_account:48 - web_app.py用的BACKPACK_API_KEY: %s
2025-07-06 15:34:23 | INFO     | __main__:get_account:49 - web_app.py用的BACKPACK_API_SECRET: %s
2025-07-06 15:34:24 | INFO     | __main__:get_account:44 - 收到的exchange参数: %s
2025-07-06 15:34:24 | INFO     | __main__:get_account:46 - ex实例类型: %s
2025-07-06 15:34:24 | INFO     | __main__:get_account:48 - web_app.py用的BACKPACK_API_KEY: %s
2025-07-06 15:34:24 | INFO     | __main__:get_account:49 - web_app.py用的BACKPACK_API_SECRET: %s
2025-07-06 15:34:24 | INFO     | __main__:get_account:44 - 收到的exchange参数: %s
2025-07-06 15:34:24 | INFO     | __main__:get_account:46 - ex实例类型: %s
2025-07-06 15:34:24 | INFO     | __main__:get_account:48 - web_app.py用的BACKPACK_API_KEY: %s
2025-07-06 15:34:24 | INFO     | __main__:get_account:49 - web_app.py用的BACKPACK_API_SECRET: %s
2025-07-06 15:34:25 | INFO     | __main__:get_account:44 - 收到的exchange参数: %s
2025-07-06 15:34:25 | INFO     | __main__:get_account:46 - ex实例类型: %s
2025-07-06 15:34:25 | INFO     | __main__:get_account:48 - web_app.py用的BACKPACK_API_KEY: %s
2025-07-06 15:34:25 | INFO     | __main__:get_account:49 - web_app.py用的BACKPACK_API_SECRET: %s
2025-07-06 15:34:27 | INFO     | __main__:get_account:44 - 收到的exchange参数: %s
2025-07-06 15:34:27 | INFO     | __main__:get_account:46 - ex实例类型: %s
2025-07-06 15:34:27 | INFO     | __main__:get_account:48 - web_app.py用的BACKPACK_API_KEY: %s
2025-07-06 15:34:27 | INFO     | __main__:get_account:49 - web_app.py用的BACKPACK_API_SECRET: %s
2025-07-06 15:34:27 | INFO     | __main__:get_account:44 - 收到的exchange参数: %s
2025-07-06 15:34:27 | INFO     | __main__:get_account:46 - ex实例类型: %s
2025-07-06 15:34:27 | INFO     | __main__:get_account:48 - web_app.py用的BACKPACK_API_KEY: %s
2025-07-06 15:34:27 | INFO     | __main__:get_account:49 - web_app.py用的BACKPACK_API_SECRET: %s
2025-07-06 15:34:28 | INFO     | __main__:get_account:44 - 收到的exchange参数: %s
2025-07-06 15:34:28 | INFO     | __main__:get_account:46 - ex实例类型: %s
2025-07-06 15:34:28 | INFO     | __main__:get_account:48 - web_app.py用的BACKPACK_API_KEY: %s
2025-07-06 15:34:28 | INFO     | __main__:get_account:49 - web_app.py用的BACKPACK_API_SECRET: %s
2025-07-06 15:34:28 | INFO     | __main__:get_account:44 - 收到的exchange参数: %s
2025-07-06 15:34:28 | INFO     | __main__:get_account:46 - ex实例类型: %s
2025-07-06 15:34:28 | INFO     | __main__:get_account:48 - web_app.py用的BACKPACK_API_KEY: %s
2025-07-06 15:34:28 | INFO     | __main__:get_account:49 - web_app.py用的BACKPACK_API_SECRET: %s
2025-07-06 15:34:28 | INFO     | __main__:get_account:44 - 收到的exchange参数: %s
2025-07-06 15:34:28 | INFO     | __main__:get_account:46 - ex实例类型: %s
2025-07-06 15:34:28 | INFO     | __main__:get_account:48 - web_app.py用的BACKPACK_API_KEY: %s
2025-07-06 15:34:28 | INFO     | __main__:get_account:49 - web_app.py用的BACKPACK_API_SECRET: %s
2025-07-06 15:34:29 | INFO     | __main__:get_account:44 - 收到的exchange参数: %s
2025-07-06 15:34:29 | INFO     | __main__:get_account:46 - ex实例类型: %s
2025-07-06 15:34:29 | INFO     | __main__:get_account:48 - web_app.py用的BACKPACK_API_KEY: %s
2025-07-06 15:34:29 | INFO     | __main__:get_account:49 - web_app.py用的BACKPACK_API_SECRET: %s
2025-07-06 15:34:29 | INFO     | __main__:get_account:44 - 收到的exchange参数: %s
2025-07-06 15:34:29 | INFO     | __main__:get_account:46 - ex实例类型: %s
2025-07-06 15:34:29 | INFO     | __main__:get_account:48 - web_app.py用的BACKPACK_API_KEY: %s
2025-07-06 15:34:29 | INFO     | __main__:get_account:49 - web_app.py用的BACKPACK_API_SECRET: %s
2025-07-06 15:34:31 | INFO     | __main__:get_account:44 - 收到的exchange参数: %s
2025-07-06 15:34:31 | INFO     | __main__:get_account:46 - ex实例类型: %s
2025-07-06 15:34:31 | INFO     | __main__:get_account:48 - web_app.py用的BACKPACK_API_KEY: %s
2025-07-06 15:34:31 | INFO     | __main__:get_account:49 - web_app.py用的BACKPACK_API_SECRET: %s
2025-07-06 15:34:31 | INFO     | __main__:get_account:44 - 收到的exchange参数: %s
2025-07-06 15:34:31 | INFO     | __main__:get_account:46 - ex实例类型: %s
2025-07-06 15:34:31 | INFO     | __main__:get_account:48 - web_app.py用的BACKPACK_API_KEY: %s
2025-07-06 15:34:31 | INFO     | __main__:get_account:49 - web_app.py用的BACKPACK_API_SECRET: %s
2025-07-06 15:34:32 | INFO     | __main__:get_account:44 - 收到的exchange参数: %s
2025-07-06 15:34:32 | INFO     | __main__:get_account:46 - ex实例类型: %s
2025-07-06 15:34:32 | INFO     | __main__:get_account:48 - web_app.py用的BACKPACK_API_KEY: %s
2025-07-06 15:34:32 | INFO     | __main__:get_account:49 - web_app.py用的BACKPACK_API_SECRET: %s
2025-07-06 15:34:32 | INFO     | __main__:get_account:44 - 收到的exchange参数: %s
2025-07-06 15:34:32 | INFO     | __main__:get_account:46 - ex实例类型: %s
2025-07-06 15:34:32 | INFO     | __main__:get_account:48 - web_app.py用的BACKPACK_API_KEY: %s
2025-07-06 15:34:32 | INFO     | __main__:get_account:49 - web_app.py用的BACKPACK_API_SECRET: %s
2025-07-06 15:34:33 | INFO     | __main__:get_account:44 - 收到的exchange参数: %s
2025-07-06 15:34:33 | INFO     | __main__:get_account:46 - ex实例类型: %s
2025-07-06 15:34:33 | INFO     | __main__:get_account:48 - web_app.py用的BACKPACK_API_KEY: %s
2025-07-06 15:34:33 | INFO     | __main__:get_account:49 - web_app.py用的BACKPACK_API_SECRET: %s
2025-07-06 15:34:33 | INFO     | __main__:get_account:44 - 收到的exchange参数: %s
2025-07-06 15:34:33 | INFO     | __main__:get_account:46 - ex实例类型: %s
2025-07-06 15:34:33 | INFO     | __main__:get_account:48 - web_app.py用的BACKPACK_API_KEY: %s
2025-07-06 15:34:33 | INFO     | __main__:get_account:49 - web_app.py用的BACKPACK_API_SECRET: %s
2025-07-06 15:34:34 | INFO     | __main__:get_account:44 - 收到的exchange参数: %s
2025-07-06 15:34:34 | INFO     | __main__:get_account:46 - ex实例类型: %s
2025-07-06 15:34:34 | INFO     | __main__:get_account:48 - web_app.py用的BACKPACK_API_KEY: %s
2025-07-06 15:34:34 | INFO     | __main__:get_account:49 - web_app.py用的BACKPACK_API_SECRET: %s
2025-07-06 15:34:34 | INFO     | __main__:get_account:44 - 收到的exchange参数: %s
2025-07-06 15:34:34 | INFO     | __main__:get_account:46 - ex实例类型: %s
2025-07-06 15:34:34 | INFO     | __main__:get_account:48 - web_app.py用的BACKPACK_API_KEY: %s
2025-07-06 15:34:34 | INFO     | __main__:get_account:49 - web_app.py用的BACKPACK_API_SECRET: %s
2025-07-06 15:34:35 | INFO     | __main__:get_account:44 - 收到的exchange参数: %s
2025-07-06 15:34:35 | INFO     | __main__:get_account:46 - ex实例类型: %s
2025-07-06 15:34:35 | INFO     | __main__:get_account:48 - web_app.py用的BACKPACK_API_KEY: %s
2025-07-06 15:34:35 | INFO     | __main__:get_account:49 - web_app.py用的BACKPACK_API_SECRET: %s
2025-07-06 15:34:35 | INFO     | __main__:get_account:44 - 收到的exchange参数: %s
2025-07-06 15:34:35 | INFO     | __main__:get_account:46 - ex实例类型: %s
2025-07-06 15:34:35 | INFO     | __main__:get_account:48 - web_app.py用的BACKPACK_API_KEY: %s
2025-07-06 15:34:35 | INFO     | __main__:get_account:49 - web_app.py用的BACKPACK_API_SECRET: %s
2025-07-06 15:34:36 | INFO     | __main__:get_account:44 - 收到的exchange参数: %s
2025-07-06 15:34:36 | INFO     | __main__:get_account:46 - ex实例类型: %s
2025-07-06 15:34:36 | INFO     | __main__:get_account:48 - web_app.py用的BACKPACK_API_KEY: %s
2025-07-06 15:34:36 | INFO     | __main__:get_account:49 - web_app.py用的BACKPACK_API_SECRET: %s
2025-07-06 15:34:36 | INFO     | __main__:get_account:44 - 收到的exchange参数: %s
2025-07-06 15:34:36 | INFO     | __main__:get_account:46 - ex实例类型: %s
2025-07-06 15:34:36 | INFO     | __main__:get_account:48 - web_app.py用的BACKPACK_API_KEY: %s
2025-07-06 15:34:36 | INFO     | __main__:get_account:49 - web_app.py用的BACKPACK_API_SECRET: %s
2025-07-06 15:34:37 | INFO     | __main__:get_account:44 - 收到的exchange参数: %s
2025-07-06 15:34:37 | INFO     | __main__:get_account:46 - ex实例类型: %s
2025-07-06 15:34:37 | INFO     | __main__:get_account:48 - web_app.py用的BACKPACK_API_KEY: %s
2025-07-06 15:34:37 | INFO     | __main__:get_account:49 - web_app.py用的BACKPACK_API_SECRET: %s
2025-07-06 15:34:38 | INFO     | __main__:get_account:44 - 收到的exchange参数: %s
2025-07-06 15:34:38 | INFO     | __main__:get_account:46 - ex实例类型: %s
2025-07-06 15:34:38 | INFO     | __main__:get_account:48 - web_app.py用的BACKPACK_API_KEY: %s
2025-07-06 15:34:38 | INFO     | __main__:get_account:49 - web_app.py用的BACKPACK_API_SECRET: %s
2025-07-06 15:34:38 | INFO     | __main__:get_account:44 - 收到的exchange参数: %s
2025-07-06 15:34:38 | INFO     | __main__:get_account:46 - ex实例类型: %s
2025-07-06 15:34:38 | INFO     | __main__:get_account:44 - 收到的exchange参数: %s
2025-07-06 15:34:38 | INFO     | __main__:get_account:48 - web_app.py用的BACKPACK_API_KEY: %s
2025-07-06 15:34:38 | INFO     | __main__:get_account:49 - web_app.py用的BACKPACK_API_SECRET: %s
2025-07-06 15:34:38 | INFO     | __main__:get_account:46 - ex实例类型: %s
2025-07-06 15:34:38 | INFO     | __main__:get_account:48 - web_app.py用的BACKPACK_API_KEY: %s
2025-07-06 15:34:38 | INFO     | __main__:get_account:49 - web_app.py用的BACKPACK_API_SECRET: %s
2025-07-06 15:34:39 | INFO     | __main__:get_account:44 - 收到的exchange参数: %s
2025-07-06 15:34:39 | INFO     | __main__:get_account:46 - ex实例类型: %s
2025-07-06 15:34:39 | INFO     | __main__:get_account:48 - web_app.py用的BACKPACK_API_KEY: %s
2025-07-06 15:34:39 | INFO     | __main__:get_account:49 - web_app.py用的BACKPACK_API_SECRET: %s
2025-07-06 15:34:39 | INFO     | __main__:get_account:44 - 收到的exchange参数: %s
2025-07-06 15:34:39 | INFO     | __main__:get_account:46 - ex实例类型: %s
2025-07-06 15:34:39 | INFO     | __main__:get_account:48 - web_app.py用的BACKPACK_API_KEY: %s
2025-07-06 15:34:39 | INFO     | __main__:get_account:49 - web_app.py用的BACKPACK_API_SECRET: %s
2025-07-06 15:34:40 | INFO     | __main__:get_account:44 - 收到的exchange参数: %s
2025-07-06 15:34:40 | INFO     | __main__:get_account:46 - ex实例类型: %s
2025-07-06 15:34:40 | INFO     | __main__:get_account:48 - web_app.py用的BACKPACK_API_KEY: %s
2025-07-06 15:34:40 | INFO     | __main__:get_account:49 - web_app.py用的BACKPACK_API_SECRET: %s
2025-07-06 15:34:41 | INFO     | __main__:get_account:44 - 收到的exchange参数: %s
2025-07-06 15:34:41 | INFO     | __main__:get_account:46 - ex实例类型: %s
2025-07-06 15:34:41 | INFO     | __main__:get_account:48 - web_app.py用的BACKPACK_API_KEY: %s
2025-07-06 15:34:41 | INFO     | __main__:get_account:49 - web_app.py用的BACKPACK_API_SECRET: %s
2025-07-06 15:34:42 | INFO     | __main__:get_account:44 - 收到的exchange参数: %s
2025-07-06 15:34:42 | INFO     | __main__:get_account:46 - ex实例类型: %s
2025-07-06 15:34:42 | INFO     | __main__:get_account:48 - web_app.py用的BACKPACK_API_KEY: %s
2025-07-06 15:34:42 | INFO     | __main__:get_account:49 - web_app.py用的BACKPACK_API_SECRET: %s
2025-07-06 15:34:43 | INFO     | __main__:get_account:44 - 收到的exchange参数: %s
2025-07-06 15:34:43 | INFO     | __main__:get_account:46 - ex实例类型: %s
2025-07-06 15:34:43 | INFO     | __main__:get_account:48 - web_app.py用的BACKPACK_API_KEY: %s
2025-07-06 15:34:43 | INFO     | __main__:get_account:49 - web_app.py用的BACKPACK_API_SECRET: %s
2025-07-06 15:34:43 | INFO     | __main__:get_account:44 - 收到的exchange参数: %s
2025-07-06 15:34:43 | INFO     | __main__:get_account:46 - ex实例类型: %s
2025-07-06 15:34:43 | INFO     | __main__:get_account:48 - web_app.py用的BACKPACK_API_KEY: %s
2025-07-06 15:34:43 | INFO     | __main__:get_account:49 - web_app.py用的BACKPACK_API_SECRET: %s
2025-07-06 15:34:43 | INFO     | __main__:get_account:44 - 收到的exchange参数: %s
2025-07-06 15:34:43 | INFO     | __main__:get_account:46 - ex实例类型: %s
2025-07-06 15:34:43 | INFO     | __main__:get_account:48 - web_app.py用的BACKPACK_API_KEY: %s
2025-07-06 15:34:43 | INFO     | __main__:get_account:49 - web_app.py用的BACKPACK_API_SECRET: %s
2025-07-06 15:34:45 | INFO     | __main__:get_account:44 - 收到的exchange参数: %s
2025-07-06 15:34:45 | INFO     | __main__:get_account:46 - ex实例类型: %s
2025-07-06 15:34:45 | INFO     | __main__:get_account:48 - web_app.py用的BACKPACK_API_KEY: %s
2025-07-06 15:34:45 | INFO     | __main__:get_account:49 - web_app.py用的BACKPACK_API_SECRET: %s
2025-07-06 15:34:45 | INFO     | __main__:get_account:44 - 收到的exchange参数: %s
2025-07-06 15:34:45 | INFO     | __main__:get_account:46 - ex实例类型: %s
2025-07-06 15:34:45 | INFO     | __main__:get_account:48 - web_app.py用的BACKPACK_API_KEY: %s
2025-07-06 15:34:45 | INFO     | __main__:get_account:49 - web_app.py用的BACKPACK_API_SECRET: %s
2025-07-06 15:34:46 | INFO     | __main__:get_account:44 - 收到的exchange参数: %s
2025-07-06 15:34:46 | INFO     | __main__:get_account:46 - ex实例类型: %s
2025-07-06 15:34:46 | INFO     | __main__:get_account:48 - web_app.py用的BACKPACK_API_KEY: %s
2025-07-06 15:34:46 | INFO     | __main__:get_account:49 - web_app.py用的BACKPACK_API_SECRET: %s
2025-07-06 15:34:46 | INFO     | __main__:get_account:44 - 收到的exchange参数: %s
2025-07-06 15:34:46 | INFO     | __main__:get_account:46 - ex实例类型: %s
2025-07-06 15:34:46 | INFO     | __main__:get_account:48 - web_app.py用的BACKPACK_API_KEY: %s
2025-07-06 15:34:46 | INFO     | __main__:get_account:49 - web_app.py用的BACKPACK_API_SECRET: %s
2025-07-06 15:34:47 | INFO     | __main__:get_account:44 - 收到的exchange参数: %s
2025-07-06 15:34:47 | INFO     | __main__:get_account:46 - ex实例类型: %s
2025-07-06 15:34:47 | INFO     | __main__:get_account:48 - web_app.py用的BACKPACK_API_KEY: %s
2025-07-06 15:34:47 | INFO     | __main__:get_account:49 - web_app.py用的BACKPACK_API_SECRET: %s
2025-07-06 15:34:48 | INFO     | __main__:get_account:44 - 收到的exchange参数: %s
2025-07-06 15:34:48 | INFO     | __main__:get_account:46 - ex实例类型: %s
2025-07-06 15:34:48 | INFO     | __main__:get_account:48 - web_app.py用的BACKPACK_API_KEY: %s
2025-07-06 15:34:48 | INFO     | __main__:get_account:49 - web_app.py用的BACKPACK_API_SECRET: %s
2025-07-06 15:34:48 | INFO     | __main__:get_account:44 - 收到的exchange参数: %s
2025-07-06 15:34:48 | INFO     | __main__:get_account:46 - ex实例类型: %s
2025-07-06 15:34:48 | INFO     | __main__:get_account:48 - web_app.py用的BACKPACK_API_KEY: %s
2025-07-06 15:34:48 | INFO     | __main__:get_account:49 - web_app.py用的BACKPACK_API_SECRET: %s
2025-07-06 15:34:49 | INFO     | __main__:get_account:44 - 收到的exchange参数: %s
2025-07-06 15:34:49 | INFO     | __main__:get_account:46 - ex实例类型: %s
2025-07-06 15:34:49 | INFO     | __main__:get_account:48 - web_app.py用的BACKPACK_API_KEY: %s
2025-07-06 15:34:49 | INFO     | __main__:get_account:49 - web_app.py用的BACKPACK_API_SECRET: %s
2025-07-06 15:34:49 | INFO     | __main__:get_account:44 - 收到的exchange参数: %s
2025-07-06 15:34:49 | INFO     | __main__:get_account:46 - ex实例类型: %s
2025-07-06 15:34:49 | INFO     | __main__:get_account:48 - web_app.py用的BACKPACK_API_KEY: %s
2025-07-06 15:34:49 | INFO     | __main__:get_account:49 - web_app.py用的BACKPACK_API_SECRET: %s
2025-07-06 15:34:50 | INFO     | __main__:get_account:44 - 收到的exchange参数: %s
2025-07-06 15:34:50 | INFO     | __main__:get_account:46 - ex实例类型: %s
2025-07-06 15:34:50 | INFO     | __main__:get_account:48 - web_app.py用的BACKPACK_API_KEY: %s
2025-07-06 15:34:50 | INFO     | __main__:get_account:49 - web_app.py用的BACKPACK_API_SECRET: %s
2025-07-06 15:34:50 | INFO     | __main__:get_account:44 - 收到的exchange参数: %s
2025-07-06 15:34:50 | INFO     | __main__:get_account:46 - ex实例类型: %s
2025-07-06 15:34:50 | INFO     | __main__:get_account:48 - web_app.py用的BACKPACK_API_KEY: %s
2025-07-06 15:34:50 | INFO     | __main__:get_account:49 - web_app.py用的BACKPACK_API_SECRET: %s
2025-07-06 15:34:51 | INFO     | __main__:get_account:44 - 收到的exchange参数: %s
2025-07-06 15:34:51 | INFO     | __main__:get_account:46 - ex实例类型: %s
2025-07-06 15:34:51 | INFO     | __main__:get_account:48 - web_app.py用的BACKPACK_API_KEY: %s
2025-07-06 15:34:51 | INFO     | __main__:get_account:49 - web_app.py用的BACKPACK_API_SECRET: %s
2025-07-06 15:34:52 | INFO     | __main__:get_account:44 - 收到的exchange参数: %s
2025-07-06 15:34:52 | INFO     | __main__:get_account:46 - ex实例类型: %s
2025-07-06 15:34:52 | INFO     | __main__:get_account:48 - web_app.py用的BACKPACK_API_KEY: %s
2025-07-06 15:34:52 | INFO     | __main__:get_account:49 - web_app.py用的BACKPACK_API_SECRET: %s
2025-07-06 15:34:53 | INFO     | __main__:get_account:44 - 收到的exchange参数: %s
2025-07-06 15:34:53 | INFO     | __main__:get_account:46 - ex实例类型: %s
2025-07-06 15:34:53 | INFO     | __main__:get_account:48 - web_app.py用的BACKPACK_API_KEY: %s
2025-07-06 15:34:53 | INFO     | __main__:get_account:49 - web_app.py用的BACKPACK_API_SECRET: %s
2025-07-06 15:34:53 | INFO     | __main__:get_account:44 - 收到的exchange参数: %s
2025-07-06 15:34:53 | INFO     | __main__:get_account:44 - 收到的exchange参数: %s
2025-07-06 15:34:53 | INFO     | __main__:get_account:46 - ex实例类型: %s
2025-07-06 15:34:53 | INFO     | __main__:get_account:48 - web_app.py用的BACKPACK_API_KEY: %s
2025-07-06 15:34:53 | INFO     | __main__:get_account:46 - ex实例类型: %s
2025-07-06 15:34:53 | INFO     | __main__:get_account:44 - 收到的exchange参数: %s
2025-07-06 15:34:53 | INFO     | __main__:get_account:46 - ex实例类型: %s
2025-07-06 15:34:53 | INFO     | __main__:get_account:48 - web_app.py用的BACKPACK_API_KEY: %s
2025-07-06 15:34:53 | INFO     | __main__:get_account:49 - web_app.py用的BACKPACK_API_SECRET: %s
2025-07-06 15:34:53 | INFO     | __main__:get_account:49 - web_app.py用的BACKPACK_API_SECRET: %s
2025-07-06 15:34:53 | INFO     | __main__:get_account:48 - web_app.py用的BACKPACK_API_KEY: %s
2025-07-06 15:34:53 | INFO     | __main__:get_account:49 - web_app.py用的BACKPACK_API_SECRET: %s
2025-07-06 15:34:56 | INFO     | __main__:get_account:44 - 收到的exchange参数: %s
2025-07-06 15:34:56 | INFO     | __main__:get_account:46 - ex实例类型: %s
2025-07-06 15:34:56 | INFO     | __main__:get_account:48 - web_app.py用的BACKPACK_API_KEY: %s
2025-07-06 15:34:56 | INFO     | __main__:get_account:49 - web_app.py用的BACKPACK_API_SECRET: %s
2025-07-06 15:34:56 | INFO     | __main__:get_account:44 - 收到的exchange参数: %s
2025-07-06 15:34:56 | INFO     | __main__:get_account:46 - ex实例类型: %s
2025-07-06 15:34:56 | INFO     | __main__:get_account:48 - web_app.py用的BACKPACK_API_KEY: %s
2025-07-06 15:34:56 | INFO     | __main__:get_account:49 - web_app.py用的BACKPACK_API_SECRET: %s
2025-07-06 15:34:56 | INFO     | __main__:get_account:44 - 收到的exchange参数: %s
2025-07-06 15:34:56 | INFO     | __main__:get_account:46 - ex实例类型: %s
2025-07-06 15:34:56 | INFO     | __main__:get_account:48 - web_app.py用的BACKPACK_API_KEY: %s
2025-07-06 15:34:56 | INFO     | __main__:get_account:49 - web_app.py用的BACKPACK_API_SECRET: %s
2025-07-06 15:34:56 | INFO     | __main__:get_account:44 - 收到的exchange参数: %s
2025-07-06 15:34:56 | INFO     | __main__:get_account:46 - ex实例类型: %s
2025-07-06 15:34:56 | INFO     | __main__:get_account:48 - web_app.py用的BACKPACK_API_KEY: %s
2025-07-06 15:34:56 | INFO     | __main__:get_account:49 - web_app.py用的BACKPACK_API_SECRET: %s
2025-07-06 15:34:58 | INFO     | __main__:get_account:44 - 收到的exchange参数: %s
2025-07-06 15:34:58 | INFO     | __main__:get_account:46 - ex实例类型: %s
2025-07-06 15:34:58 | INFO     | __main__:get_account:48 - web_app.py用的BACKPACK_API_KEY: %s
2025-07-06 15:34:58 | INFO     | __main__:get_account:49 - web_app.py用的BACKPACK_API_SECRET: %s
2025-07-06 15:34:59 | INFO     | __main__:get_account:44 - 收到的exchange参数: %s
2025-07-06 15:34:59 | INFO     | __main__:get_account:46 - ex实例类型: %s
2025-07-06 15:34:59 | INFO     | __main__:get_account:48 - web_app.py用的BACKPACK_API_KEY: %s
2025-07-06 15:34:59 | INFO     | __main__:get_account:49 - web_app.py用的BACKPACK_API_SECRET: %s
2025-07-06 15:35:01 | INFO     | __main__:get_account:44 - 收到的exchange参数: %s
2025-07-06 15:35:01 | INFO     | __main__:get_account:46 - ex实例类型: %s
2025-07-06 15:35:01 | INFO     | __main__:get_account:48 - web_app.py用的BACKPACK_API_KEY: %s
2025-07-06 15:35:01 | INFO     | __main__:get_account:49 - web_app.py用的BACKPACK_API_SECRET: %s
2025-07-06 15:35:01 | INFO     | __main__:get_account:44 - 收到的exchange参数: %s
2025-07-06 15:35:01 | INFO     | __main__:get_account:46 - ex实例类型: %s
2025-07-06 15:35:01 | INFO     | __main__:get_account:48 - web_app.py用的BACKPACK_API_KEY: %s
2025-07-06 15:35:01 | INFO     | __main__:get_account:49 - web_app.py用的BACKPACK_API_SECRET: %s
2025-07-06 15:35:03 | INFO     | __main__:get_account:44 - 收到的exchange参数: %s
2025-07-06 15:35:03 | INFO     | __main__:get_account:46 - ex实例类型: %s
2025-07-06 15:35:03 | INFO     | __main__:get_account:48 - web_app.py用的BACKPACK_API_KEY: %s
2025-07-06 15:35:03 | INFO     | __main__:get_account:49 - web_app.py用的BACKPACK_API_SECRET: %s
2025-07-06 15:35:03 | INFO     | __main__:get_account:44 - 收到的exchange参数: %s
2025-07-06 15:35:03 | INFO     | __main__:get_account:46 - ex实例类型: %s
2025-07-06 15:35:03 | INFO     | __main__:get_account:48 - web_app.py用的BACKPACK_API_KEY: %s
2025-07-06 15:35:03 | INFO     | __main__:get_account:49 - web_app.py用的BACKPACK_API_SECRET: %s
2025-07-06 15:35:04 | INFO     | __main__:get_account:44 - 收到的exchange参数: %s
2025-07-06 15:35:04 | INFO     | __main__:get_account:46 - ex实例类型: %s
2025-07-06 15:35:04 | INFO     | __main__:get_account:48 - web_app.py用的BACKPACK_API_KEY: %s
2025-07-06 15:35:04 | INFO     | __main__:get_account:49 - web_app.py用的BACKPACK_API_SECRET: %s
2025-07-06 15:35:04 | INFO     | __main__:get_account:44 - 收到的exchange参数: %s
2025-07-06 15:35:04 | INFO     | __main__:get_account:46 - ex实例类型: %s
2025-07-06 15:35:04 | INFO     | __main__:get_account:48 - web_app.py用的BACKPACK_API_KEY: %s
2025-07-06 15:35:04 | INFO     | __main__:get_account:49 - web_app.py用的BACKPACK_API_SECRET: %s
2025-07-06 15:35:05 | INFO     | __main__:get_account:44 - 收到的exchange参数: %s
2025-07-06 15:35:05 | INFO     | __main__:get_account:46 - ex实例类型: %s
2025-07-06 15:35:05 | INFO     | __main__:get_account:48 - web_app.py用的BACKPACK_API_KEY: %s
2025-07-06 15:35:05 | INFO     | __main__:get_account:49 - web_app.py用的BACKPACK_API_SECRET: %s
2025-07-06 15:35:07 | INFO     | __main__:get_account:44 - 收到的exchange参数: %s
2025-07-06 15:35:07 | INFO     | __main__:get_account:46 - ex实例类型: %s
2025-07-06 15:35:07 | INFO     | __main__:get_account:48 - web_app.py用的BACKPACK_API_KEY: %s
2025-07-06 15:35:07 | INFO     | __main__:get_account:49 - web_app.py用的BACKPACK_API_SECRET: %s
2025-07-06 15:35:08 | INFO     | __main__:get_account:44 - 收到的exchange参数: %s
2025-07-06 15:35:08 | INFO     | __main__:get_account:46 - ex实例类型: %s
2025-07-06 15:35:08 | INFO     | __main__:get_account:48 - web_app.py用的BACKPACK_API_KEY: %s
2025-07-06 15:35:08 | INFO     | __main__:get_account:49 - web_app.py用的BACKPACK_API_SECRET: %s
2025-07-06 15:35:08 | INFO     | __main__:get_account:44 - 收到的exchange参数: %s
2025-07-06 15:35:08 | INFO     | __main__:get_account:46 - ex实例类型: %s
2025-07-06 15:35:08 | INFO     | __main__:get_account:48 - web_app.py用的BACKPACK_API_KEY: %s
2025-07-06 15:35:08 | INFO     | __main__:get_account:49 - web_app.py用的BACKPACK_API_SECRET: %s
2025-07-06 15:35:08 | INFO     | __main__:get_account:44 - 收到的exchange参数: %s
2025-07-06 15:35:08 | INFO     | __main__:get_account:46 - ex实例类型: %s
2025-07-06 15:35:08 | INFO     | __main__:get_account:48 - web_app.py用的BACKPACK_API_KEY: %s
2025-07-06 15:35:08 | INFO     | __main__:get_account:49 - web_app.py用的BACKPACK_API_SECRET: %s
2025-07-06 15:35:11 | INFO     | __main__:get_account:44 - 收到的exchange参数: %s
2025-07-06 15:35:11 | INFO     | __main__:get_account:46 - ex实例类型: %s
2025-07-06 15:35:11 | INFO     | __main__:get_account:48 - web_app.py用的BACKPACK_API_KEY: %s
2025-07-06 15:35:11 | INFO     | __main__:get_account:49 - web_app.py用的BACKPACK_API_SECRET: %s
2025-07-06 15:35:12 | INFO     | __main__:get_account:44 - 收到的exchange参数: %s
2025-07-06 15:35:12 | INFO     | __main__:get_account:46 - ex实例类型: %s
2025-07-06 15:35:12 | INFO     | __main__:get_account:48 - web_app.py用的BACKPACK_API_KEY: %s
2025-07-06 15:35:12 | INFO     | __main__:get_account:49 - web_app.py用的BACKPACK_API_SECRET: %s
2025-07-06 15:35:13 | INFO     | __main__:get_account:44 - 收到的exchange参数: %s
2025-07-06 15:35:13 | INFO     | __main__:get_account:46 - ex实例类型: %s
2025-07-06 15:35:13 | INFO     | __main__:get_account:48 - web_app.py用的BACKPACK_API_KEY: %s
2025-07-06 15:35:13 | INFO     | __main__:get_account:49 - web_app.py用的BACKPACK_API_SECRET: %s
2025-07-06 15:35:15 | INFO     | __main__:get_account:44 - 收到的exchange参数: %s
2025-07-06 15:35:15 | INFO     | __main__:get_account:46 - ex实例类型: %s
2025-07-06 15:35:15 | INFO     | __main__:get_account:48 - web_app.py用的BACKPACK_API_KEY: %s
2025-07-06 15:35:15 | INFO     | __main__:get_account:49 - web_app.py用的BACKPACK_API_SECRET: %s
2025-07-06 15:35:17 | INFO     | __main__:get_account:44 - 收到的exchange参数: %s
2025-07-06 15:35:17 | INFO     | __main__:get_account:46 - ex实例类型: %s
2025-07-06 15:35:17 | INFO     | __main__:get_account:48 - web_app.py用的BACKPACK_API_KEY: %s
2025-07-06 15:35:17 | INFO     | __main__:get_account:49 - web_app.py用的BACKPACK_API_SECRET: %s
2025-07-06 15:35:19 | INFO     | __main__:get_account:44 - 收到的exchange参数: %s
2025-07-06 15:35:19 | INFO     | __main__:get_account:46 - ex实例类型: %s
2025-07-06 15:35:19 | INFO     | __main__:get_account:48 - web_app.py用的BACKPACK_API_KEY: %s
2025-07-06 15:35:19 | INFO     | __main__:get_account:49 - web_app.py用的BACKPACK_API_SECRET: %s
2025-07-06 15:35:22 | INFO     | __main__:get_account:44 - 收到的exchange参数: %s
2025-07-06 15:35:22 | INFO     | __main__:get_account:46 - ex实例类型: %s
2025-07-06 15:35:22 | INFO     | __main__:get_account:48 - web_app.py用的BACKPACK_API_KEY: %s
2025-07-06 15:35:22 | INFO     | __main__:get_account:49 - web_app.py用的BACKPACK_API_SECRET: %s
2025-07-06 15:35:53 | INFO     | __main__:get_account:44 - 收到的exchange参数: %s
2025-07-06 15:35:53 | INFO     | __main__:get_account:46 - ex实例类型: %s
2025-07-06 15:35:53 | INFO     | __main__:get_account:48 - web_app.py用的BACKPACK_API_KEY: %s
2025-07-06 15:35:53 | INFO     | __main__:get_account:49 - web_app.py用的BACKPACK_API_SECRET: %s
2025-07-06 15:35:53 | INFO     | __main__:get_account:44 - 收到的exchange参数: %s
2025-07-06 15:35:53 | INFO     | __main__:get_account:46 - ex实例类型: %s
2025-07-06 15:35:53 | INFO     | __main__:get_account:48 - web_app.py用的BACKPACK_API_KEY: %s
2025-07-06 15:35:53 | INFO     | __main__:get_account:49 - web_app.py用的BACKPACK_API_SECRET: %s
2025-07-06 15:35:54 | INFO     | __main__:get_account:44 - 收到的exchange参数: %s
2025-07-06 15:35:54 | INFO     | __main__:get_account:46 - ex实例类型: %s
2025-07-06 15:35:54 | INFO     | __main__:get_account:48 - web_app.py用的BACKPACK_API_KEY: %s
2025-07-06 15:35:54 | INFO     | __main__:get_account:49 - web_app.py用的BACKPACK_API_SECRET: %s
2025-07-06 15:35:55 | INFO     | __main__:get_account:44 - 收到的exchange参数: %s
2025-07-06 15:35:55 | INFO     | __main__:get_account:46 - ex实例类型: %s
2025-07-06 15:35:55 | INFO     | __main__:get_account:48 - web_app.py用的BACKPACK_API_KEY: %s
2025-07-06 15:35:55 | INFO     | __main__:get_account:49 - web_app.py用的BACKPACK_API_SECRET: %s
2025-07-06 15:35:56 | INFO     | __main__:get_account:44 - 收到的exchange参数: %s
2025-07-06 15:35:56 | INFO     | __main__:get_account:46 - ex实例类型: %s
2025-07-06 15:35:56 | INFO     | __main__:get_account:48 - web_app.py用的BACKPACK_API_KEY: %s
2025-07-06 15:35:56 | INFO     | __main__:get_account:49 - web_app.py用的BACKPACK_API_SECRET: %s
2025-07-06 15:35:57 | INFO     | __main__:get_account:44 - 收到的exchange参数: %s
2025-07-06 15:35:57 | INFO     | __main__:get_account:46 - ex实例类型: %s
2025-07-06 15:35:57 | INFO     | __main__:get_account:48 - web_app.py用的BACKPACK_API_KEY: %s
2025-07-06 15:35:57 | INFO     | __main__:get_account:49 - web_app.py用的BACKPACK_API_SECRET: %s
2025-07-06 15:36:00 | INFO     | __main__:get_account:44 - 收到的exchange参数: %s
2025-07-06 15:36:00 | INFO     | __main__:get_account:46 - ex实例类型: %s
2025-07-06 15:36:00 | INFO     | __main__:get_account:48 - web_app.py用的BACKPACK_API_KEY: %s
2025-07-06 15:36:00 | INFO     | __main__:get_account:49 - web_app.py用的BACKPACK_API_SECRET: %s
2025-07-06 15:36:04 | INFO     | __main__:get_account:44 - 收到的exchange参数: %s
2025-07-06 15:36:04 | INFO     | __main__:get_account:46 - ex实例类型: %s
2025-07-06 15:36:04 | INFO     | __main__:get_account:48 - web_app.py用的BACKPACK_API_KEY: %s
2025-07-06 15:36:04 | INFO     | __main__:get_account:49 - web_app.py用的BACKPACK_API_SECRET: %s
2025-07-06 15:36:04 | INFO     | __main__:get_account:44 - 收到的exchange参数: %s
2025-07-06 15:36:04 | INFO     | __main__:get_account:46 - ex实例类型: %s
2025-07-06 15:36:04 | INFO     | __main__:get_account:48 - web_app.py用的BACKPACK_API_KEY: %s
2025-07-06 15:36:04 | INFO     | __main__:get_account:49 - web_app.py用的BACKPACK_API_SECRET: %s
2025-07-06 15:36:07 | INFO     | __main__:get_account:44 - 收到的exchange参数: %s
2025-07-06 15:36:07 | INFO     | __main__:get_account:46 - ex实例类型: %s
2025-07-06 15:36:07 | INFO     | __main__:get_account:48 - web_app.py用的BACKPACK_API_KEY: %s
2025-07-06 15:36:07 | INFO     | __main__:get_account:49 - web_app.py用的BACKPACK_API_SECRET: %s
2025-07-06 15:36:53 | INFO     | __main__:get_account:44 - 收到的exchange参数: %s
2025-07-06 15:36:53 | INFO     | __main__:get_account:46 - ex实例类型: %s
2025-07-06 15:36:53 | INFO     | __main__:get_account:44 - 收到的exchange参数: %s
2025-07-06 15:36:53 | INFO     | __main__:get_account:46 - ex实例类型: %s
2025-07-06 15:36:53 | INFO     | __main__:get_account:48 - web_app.py用的BACKPACK_API_KEY: %s
2025-07-06 15:36:53 | INFO     | __main__:get_account:48 - web_app.py用的BACKPACK_API_KEY: %s
2025-07-06 15:36:53 | INFO     | __main__:get_account:49 - web_app.py用的BACKPACK_API_SECRET: %s
2025-07-06 15:36:53 | INFO     | __main__:get_account:49 - web_app.py用的BACKPACK_API_SECRET: %s
2025-07-06 15:36:54 | INFO     | __main__:get_account:44 - 收到的exchange参数: %s
2025-07-06 15:36:54 | INFO     | __main__:get_account:46 - ex实例类型: %s
2025-07-06 15:36:54 | INFO     | __main__:get_account:48 - web_app.py用的BACKPACK_API_KEY: %s
2025-07-06 15:36:54 | INFO     | __main__:get_account:49 - web_app.py用的BACKPACK_API_SECRET: %s
2025-07-06 15:36:55 | INFO     | __main__:get_account:44 - 收到的exchange参数: %s
2025-07-06 15:36:55 | INFO     | __main__:get_account:46 - ex实例类型: %s
2025-07-06 15:36:55 | INFO     | __main__:get_account:48 - web_app.py用的BACKPACK_API_KEY: %s
2025-07-06 15:36:55 | INFO     | __main__:get_account:49 - web_app.py用的BACKPACK_API_SECRET: %s
2025-07-06 15:36:57 | INFO     | __main__:get_account:44 - 收到的exchange参数: %s
2025-07-06 15:36:57 | INFO     | __main__:get_account:46 - ex实例类型: %s
2025-07-06 15:36:57 | INFO     | __main__:get_account:44 - 收到的exchange参数: %s
2025-07-06 15:36:57 | INFO     | __main__:get_account:48 - web_app.py用的BACKPACK_API_KEY: %s
2025-07-06 15:36:57 | INFO     | __main__:get_account:46 - ex实例类型: %s
2025-07-06 15:36:57 | INFO     | __main__:get_account:49 - web_app.py用的BACKPACK_API_SECRET: %s
2025-07-06 15:36:57 | INFO     | __main__:get_account:48 - web_app.py用的BACKPACK_API_KEY: %s
2025-07-06 15:36:57 | INFO     | __main__:get_account:49 - web_app.py用的BACKPACK_API_SECRET: %s
2025-07-06 15:37:00 | INFO     | __main__:get_account:44 - 收到的exchange参数: %s
2025-07-06 15:37:00 | INFO     | __main__:get_account:46 - ex实例类型: %s
2025-07-06 15:37:00 | INFO     | __main__:get_account:48 - web_app.py用的BACKPACK_API_KEY: %s
2025-07-06 15:37:00 | INFO     | __main__:get_account:49 - web_app.py用的BACKPACK_API_SECRET: %s
2025-07-06 15:37:04 | INFO     | __main__:get_account:44 - 收到的exchange参数: %s
2025-07-06 15:37:04 | INFO     | __main__:get_account:46 - ex实例类型: %s
2025-07-06 15:37:04 | INFO     | __main__:get_account:48 - web_app.py用的BACKPACK_API_KEY: %s
2025-07-06 15:37:04 | INFO     | __main__:get_account:49 - web_app.py用的BACKPACK_API_SECRET: %s
2025-07-06 15:37:08 | INFO     | __main__:get_account:44 - 收到的exchange参数: %s
2025-07-06 15:37:08 | INFO     | __main__:get_account:46 - ex实例类型: %s
2025-07-06 15:37:08 | INFO     | __main__:get_account:48 - web_app.py用的BACKPACK_API_KEY: %s
2025-07-06 15:37:08 | INFO     | __main__:get_account:49 - web_app.py用的BACKPACK_API_SECRET: %s
2025-07-06 15:37:53 | INFO     | __main__:get_account:44 - 收到的exchange参数: %s
2025-07-06 15:37:53 | INFO     | __main__:get_account:44 - 收到的exchange参数: %s
2025-07-06 15:37:53 | INFO     | __main__:get_account:46 - ex实例类型: %s
2025-07-06 15:37:53 | INFO     | __main__:get_account:48 - web_app.py用的BACKPACK_API_KEY: %s
2025-07-06 15:37:53 | INFO     | __main__:get_account:49 - web_app.py用的BACKPACK_API_SECRET: %s
2025-07-06 15:37:53 | INFO     | __main__:get_account:46 - ex实例类型: %s
2025-07-06 15:37:53 | INFO     | __main__:get_account:48 - web_app.py用的BACKPACK_API_KEY: %s
2025-07-06 15:37:53 | INFO     | __main__:get_account:49 - web_app.py用的BACKPACK_API_SECRET: %s
2025-07-06 15:37:54 | INFO     | __main__:get_account:44 - 收到的exchange参数: %s
2025-07-06 15:37:54 | INFO     | __main__:get_account:46 - ex实例类型: %s
2025-07-06 15:37:54 | INFO     | __main__:get_account:48 - web_app.py用的BACKPACK_API_KEY: %s
2025-07-06 15:37:54 | INFO     | __main__:get_account:49 - web_app.py用的BACKPACK_API_SECRET: %s
2025-07-06 15:37:55 | INFO     | __main__:get_account:44 - 收到的exchange参数: %s
2025-07-06 15:37:55 | INFO     | __main__:get_account:46 - ex实例类型: %s
2025-07-06 15:37:55 | INFO     | __main__:get_account:48 - web_app.py用的BACKPACK_API_KEY: %s
2025-07-06 15:37:55 | INFO     | __main__:get_account:49 - web_app.py用的BACKPACK_API_SECRET: %s
2025-07-06 15:37:56 | INFO     | __main__:get_account:44 - 收到的exchange参数: %s
2025-07-06 15:37:56 | INFO     | __main__:get_account:46 - ex实例类型: %s
2025-07-06 15:37:56 | INFO     | __main__:get_account:48 - web_app.py用的BACKPACK_API_KEY: %s
2025-07-06 15:37:56 | INFO     | __main__:get_account:49 - web_app.py用的BACKPACK_API_SECRET: %s
2025-07-06 15:37:57 | INFO     | __main__:get_account:44 - 收到的exchange参数: %s
2025-07-06 15:37:57 | INFO     | __main__:get_account:46 - ex实例类型: %s
2025-07-06 15:37:57 | INFO     | __main__:get_account:48 - web_app.py用的BACKPACK_API_KEY: %s
2025-07-06 15:37:57 | INFO     | __main__:get_account:49 - web_app.py用的BACKPACK_API_SECRET: %s
