2025-07-05 22:21:54 | INFO     | __main__:get_account:44 - 收到的exchange参数: %s
2025-07-05 22:21:54 | INFO     | __main__:get_account:44 - 收到的exchange参数: %s
2025-07-05 22:21:54 | INFO     | __main__:get_account:46 - ex实例类型: %s
2025-07-05 22:21:54 | INFO     | __main__:get_account:46 - ex实例类型: %s
2025-07-05 22:21:54 | INFO     | __main__:get_account:48 - web_app.py用的BACKPACK_API_KEY: %s
2025-07-05 22:21:54 | INFO     | __main__:get_account:49 - web_app.py用的BACKPACK_API_SECRET: %s
2025-07-05 22:21:54 | INFO     | __main__:get_account:48 - web_app.py用的BACKPACK_API_KEY: %s
2025-07-05 22:21:54 | INFO     | __main__:get_account:49 - web_app.py用的BACKPACK_API_SECRET: %s
2025-07-05 22:21:55 | INFO     | __main__:get_account:44 - 收到的exchange参数: %s
2025-07-05 22:21:55 | INFO     | __main__:get_account:46 - ex实例类型: %s
2025-07-05 22:21:55 | INFO     | __main__:get_account:48 - web_app.py用的BACKPACK_API_KEY: %s
2025-07-05 22:21:55 | INFO     | __main__:get_account:49 - web_app.py用的BACKPACK_API_SECRET: %s
2025-07-05 22:21:56 | INFO     | __main__:get_account:44 - 收到的exchange参数: %s
2025-07-05 22:21:56 | INFO     | __main__:get_account:46 - ex实例类型: %s
2025-07-05 22:21:56 | INFO     | __main__:get_account:48 - web_app.py用的BACKPACK_API_KEY: %s
2025-07-05 22:21:56 | INFO     | __main__:get_account:49 - web_app.py用的BACKPACK_API_SECRET: %s
2025-07-05 22:21:57 | INFO     | __main__:get_account:44 - 收到的exchange参数: %s
2025-07-05 22:21:57 | INFO     | __main__:get_account:46 - ex实例类型: %s
2025-07-05 22:21:57 | INFO     | __main__:get_account:48 - web_app.py用的BACKPACK_API_KEY: %s
2025-07-05 22:21:57 | INFO     | __main__:get_account:49 - web_app.py用的BACKPACK_API_SECRET: %s
2025-07-05 22:21:57 | INFO     | __main__:get_account:44 - 收到的exchange参数: %s
2025-07-05 22:21:57 | INFO     | __main__:get_account:46 - ex实例类型: %s
2025-07-05 22:21:57 | INFO     | __main__:get_account:48 - web_app.py用的BACKPACK_API_KEY: %s
2025-07-05 22:21:57 | INFO     | __main__:get_account:49 - web_app.py用的BACKPACK_API_SECRET: %s
2025-07-05 22:22:01 | INFO     | __main__:get_account:44 - 收到的exchange参数: %s
2025-07-05 22:22:01 | INFO     | __main__:get_account:46 - ex实例类型: %s
2025-07-05 22:22:01 | INFO     | __main__:get_account:48 - web_app.py用的BACKPACK_API_KEY: %s
2025-07-05 22:22:01 | INFO     | __main__:get_account:49 - web_app.py用的BACKPACK_API_SECRET: %s
2025-07-05 22:22:05 | INFO     | __main__:get_account:44 - 收到的exchange参数: %s
2025-07-05 22:22:05 | INFO     | __main__:get_account:46 - ex实例类型: %s
2025-07-05 22:22:05 | INFO     | __main__:get_account:48 - web_app.py用的BACKPACK_API_KEY: %s
2025-07-05 22:22:05 | INFO     | __main__:get_account:49 - web_app.py用的BACKPACK_API_SECRET: %s
2025-07-05 22:22:08 | INFO     | __main__:get_account:44 - 收到的exchange参数: %s
2025-07-05 22:22:08 | INFO     | __main__:get_account:46 - ex实例类型: %s
2025-07-05 22:22:08 | INFO     | __main__:get_account:48 - web_app.py用的BACKPACK_API_KEY: %s
2025-07-05 22:22:08 | INFO     | __main__:get_account:49 - web_app.py用的BACKPACK_API_SECRET: %s
2025-07-05 22:22:54 | INFO     | __main__:get_account:44 - 收到的exchange参数: %s
2025-07-05 22:22:54 | INFO     | __main__:get_account:44 - 收到的exchange参数: %s
2025-07-05 22:22:54 | INFO     | __main__:get_account:46 - ex实例类型: %s
2025-07-05 22:22:54 | INFO     | __main__:get_account:46 - ex实例类型: %s
2025-07-05 22:22:54 | INFO     | __main__:get_account:48 - web_app.py用的BACKPACK_API_KEY: %s
2025-07-05 22:22:54 | INFO     | __main__:get_account:49 - web_app.py用的BACKPACK_API_SECRET: %s
2025-07-05 22:22:54 | INFO     | __main__:get_account:48 - web_app.py用的BACKPACK_API_KEY: %s
2025-07-05 22:22:54 | INFO     | __main__:get_account:49 - web_app.py用的BACKPACK_API_SECRET: %s
2025-07-05 22:22:55 | INFO     | __main__:get_account:44 - 收到的exchange参数: %s
2025-07-05 22:22:55 | INFO     | __main__:get_account:46 - ex实例类型: %s
2025-07-05 22:22:55 | INFO     | __main__:get_account:48 - web_app.py用的BACKPACK_API_KEY: %s
2025-07-05 22:22:55 | INFO     | __main__:get_account:49 - web_app.py用的BACKPACK_API_SECRET: %s
2025-07-05 22:22:56 | INFO     | __main__:get_account:44 - 收到的exchange参数: %s
2025-07-05 22:22:56 | INFO     | __main__:get_account:46 - ex实例类型: %s
2025-07-05 22:22:56 | INFO     | __main__:get_account:48 - web_app.py用的BACKPACK_API_KEY: %s
2025-07-05 22:22:56 | INFO     | __main__:get_account:49 - web_app.py用的BACKPACK_API_SECRET: %s
2025-07-05 22:22:57 | INFO     | __main__:get_account:44 - 收到的exchange参数: %s
2025-07-05 22:22:57 | INFO     | __main__:get_account:46 - ex实例类型: %s
2025-07-05 22:22:57 | INFO     | __main__:get_account:48 - web_app.py用的BACKPACK_API_KEY: %s
2025-07-05 22:22:57 | INFO     | __main__:get_account:49 - web_app.py用的BACKPACK_API_SECRET: %s
2025-07-05 22:22:58 | INFO     | __main__:get_account:44 - 收到的exchange参数: %s
2025-07-05 22:22:58 | INFO     | __main__:get_account:46 - ex实例类型: %s
2025-07-05 22:22:58 | INFO     | __main__:get_account:48 - web_app.py用的BACKPACK_API_KEY: %s
2025-07-05 22:22:58 | INFO     | __main__:get_account:49 - web_app.py用的BACKPACK_API_SECRET: %s
2025-07-05 22:23:01 | INFO     | __main__:get_account:44 - 收到的exchange参数: %s
2025-07-05 22:23:01 | INFO     | __main__:get_account:46 - ex实例类型: %s
2025-07-05 22:23:01 | INFO     | __main__:get_account:48 - web_app.py用的BACKPACK_API_KEY: %s
2025-07-05 22:23:01 | INFO     | __main__:get_account:49 - web_app.py用的BACKPACK_API_SECRET: %s
2025-07-05 22:23:05 | INFO     | __main__:get_account:44 - 收到的exchange参数: %s
2025-07-05 22:23:05 | INFO     | __main__:get_account:46 - ex实例类型: %s
2025-07-05 22:23:05 | INFO     | __main__:get_account:48 - web_app.py用的BACKPACK_API_KEY: %s
2025-07-05 22:23:05 | INFO     | __main__:get_account:49 - web_app.py用的BACKPACK_API_SECRET: %s
2025-07-05 22:23:08 | INFO     | __main__:get_account:44 - 收到的exchange参数: %s
2025-07-05 22:23:08 | INFO     | __main__:get_account:46 - ex实例类型: %s
2025-07-05 22:23:08 | INFO     | __main__:get_account:48 - web_app.py用的BACKPACK_API_KEY: %s
2025-07-05 22:23:08 | INFO     | __main__:get_account:49 - web_app.py用的BACKPACK_API_SECRET: %s
2025-07-05 22:23:54 | INFO     | __main__:get_account:44 - 收到的exchange参数: %s
2025-07-05 22:23:54 | INFO     | __main__:get_account:46 - ex实例类型: %s
2025-07-05 22:23:54 | INFO     | __main__:get_account:44 - 收到的exchange参数: %s
2025-07-05 22:23:54 | INFO     | __main__:get_account:48 - web_app.py用的BACKPACK_API_KEY: %s
2025-07-05 22:23:54 | INFO     | __main__:get_account:46 - ex实例类型: %s
2025-07-05 22:23:54 | INFO     | __main__:get_account:49 - web_app.py用的BACKPACK_API_SECRET: %s
2025-07-05 22:23:54 | INFO     | __main__:get_account:48 - web_app.py用的BACKPACK_API_KEY: %s
2025-07-05 22:23:54 | INFO     | __main__:get_account:49 - web_app.py用的BACKPACK_API_SECRET: %s
2025-07-05 22:23:55 | INFO     | __main__:get_account:44 - 收到的exchange参数: %s
2025-07-05 22:23:55 | INFO     | __main__:get_account:46 - ex实例类型: %s
2025-07-05 22:23:55 | INFO     | __main__:get_account:48 - web_app.py用的BACKPACK_API_KEY: %s
2025-07-05 22:23:55 | INFO     | __main__:get_account:49 - web_app.py用的BACKPACK_API_SECRET: %s
2025-07-05 22:23:56 | INFO     | __main__:get_account:44 - 收到的exchange参数: %s
2025-07-05 22:23:56 | INFO     | __main__:get_account:46 - ex实例类型: %s
2025-07-05 22:23:56 | INFO     | __main__:get_account:48 - web_app.py用的BACKPACK_API_KEY: %s
2025-07-05 22:23:56 | INFO     | __main__:get_account:49 - web_app.py用的BACKPACK_API_SECRET: %s
2025-07-05 22:23:57 | INFO     | __main__:get_account:44 - 收到的exchange参数: %s
2025-07-05 22:23:57 | INFO     | __main__:get_account:46 - ex实例类型: %s
2025-07-05 22:23:57 | INFO     | __main__:get_account:48 - web_app.py用的BACKPACK_API_KEY: %s
2025-07-05 22:23:57 | INFO     | __main__:get_account:49 - web_app.py用的BACKPACK_API_SECRET: %s
2025-07-05 22:23:57 | INFO     | __main__:get_account:44 - 收到的exchange参数: %s
2025-07-05 22:23:57 | INFO     | __main__:get_account:46 - ex实例类型: %s
2025-07-05 22:23:57 | INFO     | __main__:get_account:48 - web_app.py用的BACKPACK_API_KEY: %s
2025-07-05 22:23:57 | INFO     | __main__:get_account:49 - web_app.py用的BACKPACK_API_SECRET: %s
2025-07-05 22:24:01 | INFO     | __main__:get_account:44 - 收到的exchange参数: %s
2025-07-05 22:24:01 | INFO     | __main__:get_account:46 - ex实例类型: %s
2025-07-05 22:24:01 | INFO     | __main__:get_account:48 - web_app.py用的BACKPACK_API_KEY: %s
2025-07-05 22:24:01 | INFO     | __main__:get_account:49 - web_app.py用的BACKPACK_API_SECRET: %s
2025-07-05 22:24:04 | INFO     | __main__:get_account:44 - 收到的exchange参数: %s
2025-07-05 22:24:04 | INFO     | __main__:get_account:46 - ex实例类型: %s
2025-07-05 22:24:04 | INFO     | __main__:get_account:48 - web_app.py用的BACKPACK_API_KEY: %s
2025-07-05 22:24:04 | INFO     | __main__:get_account:49 - web_app.py用的BACKPACK_API_SECRET: %s
2025-07-05 22:24:08 | INFO     | __main__:get_account:44 - 收到的exchange参数: %s
2025-07-05 22:24:08 | INFO     | __main__:get_account:46 - ex实例类型: %s
2025-07-05 22:24:08 | INFO     | __main__:get_account:48 - web_app.py用的BACKPACK_API_KEY: %s
2025-07-05 22:24:08 | INFO     | __main__:get_account:49 - web_app.py用的BACKPACK_API_SECRET: %s
2025-07-05 22:24:54 | INFO     | __main__:get_account:44 - 收到的exchange参数: %s
2025-07-05 22:24:54 | INFO     | __main__:get_account:46 - ex实例类型: %s
2025-07-05 22:24:54 | INFO     | __main__:get_account:44 - 收到的exchange参数: %s
2025-07-05 22:24:54 | INFO     | __main__:get_account:46 - ex实例类型: %s
2025-07-05 22:24:54 | INFO     | __main__:get_account:48 - web_app.py用的BACKPACK_API_KEY: %s
2025-07-05 22:24:54 | INFO     | __main__:get_account:48 - web_app.py用的BACKPACK_API_KEY: %s
2025-07-05 22:24:54 | INFO     | __main__:get_account:49 - web_app.py用的BACKPACK_API_SECRET: %s
2025-07-05 22:24:54 | INFO     | __main__:get_account:49 - web_app.py用的BACKPACK_API_SECRET: %s
2025-07-05 22:24:55 | INFO     | __main__:get_account:44 - 收到的exchange参数: %s
2025-07-05 22:24:55 | INFO     | __main__:get_account:46 - ex实例类型: %s
2025-07-05 22:24:55 | INFO     | __main__:get_account:48 - web_app.py用的BACKPACK_API_KEY: %s
2025-07-05 22:24:55 | INFO     | __main__:get_account:49 - web_app.py用的BACKPACK_API_SECRET: %s
2025-07-05 22:24:56 | INFO     | __main__:get_account:44 - 收到的exchange参数: %s
2025-07-05 22:24:56 | INFO     | __main__:get_account:46 - ex实例类型: %s
2025-07-05 22:24:56 | INFO     | __main__:get_account:48 - web_app.py用的BACKPACK_API_KEY: %s
2025-07-05 22:24:56 | INFO     | __main__:get_account:49 - web_app.py用的BACKPACK_API_SECRET: %s
2025-07-05 22:24:57 | INFO     | __main__:get_account:44 - 收到的exchange参数: %s
2025-07-05 22:24:57 | INFO     | __main__:get_account:46 - ex实例类型: %s
2025-07-05 22:24:57 | INFO     | __main__:get_account:48 - web_app.py用的BACKPACK_API_KEY: %s
2025-07-05 22:24:57 | INFO     | __main__:get_account:49 - web_app.py用的BACKPACK_API_SECRET: %s
2025-07-05 22:24:57 | INFO     | __main__:get_account:44 - 收到的exchange参数: %s
2025-07-05 22:24:57 | INFO     | __main__:get_account:46 - ex实例类型: %s
2025-07-05 22:24:57 | INFO     | __main__:get_account:48 - web_app.py用的BACKPACK_API_KEY: %s
2025-07-05 22:24:57 | INFO     | __main__:get_account:49 - web_app.py用的BACKPACK_API_SECRET: %s
2025-07-05 22:25:01 | INFO     | __main__:get_account:44 - 收到的exchange参数: %s
2025-07-05 22:25:01 | INFO     | __main__:get_account:46 - ex实例类型: %s
2025-07-05 22:25:01 | INFO     | __main__:get_account:48 - web_app.py用的BACKPACK_API_KEY: %s
2025-07-05 22:25:01 | INFO     | __main__:get_account:49 - web_app.py用的BACKPACK_API_SECRET: %s
2025-07-05 22:25:05 | INFO     | __main__:get_account:44 - 收到的exchange参数: %s
2025-07-05 22:25:05 | INFO     | __main__:get_account:46 - ex实例类型: %s
2025-07-05 22:25:05 | INFO     | __main__:get_account:48 - web_app.py用的BACKPACK_API_KEY: %s
2025-07-05 22:25:05 | INFO     | __main__:get_account:49 - web_app.py用的BACKPACK_API_SECRET: %s
2025-07-05 22:25:08 | INFO     | __main__:get_account:44 - 收到的exchange参数: %s
2025-07-05 22:25:08 | INFO     | __main__:get_account:46 - ex实例类型: %s
2025-07-05 22:25:08 | INFO     | __main__:get_account:48 - web_app.py用的BACKPACK_API_KEY: %s
2025-07-05 22:25:08 | INFO     | __main__:get_account:49 - web_app.py用的BACKPACK_API_SECRET: %s
2025-07-05 22:25:54 | INFO     | __main__:get_account:44 - 收到的exchange参数: %s
2025-07-05 22:25:54 | INFO     | __main__:get_account:46 - ex实例类型: %s
2025-07-05 22:25:54 | INFO     | __main__:get_account:44 - 收到的exchange参数: %s
2025-07-05 22:25:54 | INFO     | __main__:get_account:46 - ex实例类型: %s
2025-07-05 22:25:54 | INFO     | __main__:get_account:48 - web_app.py用的BACKPACK_API_KEY: %s
2025-07-05 22:25:54 | INFO     | __main__:get_account:48 - web_app.py用的BACKPACK_API_KEY: %s
2025-07-05 22:25:54 | INFO     | __main__:get_account:49 - web_app.py用的BACKPACK_API_SECRET: %s
2025-07-05 22:25:54 | INFO     | __main__:get_account:49 - web_app.py用的BACKPACK_API_SECRET: %s
2025-07-05 22:25:55 | INFO     | __main__:get_account:44 - 收到的exchange参数: %s
2025-07-05 22:25:55 | INFO     | __main__:get_account:46 - ex实例类型: %s
2025-07-05 22:25:55 | INFO     | __main__:get_account:48 - web_app.py用的BACKPACK_API_KEY: %s
2025-07-05 22:25:55 | INFO     | __main__:get_account:49 - web_app.py用的BACKPACK_API_SECRET: %s
2025-07-05 22:25:56 | INFO     | __main__:get_account:44 - 收到的exchange参数: %s
2025-07-05 22:25:56 | INFO     | __main__:get_account:46 - ex实例类型: %s
2025-07-05 22:25:56 | INFO     | __main__:get_account:48 - web_app.py用的BACKPACK_API_KEY: %s
2025-07-05 22:25:56 | INFO     | __main__:get_account:49 - web_app.py用的BACKPACK_API_SECRET: %s
2025-07-05 22:25:57 | INFO     | __main__:get_account:44 - 收到的exchange参数: %s
2025-07-05 22:25:57 | INFO     | __main__:get_account:46 - ex实例类型: %s
2025-07-05 22:25:57 | INFO     | __main__:get_account:48 - web_app.py用的BACKPACK_API_KEY: %s
2025-07-05 22:25:57 | INFO     | __main__:get_account:49 - web_app.py用的BACKPACK_API_SECRET: %s
2025-07-05 22:25:58 | INFO     | __main__:get_account:44 - 收到的exchange参数: %s
2025-07-05 22:25:58 | INFO     | __main__:get_account:46 - ex实例类型: %s
2025-07-05 22:25:58 | INFO     | __main__:get_account:48 - web_app.py用的BACKPACK_API_KEY: %s
2025-07-05 22:25:58 | INFO     | __main__:get_account:49 - web_app.py用的BACKPACK_API_SECRET: %s
2025-07-05 22:26:01 | INFO     | __main__:get_account:44 - 收到的exchange参数: %s
2025-07-05 22:26:01 | INFO     | __main__:get_account:46 - ex实例类型: %s
2025-07-05 22:26:01 | INFO     | __main__:get_account:48 - web_app.py用的BACKPACK_API_KEY: %s
2025-07-05 22:26:01 | INFO     | __main__:get_account:49 - web_app.py用的BACKPACK_API_SECRET: %s
2025-07-05 22:26:05 | INFO     | __main__:get_account:44 - 收到的exchange参数: %s
2025-07-05 22:26:05 | INFO     | __main__:get_account:46 - ex实例类型: %s
2025-07-05 22:26:05 | INFO     | __main__:get_account:48 - web_app.py用的BACKPACK_API_KEY: %s
2025-07-05 22:26:05 | INFO     | __main__:get_account:49 - web_app.py用的BACKPACK_API_SECRET: %s
2025-07-05 22:26:08 | INFO     | __main__:get_account:44 - 收到的exchange参数: %s
2025-07-05 22:26:08 | INFO     | __main__:get_account:46 - ex实例类型: %s
2025-07-05 22:26:08 | INFO     | __main__:get_account:48 - web_app.py用的BACKPACK_API_KEY: %s
2025-07-05 22:26:08 | INFO     | __main__:get_account:49 - web_app.py用的BACKPACK_API_SECRET: %s
2025-07-05 22:26:54 | INFO     | __main__:get_account:44 - 收到的exchange参数: %s
2025-07-05 22:26:54 | INFO     | __main__:get_account:46 - ex实例类型: %s
2025-07-05 22:26:54 | INFO     | __main__:get_account:44 - 收到的exchange参数: %s
2025-07-05 22:26:54 | INFO     | __main__:get_account:48 - web_app.py用的BACKPACK_API_KEY: %s
2025-07-05 22:26:54 | INFO     | __main__:get_account:46 - ex实例类型: %s
2025-07-05 22:26:54 | INFO     | __main__:get_account:48 - web_app.py用的BACKPACK_API_KEY: %s
2025-07-05 22:26:54 | INFO     | __main__:get_account:49 - web_app.py用的BACKPACK_API_SECRET: %s
2025-07-05 22:26:54 | INFO     | __main__:get_account:49 - web_app.py用的BACKPACK_API_SECRET: %s
2025-07-05 22:26:54 | INFO     | __main__:get_account:44 - 收到的exchange参数: %s
2025-07-05 22:26:54 | INFO     | __main__:get_account:46 - ex实例类型: %s
2025-07-05 22:26:54 | INFO     | __main__:get_account:48 - web_app.py用的BACKPACK_API_KEY: %s
2025-07-05 22:26:54 | INFO     | __main__:get_account:49 - web_app.py用的BACKPACK_API_SECRET: %s
2025-07-05 22:26:55 | INFO     | __main__:get_account:44 - 收到的exchange参数: %s
2025-07-05 22:26:55 | INFO     | __main__:get_account:46 - ex实例类型: %s
2025-07-05 22:26:55 | INFO     | __main__:get_account:48 - web_app.py用的BACKPACK_API_KEY: %s
2025-07-05 22:26:55 | INFO     | __main__:get_account:49 - web_app.py用的BACKPACK_API_SECRET: %s
2025-07-05 22:26:56 | INFO     | __main__:get_account:44 - 收到的exchange参数: %s
2025-07-05 22:26:56 | INFO     | __main__:get_account:46 - ex实例类型: %s
2025-07-05 22:26:56 | INFO     | __main__:get_account:48 - web_app.py用的BACKPACK_API_KEY: %s
2025-07-05 22:26:56 | INFO     | __main__:get_account:49 - web_app.py用的BACKPACK_API_SECRET: %s
2025-07-05 22:26:57 | INFO     | __main__:get_account:44 - 收到的exchange参数: %s
2025-07-05 22:26:57 | INFO     | __main__:get_account:46 - ex实例类型: %s
2025-07-05 22:26:57 | INFO     | __main__:get_account:48 - web_app.py用的BACKPACK_API_KEY: %s
2025-07-05 22:26:57 | INFO     | __main__:get_account:49 - web_app.py用的BACKPACK_API_SECRET: %s
2025-07-05 22:27:01 | INFO     | __main__:get_account:44 - 收到的exchange参数: %s
2025-07-05 22:27:01 | INFO     | __main__:get_account:46 - ex实例类型: %s
2025-07-05 22:27:01 | INFO     | __main__:get_account:48 - web_app.py用的BACKPACK_API_KEY: %s
2025-07-05 22:27:01 | INFO     | __main__:get_account:49 - web_app.py用的BACKPACK_API_SECRET: %s
2025-07-05 22:27:04 | INFO     | __main__:get_account:44 - 收到的exchange参数: %s
2025-07-05 22:27:04 | INFO     | __main__:get_account:46 - ex实例类型: %s
2025-07-05 22:27:04 | INFO     | __main__:get_account:48 - web_app.py用的BACKPACK_API_KEY: %s
2025-07-05 22:27:04 | INFO     | __main__:get_account:49 - web_app.py用的BACKPACK_API_SECRET: %s
2025-07-05 22:27:08 | INFO     | __main__:get_account:44 - 收到的exchange参数: %s
2025-07-05 22:27:08 | INFO     | __main__:get_account:46 - ex实例类型: %s
2025-07-05 22:27:08 | INFO     | __main__:get_account:48 - web_app.py用的BACKPACK_API_KEY: %s
2025-07-05 22:27:08 | INFO     | __main__:get_account:49 - web_app.py用的BACKPACK_API_SECRET: %s
2025-07-05 22:27:54 | INFO     | __main__:get_account:44 - 收到的exchange参数: %s
2025-07-05 22:27:54 | INFO     | __main__:get_account:44 - 收到的exchange参数: %s
2025-07-05 22:27:54 | INFO     | __main__:get_account:46 - ex实例类型: %s
2025-07-05 22:27:54 | INFO     | __main__:get_account:46 - ex实例类型: %s
2025-07-05 22:27:54 | INFO     | __main__:get_account:48 - web_app.py用的BACKPACK_API_KEY: %s
2025-07-05 22:27:54 | INFO     | __main__:get_account:49 - web_app.py用的BACKPACK_API_SECRET: %s
2025-07-05 22:27:54 | INFO     | __main__:get_account:48 - web_app.py用的BACKPACK_API_KEY: %s
2025-07-05 22:27:54 | INFO     | __main__:get_account:49 - web_app.py用的BACKPACK_API_SECRET: %s
2025-07-05 22:27:55 | INFO     | __main__:get_account:44 - 收到的exchange参数: %s
2025-07-05 22:27:55 | INFO     | __main__:get_account:46 - ex实例类型: %s
2025-07-05 22:27:55 | INFO     | __main__:get_account:48 - web_app.py用的BACKPACK_API_KEY: %s
2025-07-05 22:27:55 | INFO     | __main__:get_account:49 - web_app.py用的BACKPACK_API_SECRET: %s
2025-07-05 22:27:55 | INFO     | __main__:get_account:44 - 收到的exchange参数: %s
2025-07-05 22:27:55 | INFO     | __main__:get_account:46 - ex实例类型: %s
2025-07-05 22:27:55 | INFO     | __main__:get_account:48 - web_app.py用的BACKPACK_API_KEY: %s
2025-07-05 22:27:55 | INFO     | __main__:get_account:49 - web_app.py用的BACKPACK_API_SECRET: %s
2025-07-05 22:27:57 | INFO     | __main__:get_account:44 - 收到的exchange参数: %s
2025-07-05 22:27:57 | INFO     | __main__:get_account:46 - ex实例类型: %s
2025-07-05 22:27:57 | INFO     | __main__:get_account:48 - web_app.py用的BACKPACK_API_KEY: %s
2025-07-05 22:27:57 | INFO     | __main__:get_account:49 - web_app.py用的BACKPACK_API_SECRET: %s
2025-07-05 22:27:57 | INFO     | __main__:get_account:44 - 收到的exchange参数: %s
2025-07-05 22:27:57 | INFO     | __main__:get_account:46 - ex实例类型: %s
2025-07-05 22:27:57 | INFO     | __main__:get_account:48 - web_app.py用的BACKPACK_API_KEY: %s
2025-07-05 22:27:57 | INFO     | __main__:get_account:49 - web_app.py用的BACKPACK_API_SECRET: %s
2025-07-05 22:28:01 | INFO     | __main__:get_account:44 - 收到的exchange参数: %s
2025-07-05 22:28:01 | INFO     | __main__:get_account:46 - ex实例类型: %s
2025-07-05 22:28:01 | INFO     | __main__:get_account:48 - web_app.py用的BACKPACK_API_KEY: %s
2025-07-05 22:28:01 | INFO     | __main__:get_account:49 - web_app.py用的BACKPACK_API_SECRET: %s
2025-07-05 22:28:04 | INFO     | __main__:get_account:44 - 收到的exchange参数: %s
2025-07-05 22:28:04 | INFO     | __main__:get_account:46 - ex实例类型: %s
2025-07-05 22:28:04 | INFO     | __main__:get_account:48 - web_app.py用的BACKPACK_API_KEY: %s
2025-07-05 22:28:04 | INFO     | __main__:get_account:49 - web_app.py用的BACKPACK_API_SECRET: %s
2025-07-05 22:28:07 | INFO     | __main__:get_account:44 - 收到的exchange参数: %s
2025-07-05 22:28:07 | INFO     | __main__:get_account:46 - ex实例类型: %s
2025-07-05 22:28:07 | INFO     | __main__:get_account:48 - web_app.py用的BACKPACK_API_KEY: %s
2025-07-05 22:28:07 | INFO     | __main__:get_account:49 - web_app.py用的BACKPACK_API_SECRET: %s
2025-07-05 22:28:54 | INFO     | __main__:get_account:44 - 收到的exchange参数: %s
2025-07-05 22:28:54 | INFO     | __main__:get_account:46 - ex实例类型: %s
2025-07-05 22:28:54 | INFO     | __main__:get_account:48 - web_app.py用的BACKPACK_API_KEY: %s
2025-07-05 22:28:54 | INFO     | __main__:get_account:49 - web_app.py用的BACKPACK_API_SECRET: %s
2025-07-05 22:28:54 | INFO     | __main__:get_account:44 - 收到的exchange参数: %s
2025-07-05 22:28:54 | INFO     | __main__:get_account:46 - ex实例类型: %s
2025-07-05 22:28:54 | INFO     | __main__:get_account:48 - web_app.py用的BACKPACK_API_KEY: %s
2025-07-05 22:28:54 | INFO     | __main__:get_account:49 - web_app.py用的BACKPACK_API_SECRET: %s
2025-07-05 22:28:55 | INFO     | __main__:get_account:44 - 收到的exchange参数: %s
2025-07-05 22:28:55 | INFO     | __main__:get_account:46 - ex实例类型: %s
2025-07-05 22:28:55 | INFO     | __main__:get_account:48 - web_app.py用的BACKPACK_API_KEY: %s
2025-07-05 22:28:55 | INFO     | __main__:get_account:49 - web_app.py用的BACKPACK_API_SECRET: %s
2025-07-05 22:28:56 | INFO     | __main__:get_account:44 - 收到的exchange参数: %s
2025-07-05 22:28:56 | INFO     | __main__:get_account:46 - ex实例类型: %s
2025-07-05 22:28:56 | INFO     | __main__:get_account:48 - web_app.py用的BACKPACK_API_KEY: %s
2025-07-05 22:28:56 | INFO     | __main__:get_account:49 - web_app.py用的BACKPACK_API_SECRET: %s
2025-07-05 22:28:56 | INFO     | __main__:get_account:44 - 收到的exchange参数: %s
2025-07-05 22:28:56 | INFO     | __main__:get_account:46 - ex实例类型: %s
2025-07-05 22:28:56 | INFO     | __main__:get_account:48 - web_app.py用的BACKPACK_API_KEY: %s
2025-07-05 22:28:56 | INFO     | __main__:get_account:49 - web_app.py用的BACKPACK_API_SECRET: %s
2025-07-05 22:28:57 | INFO     | __main__:get_account:44 - 收到的exchange参数: %s
2025-07-05 22:28:57 | INFO     | __main__:get_account:46 - ex实例类型: %s
2025-07-05 22:28:57 | INFO     | __main__:get_account:48 - web_app.py用的BACKPACK_API_KEY: %s
2025-07-05 22:28:57 | INFO     | __main__:get_account:49 - web_app.py用的BACKPACK_API_SECRET: %s
2025-07-05 22:29:01 | INFO     | __main__:get_account:44 - 收到的exchange参数: %s
2025-07-05 22:29:01 | INFO     | __main__:get_account:46 - ex实例类型: %s
2025-07-05 22:29:01 | INFO     | __main__:get_account:48 - web_app.py用的BACKPACK_API_KEY: %s
2025-07-05 22:29:01 | INFO     | __main__:get_account:49 - web_app.py用的BACKPACK_API_SECRET: %s
2025-07-05 22:29:04 | INFO     | __main__:get_account:44 - 收到的exchange参数: %s
2025-07-05 22:29:04 | INFO     | __main__:get_account:46 - ex实例类型: %s
2025-07-05 22:29:04 | INFO     | __main__:get_account:48 - web_app.py用的BACKPACK_API_KEY: %s
2025-07-05 22:29:04 | INFO     | __main__:get_account:49 - web_app.py用的BACKPACK_API_SECRET: %s
2025-07-05 22:29:08 | INFO     | __main__:get_account:44 - 收到的exchange参数: %s
2025-07-05 22:29:08 | INFO     | __main__:get_account:46 - ex实例类型: %s
2025-07-05 22:29:08 | INFO     | __main__:get_account:48 - web_app.py用的BACKPACK_API_KEY: %s
2025-07-05 22:29:08 | INFO     | __main__:get_account:49 - web_app.py用的BACKPACK_API_SECRET: %s
2025-07-05 22:29:54 | INFO     | __main__:get_account:44 - 收到的exchange参数: %s
2025-07-05 22:29:54 | INFO     | __main__:get_account:46 - ex实例类型: %s
2025-07-05 22:29:54 | INFO     | __main__:get_account:44 - 收到的exchange参数: %s
2025-07-05 22:29:54 | INFO     | __main__:get_account:48 - web_app.py用的BACKPACK_API_KEY: %s
2025-07-05 22:29:54 | INFO     | __main__:get_account:49 - web_app.py用的BACKPACK_API_SECRET: %s
2025-07-05 22:29:54 | INFO     | __main__:get_account:46 - ex实例类型: %s
2025-07-05 22:29:54 | INFO     | __main__:get_account:48 - web_app.py用的BACKPACK_API_KEY: %s
2025-07-05 22:29:54 | INFO     | __main__:get_account:49 - web_app.py用的BACKPACK_API_SECRET: %s
2025-07-05 22:29:55 | INFO     | __main__:get_account:44 - 收到的exchange参数: %s
2025-07-05 22:29:55 | INFO     | __main__:get_account:46 - ex实例类型: %s
2025-07-05 22:29:55 | INFO     | __main__:get_account:48 - web_app.py用的BACKPACK_API_KEY: %s
2025-07-05 22:29:55 | INFO     | __main__:get_account:49 - web_app.py用的BACKPACK_API_SECRET: %s
2025-07-05 22:29:56 | INFO     | __main__:get_account:44 - 收到的exchange参数: %s
2025-07-05 22:29:56 | INFO     | __main__:get_account:46 - ex实例类型: %s
2025-07-05 22:29:56 | INFO     | __main__:get_account:48 - web_app.py用的BACKPACK_API_KEY: %s
2025-07-05 22:29:56 | INFO     | __main__:get_account:49 - web_app.py用的BACKPACK_API_SECRET: %s
2025-07-05 22:29:57 | INFO     | __main__:get_account:44 - 收到的exchange参数: %s
2025-07-05 22:29:57 | INFO     | __main__:get_account:46 - ex实例类型: %s
2025-07-05 22:29:57 | INFO     | __main__:get_account:48 - web_app.py用的BACKPACK_API_KEY: %s
2025-07-05 22:29:57 | INFO     | __main__:get_account:49 - web_app.py用的BACKPACK_API_SECRET: %s
2025-07-05 22:29:57 | INFO     | __main__:get_account:44 - 收到的exchange参数: %s
2025-07-05 22:29:57 | INFO     | __main__:get_account:46 - ex实例类型: %s
2025-07-05 22:29:57 | INFO     | __main__:get_account:48 - web_app.py用的BACKPACK_API_KEY: %s
2025-07-05 22:29:57 | INFO     | __main__:get_account:49 - web_app.py用的BACKPACK_API_SECRET: %s
2025-07-05 22:30:00 | INFO     | __main__:get_account:44 - 收到的exchange参数: %s
2025-07-05 22:30:00 | INFO     | __main__:get_account:46 - ex实例类型: %s
2025-07-05 22:30:00 | INFO     | __main__:get_account:48 - web_app.py用的BACKPACK_API_KEY: %s
2025-07-05 22:30:00 | INFO     | __main__:get_account:49 - web_app.py用的BACKPACK_API_SECRET: %s
2025-07-05 22:30:04 | INFO     | __main__:get_account:44 - 收到的exchange参数: %s
2025-07-05 22:30:04 | INFO     | __main__:get_account:46 - ex实例类型: %s
2025-07-05 22:30:04 | INFO     | __main__:get_account:48 - web_app.py用的BACKPACK_API_KEY: %s
2025-07-05 22:30:04 | INFO     | __main__:get_account:49 - web_app.py用的BACKPACK_API_SECRET: %s
2025-07-05 22:30:07 | INFO     | __main__:get_account:44 - 收到的exchange参数: %s
2025-07-05 22:30:07 | INFO     | __main__:get_account:46 - ex实例类型: %s
2025-07-05 22:30:07 | INFO     | __main__:get_account:48 - web_app.py用的BACKPACK_API_KEY: %s
2025-07-05 22:30:07 | INFO     | __main__:get_account:49 - web_app.py用的BACKPACK_API_SECRET: %s
2025-07-05 22:30:54 | INFO     | __main__:get_account:44 - 收到的exchange参数: %s
2025-07-05 22:30:54 | INFO     | __main__:get_account:46 - ex实例类型: %s
2025-07-05 22:30:54 | INFO     | __main__:get_account:48 - web_app.py用的BACKPACK_API_KEY: %s
2025-07-05 22:30:54 | INFO     | __main__:get_account:44 - 收到的exchange参数: %s
2025-07-05 22:30:54 | INFO     | __main__:get_account:49 - web_app.py用的BACKPACK_API_SECRET: %s
2025-07-05 22:30:54 | INFO     | __main__:get_account:46 - ex实例类型: %s
2025-07-05 22:30:54 | INFO     | __main__:get_account:48 - web_app.py用的BACKPACK_API_KEY: %s
2025-07-05 22:30:54 | INFO     | __main__:get_account:49 - web_app.py用的BACKPACK_API_SECRET: %s
2025-07-05 22:30:55 | INFO     | __main__:get_account:44 - 收到的exchange参数: %s
2025-07-05 22:30:55 | INFO     | __main__:get_account:46 - ex实例类型: %s
2025-07-05 22:30:55 | INFO     | __main__:get_account:48 - web_app.py用的BACKPACK_API_KEY: %s
2025-07-05 22:30:55 | INFO     | __main__:get_account:49 - web_app.py用的BACKPACK_API_SECRET: %s
2025-07-05 22:30:56 | INFO     | __main__:get_account:44 - 收到的exchange参数: %s
2025-07-05 22:30:56 | INFO     | __main__:get_account:46 - ex实例类型: %s
2025-07-05 22:30:56 | INFO     | __main__:get_account:48 - web_app.py用的BACKPACK_API_KEY: %s
2025-07-05 22:30:56 | INFO     | __main__:get_account:49 - web_app.py用的BACKPACK_API_SECRET: %s
2025-07-05 22:30:57 | INFO     | __main__:get_account:44 - 收到的exchange参数: %s
2025-07-05 22:30:57 | INFO     | __main__:get_account:46 - ex实例类型: %s
2025-07-05 22:30:57 | INFO     | __main__:get_account:48 - web_app.py用的BACKPACK_API_KEY: %s
2025-07-05 22:30:57 | INFO     | __main__:get_account:49 - web_app.py用的BACKPACK_API_SECRET: %s
2025-07-05 22:30:57 | INFO     | __main__:get_account:44 - 收到的exchange参数: %s
2025-07-05 22:30:57 | INFO     | __main__:get_account:46 - ex实例类型: %s
2025-07-05 22:30:57 | INFO     | __main__:get_account:48 - web_app.py用的BACKPACK_API_KEY: %s
2025-07-05 22:30:57 | INFO     | __main__:get_account:49 - web_app.py用的BACKPACK_API_SECRET: %s
2025-07-05 22:31:01 | INFO     | __main__:get_account:44 - 收到的exchange参数: %s
2025-07-05 22:31:01 | INFO     | __main__:get_account:46 - ex实例类型: %s
2025-07-05 22:31:01 | INFO     | __main__:get_account:48 - web_app.py用的BACKPACK_API_KEY: %s
2025-07-05 22:31:01 | INFO     | __main__:get_account:49 - web_app.py用的BACKPACK_API_SECRET: %s
2025-07-05 22:31:04 | INFO     | __main__:get_account:44 - 收到的exchange参数: %s
2025-07-05 22:31:04 | INFO     | __main__:get_account:46 - ex实例类型: %s
2025-07-05 22:31:04 | INFO     | __main__:get_account:48 - web_app.py用的BACKPACK_API_KEY: %s
2025-07-05 22:31:04 | INFO     | __main__:get_account:49 - web_app.py用的BACKPACK_API_SECRET: %s
2025-07-05 22:31:08 | INFO     | __main__:get_account:44 - 收到的exchange参数: %s
2025-07-05 22:31:08 | INFO     | __main__:get_account:46 - ex实例类型: %s
2025-07-05 22:31:08 | INFO     | __main__:get_account:48 - web_app.py用的BACKPACK_API_KEY: %s
2025-07-05 22:31:08 | INFO     | __main__:get_account:49 - web_app.py用的BACKPACK_API_SECRET: %s
2025-07-05 22:31:54 | INFO     | __main__:get_account:44 - 收到的exchange参数: %s
2025-07-05 22:31:54 | INFO     | __main__:get_account:46 - ex实例类型: %s
2025-07-05 22:31:54 | INFO     | __main__:get_account:48 - web_app.py用的BACKPACK_API_KEY: %s
2025-07-05 22:31:54 | INFO     | __main__:get_account:44 - 收到的exchange参数: %s
2025-07-05 22:31:54 | INFO     | __main__:get_account:46 - ex实例类型: %s
2025-07-05 22:31:54 | INFO     | __main__:get_account:49 - web_app.py用的BACKPACK_API_SECRET: %s
2025-07-05 22:31:54 | INFO     | __main__:get_account:48 - web_app.py用的BACKPACK_API_KEY: %s
2025-07-05 22:31:54 | INFO     | __main__:get_account:49 - web_app.py用的BACKPACK_API_SECRET: %s
2025-07-05 22:31:55 | INFO     | __main__:get_account:44 - 收到的exchange参数: %s
2025-07-05 22:31:55 | INFO     | __main__:get_account:46 - ex实例类型: %s
2025-07-05 22:31:55 | INFO     | __main__:get_account:48 - web_app.py用的BACKPACK_API_KEY: %s
2025-07-05 22:31:55 | INFO     | __main__:get_account:49 - web_app.py用的BACKPACK_API_SECRET: %s
2025-07-05 22:31:55 | INFO     | __main__:get_account:44 - 收到的exchange参数: %s
2025-07-05 22:31:55 | INFO     | __main__:get_account:46 - ex实例类型: %s
2025-07-05 22:31:55 | INFO     | __main__:get_account:48 - web_app.py用的BACKPACK_API_KEY: %s
2025-07-05 22:31:55 | INFO     | __main__:get_account:49 - web_app.py用的BACKPACK_API_SECRET: %s
2025-07-05 22:31:56 | INFO     | __main__:get_account:44 - 收到的exchange参数: %s
2025-07-05 22:31:56 | INFO     | __main__:get_account:46 - ex实例类型: %s
2025-07-05 22:31:56 | INFO     | __main__:get_account:48 - web_app.py用的BACKPACK_API_KEY: %s
2025-07-05 22:31:56 | INFO     | __main__:get_account:49 - web_app.py用的BACKPACK_API_SECRET: %s
2025-07-05 22:31:57 | INFO     | __main__:get_account:44 - 收到的exchange参数: %s
2025-07-05 22:31:57 | INFO     | __main__:get_account:46 - ex实例类型: %s
2025-07-05 22:31:57 | INFO     | __main__:get_account:48 - web_app.py用的BACKPACK_API_KEY: %s
2025-07-05 22:31:57 | INFO     | __main__:get_account:49 - web_app.py用的BACKPACK_API_SECRET: %s
2025-07-05 22:32:01 | INFO     | __main__:get_account:44 - 收到的exchange参数: %s
2025-07-05 22:32:01 | INFO     | __main__:get_account:46 - ex实例类型: %s
2025-07-05 22:32:01 | INFO     | __main__:get_account:48 - web_app.py用的BACKPACK_API_KEY: %s
2025-07-05 22:32:01 | INFO     | __main__:get_account:49 - web_app.py用的BACKPACK_API_SECRET: %s
2025-07-05 22:32:05 | INFO     | __main__:get_account:44 - 收到的exchange参数: %s
2025-07-05 22:32:05 | INFO     | __main__:get_account:46 - ex实例类型: %s
2025-07-05 22:32:05 | INFO     | __main__:get_account:48 - web_app.py用的BACKPACK_API_KEY: %s
2025-07-05 22:32:05 | INFO     | __main__:get_account:49 - web_app.py用的BACKPACK_API_SECRET: %s
2025-07-05 22:32:08 | INFO     | __main__:get_account:44 - 收到的exchange参数: %s
2025-07-05 22:32:08 | INFO     | __main__:get_account:46 - ex实例类型: %s
2025-07-05 22:32:08 | INFO     | __main__:get_account:48 - web_app.py用的BACKPACK_API_KEY: %s
2025-07-05 22:32:08 | INFO     | __main__:get_account:49 - web_app.py用的BACKPACK_API_SECRET: %s
2025-07-05 22:32:54 | INFO     | __main__:get_account:44 - 收到的exchange参数: %s
2025-07-05 22:32:54 | INFO     | __main__:get_account:46 - ex实例类型: %s
2025-07-05 22:32:54 | INFO     | __main__:get_account:44 - 收到的exchange参数: %s
2025-07-05 22:32:54 | INFO     | __main__:get_account:48 - web_app.py用的BACKPACK_API_KEY: %s
2025-07-05 22:32:54 | INFO     | __main__:get_account:46 - ex实例类型: %s
2025-07-05 22:32:54 | INFO     | __main__:get_account:49 - web_app.py用的BACKPACK_API_SECRET: %s
2025-07-05 22:32:54 | INFO     | __main__:get_account:48 - web_app.py用的BACKPACK_API_KEY: %s
2025-07-05 22:32:54 | INFO     | __main__:get_account:49 - web_app.py用的BACKPACK_API_SECRET: %s
2025-07-05 22:32:54 | INFO     | __main__:get_account:44 - 收到的exchange参数: %s
2025-07-05 22:32:54 | INFO     | __main__:get_account:46 - ex实例类型: %s
2025-07-05 22:32:54 | INFO     | __main__:get_account:48 - web_app.py用的BACKPACK_API_KEY: %s
2025-07-05 22:32:54 | INFO     | __main__:get_account:49 - web_app.py用的BACKPACK_API_SECRET: %s
2025-07-05 22:32:55 | INFO     | __main__:get_account:44 - 收到的exchange参数: %s
2025-07-05 22:32:55 | INFO     | __main__:get_account:46 - ex实例类型: %s
2025-07-05 22:32:55 | INFO     | __main__:get_account:48 - web_app.py用的BACKPACK_API_KEY: %s
2025-07-05 22:32:55 | INFO     | __main__:get_account:49 - web_app.py用的BACKPACK_API_SECRET: %s
2025-07-05 22:32:57 | INFO     | __main__:get_account:44 - 收到的exchange参数: %s
2025-07-05 22:32:57 | INFO     | __main__:get_account:46 - ex实例类型: %s
2025-07-05 22:32:57 | INFO     | __main__:get_account:48 - web_app.py用的BACKPACK_API_KEY: %s
2025-07-05 22:32:57 | INFO     | __main__:get_account:49 - web_app.py用的BACKPACK_API_SECRET: %s
2025-07-05 22:32:57 | INFO     | __main__:get_account:44 - 收到的exchange参数: %s
2025-07-05 22:32:57 | INFO     | __main__:get_account:46 - ex实例类型: %s
2025-07-05 22:32:57 | INFO     | __main__:get_account:48 - web_app.py用的BACKPACK_API_KEY: %s
2025-07-05 22:32:57 | INFO     | __main__:get_account:49 - web_app.py用的BACKPACK_API_SECRET: %s
2025-07-05 22:33:01 | INFO     | __main__:get_account:44 - 收到的exchange参数: %s
2025-07-05 22:33:01 | INFO     | __main__:get_account:46 - ex实例类型: %s
2025-07-05 22:33:01 | INFO     | __main__:get_account:48 - web_app.py用的BACKPACK_API_KEY: %s
2025-07-05 22:33:01 | INFO     | __main__:get_account:49 - web_app.py用的BACKPACK_API_SECRET: %s
2025-07-05 22:33:05 | INFO     | __main__:get_account:44 - 收到的exchange参数: %s
2025-07-05 22:33:05 | INFO     | __main__:get_account:46 - ex实例类型: %s
2025-07-05 22:33:05 | INFO     | __main__:get_account:48 - web_app.py用的BACKPACK_API_KEY: %s
2025-07-05 22:33:05 | INFO     | __main__:get_account:49 - web_app.py用的BACKPACK_API_SECRET: %s
2025-07-05 22:33:08 | INFO     | __main__:get_account:44 - 收到的exchange参数: %s
2025-07-05 22:33:08 | INFO     | __main__:get_account:46 - ex实例类型: %s
2025-07-05 22:33:08 | INFO     | __main__:get_account:48 - web_app.py用的BACKPACK_API_KEY: %s
2025-07-05 22:33:08 | INFO     | __main__:get_account:49 - web_app.py用的BACKPACK_API_SECRET: %s
2025-07-05 22:33:54 | INFO     | __main__:get_account:44 - 收到的exchange参数: %s
2025-07-05 22:33:54 | INFO     | __main__:get_account:46 - ex实例类型: %s
2025-07-05 22:33:54 | INFO     | __main__:get_account:48 - web_app.py用的BACKPACK_API_KEY: %s
2025-07-05 22:33:54 | INFO     | __main__:get_account:49 - web_app.py用的BACKPACK_API_SECRET: %s
2025-07-05 22:33:54 | INFO     | __main__:get_account:44 - 收到的exchange参数: %s
2025-07-05 22:33:54 | INFO     | __main__:get_account:46 - ex实例类型: %s
2025-07-05 22:33:54 | INFO     | __main__:get_account:48 - web_app.py用的BACKPACK_API_KEY: %s
2025-07-05 22:33:54 | INFO     | __main__:get_account:49 - web_app.py用的BACKPACK_API_SECRET: %s
2025-07-05 22:33:55 | INFO     | __main__:get_account:44 - 收到的exchange参数: %s
2025-07-05 22:33:55 | INFO     | __main__:get_account:46 - ex实例类型: %s
2025-07-05 22:33:55 | INFO     | __main__:get_account:48 - web_app.py用的BACKPACK_API_KEY: %s
2025-07-05 22:33:55 | INFO     | __main__:get_account:49 - web_app.py用的BACKPACK_API_SECRET: %s
2025-07-05 22:33:56 | INFO     | __main__:get_account:44 - 收到的exchange参数: %s
2025-07-05 22:33:56 | INFO     | __main__:get_account:46 - ex实例类型: %s
2025-07-05 22:33:56 | INFO     | __main__:get_account:48 - web_app.py用的BACKPACK_API_KEY: %s
2025-07-05 22:33:56 | INFO     | __main__:get_account:49 - web_app.py用的BACKPACK_API_SECRET: %s
2025-07-05 22:33:57 | INFO     | __main__:get_account:44 - 收到的exchange参数: %s
2025-07-05 22:33:57 | INFO     | __main__:get_account:46 - ex实例类型: %s
2025-07-05 22:33:57 | INFO     | __main__:get_account:48 - web_app.py用的BACKPACK_API_KEY: %s
2025-07-05 22:33:57 | INFO     | __main__:get_account:49 - web_app.py用的BACKPACK_API_SECRET: %s
2025-07-05 22:33:57 | INFO     | __main__:get_account:44 - 收到的exchange参数: %s
2025-07-05 22:33:57 | INFO     | __main__:get_account:46 - ex实例类型: %s
2025-07-05 22:33:57 | INFO     | __main__:get_account:48 - web_app.py用的BACKPACK_API_KEY: %s
2025-07-05 22:33:57 | INFO     | __main__:get_account:49 - web_app.py用的BACKPACK_API_SECRET: %s
2025-07-05 22:34:01 | INFO     | __main__:get_account:44 - 收到的exchange参数: %s
2025-07-05 22:34:01 | INFO     | __main__:get_account:46 - ex实例类型: %s
2025-07-05 22:34:01 | INFO     | __main__:get_account:48 - web_app.py用的BACKPACK_API_KEY: %s
2025-07-05 22:34:01 | INFO     | __main__:get_account:49 - web_app.py用的BACKPACK_API_SECRET: %s
2025-07-05 22:34:04 | INFO     | __main__:get_account:44 - 收到的exchange参数: %s
2025-07-05 22:34:04 | INFO     | __main__:get_account:46 - ex实例类型: %s
2025-07-05 22:34:04 | INFO     | __main__:get_account:48 - web_app.py用的BACKPACK_API_KEY: %s
2025-07-05 22:34:04 | INFO     | __main__:get_account:49 - web_app.py用的BACKPACK_API_SECRET: %s
2025-07-05 22:34:07 | INFO     | __main__:get_account:44 - 收到的exchange参数: %s
2025-07-05 22:34:07 | INFO     | __main__:get_account:46 - ex实例类型: %s
2025-07-05 22:34:07 | INFO     | __main__:get_account:48 - web_app.py用的BACKPACK_API_KEY: %s
2025-07-05 22:34:07 | INFO     | __main__:get_account:49 - web_app.py用的BACKPACK_API_SECRET: %s
2025-07-05 22:34:54 | INFO     | __main__:get_account:44 - 收到的exchange参数: %s
2025-07-05 22:34:54 | INFO     | __main__:get_account:46 - ex实例类型: %s
2025-07-05 22:34:54 | INFO     | __main__:get_account:48 - web_app.py用的BACKPACK_API_KEY: %s
2025-07-05 22:34:54 | INFO     | __main__:get_account:44 - 收到的exchange参数: %s
2025-07-05 22:34:54 | INFO     | __main__:get_account:49 - web_app.py用的BACKPACK_API_SECRET: %s
2025-07-05 22:34:54 | INFO     | __main__:get_account:46 - ex实例类型: %s
2025-07-05 22:34:54 | INFO     | __main__:get_account:48 - web_app.py用的BACKPACK_API_KEY: %s
2025-07-05 22:34:54 | INFO     | __main__:get_account:49 - web_app.py用的BACKPACK_API_SECRET: %s
2025-07-05 22:34:55 | INFO     | __main__:get_account:44 - 收到的exchange参数: %s
2025-07-05 22:34:55 | INFO     | __main__:get_account:46 - ex实例类型: %s
2025-07-05 22:34:55 | INFO     | __main__:get_account:48 - web_app.py用的BACKPACK_API_KEY: %s
2025-07-05 22:34:55 | INFO     | __main__:get_account:49 - web_app.py用的BACKPACK_API_SECRET: %s
2025-07-05 22:34:56 | INFO     | __main__:get_account:44 - 收到的exchange参数: %s
2025-07-05 22:34:56 | INFO     | __main__:get_account:46 - ex实例类型: %s
2025-07-05 22:34:56 | INFO     | __main__:get_account:48 - web_app.py用的BACKPACK_API_KEY: %s
2025-07-05 22:34:56 | INFO     | __main__:get_account:49 - web_app.py用的BACKPACK_API_SECRET: %s
2025-07-05 22:34:56 | INFO     | __main__:get_account:44 - 收到的exchange参数: %s
2025-07-05 22:34:56 | INFO     | __main__:get_account:46 - ex实例类型: %s
2025-07-05 22:34:56 | INFO     | __main__:get_account:48 - web_app.py用的BACKPACK_API_KEY: %s
2025-07-05 22:34:56 | INFO     | __main__:get_account:49 - web_app.py用的BACKPACK_API_SECRET: %s
2025-07-05 22:34:57 | INFO     | __main__:get_account:44 - 收到的exchange参数: %s
2025-07-05 22:34:57 | INFO     | __main__:get_account:46 - ex实例类型: %s
2025-07-05 22:34:57 | INFO     | __main__:get_account:48 - web_app.py用的BACKPACK_API_KEY: %s
2025-07-05 22:34:57 | INFO     | __main__:get_account:49 - web_app.py用的BACKPACK_API_SECRET: %s
2025-07-05 22:35:01 | INFO     | __main__:get_account:44 - 收到的exchange参数: %s
2025-07-05 22:35:01 | INFO     | __main__:get_account:46 - ex实例类型: %s
2025-07-05 22:35:01 | INFO     | __main__:get_account:48 - web_app.py用的BACKPACK_API_KEY: %s
2025-07-05 22:35:01 | INFO     | __main__:get_account:49 - web_app.py用的BACKPACK_API_SECRET: %s
2025-07-05 22:35:05 | INFO     | __main__:get_account:44 - 收到的exchange参数: %s
2025-07-05 22:35:05 | INFO     | __main__:get_account:46 - ex实例类型: %s
2025-07-05 22:35:05 | INFO     | __main__:get_account:48 - web_app.py用的BACKPACK_API_KEY: %s
2025-07-05 22:35:05 | INFO     | __main__:get_account:49 - web_app.py用的BACKPACK_API_SECRET: %s
2025-07-05 22:35:08 | INFO     | __main__:get_account:44 - 收到的exchange参数: %s
2025-07-05 22:35:08 | INFO     | __main__:get_account:46 - ex实例类型: %s
2025-07-05 22:35:08 | INFO     | __main__:get_account:48 - web_app.py用的BACKPACK_API_KEY: %s
2025-07-05 22:35:08 | INFO     | __main__:get_account:49 - web_app.py用的BACKPACK_API_SECRET: %s
2025-07-05 22:35:54 | INFO     | __main__:get_account:44 - 收到的exchange参数: %s
2025-07-05 22:35:54 | INFO     | __main__:get_account:46 - ex实例类型: %s
2025-07-05 22:35:54 | INFO     | __main__:get_account:48 - web_app.py用的BACKPACK_API_KEY: %s
2025-07-05 22:35:54 | INFO     | __main__:get_account:49 - web_app.py用的BACKPACK_API_SECRET: %s
2025-07-05 22:35:54 | INFO     | __main__:get_account:44 - 收到的exchange参数: %s
2025-07-05 22:35:54 | INFO     | __main__:get_account:46 - ex实例类型: %s
2025-07-05 22:35:54 | INFO     | __main__:get_account:48 - web_app.py用的BACKPACK_API_KEY: %s
2025-07-05 22:35:54 | INFO     | __main__:get_account:49 - web_app.py用的BACKPACK_API_SECRET: %s
2025-07-05 22:35:55 | INFO     | __main__:get_account:44 - 收到的exchange参数: %s
2025-07-05 22:35:55 | INFO     | __main__:get_account:46 - ex实例类型: %s
2025-07-05 22:35:55 | INFO     | __main__:get_account:48 - web_app.py用的BACKPACK_API_KEY: %s
2025-07-05 22:35:55 | INFO     | __main__:get_account:49 - web_app.py用的BACKPACK_API_SECRET: %s
2025-07-05 22:35:55 | INFO     | __main__:get_account:44 - 收到的exchange参数: %s
2025-07-05 22:35:55 | INFO     | __main__:get_account:46 - ex实例类型: %s
2025-07-05 22:35:55 | INFO     | __main__:get_account:48 - web_app.py用的BACKPACK_API_KEY: %s
2025-07-05 22:35:55 | INFO     | __main__:get_account:49 - web_app.py用的BACKPACK_API_SECRET: %s
2025-07-05 22:35:56 | INFO     | __main__:get_account:44 - 收到的exchange参数: %s
2025-07-05 22:35:56 | INFO     | __main__:get_account:46 - ex实例类型: %s
2025-07-05 22:35:56 | INFO     | __main__:get_account:48 - web_app.py用的BACKPACK_API_KEY: %s
2025-07-05 22:35:56 | INFO     | __main__:get_account:49 - web_app.py用的BACKPACK_API_SECRET: %s
2025-07-05 22:35:57 | INFO     | __main__:get_account:44 - 收到的exchange参数: %s
2025-07-05 22:35:57 | INFO     | __main__:get_account:46 - ex实例类型: %s
2025-07-05 22:35:57 | INFO     | __main__:get_account:48 - web_app.py用的BACKPACK_API_KEY: %s
2025-07-05 22:35:57 | INFO     | __main__:get_account:49 - web_app.py用的BACKPACK_API_SECRET: %s
2025-07-05 22:36:01 | INFO     | __main__:get_account:44 - 收到的exchange参数: %s
2025-07-05 22:36:01 | INFO     | __main__:get_account:46 - ex实例类型: %s
2025-07-05 22:36:01 | INFO     | __main__:get_account:48 - web_app.py用的BACKPACK_API_KEY: %s
2025-07-05 22:36:01 | INFO     | __main__:get_account:49 - web_app.py用的BACKPACK_API_SECRET: %s
2025-07-05 22:36:04 | INFO     | __main__:get_account:44 - 收到的exchange参数: %s
2025-07-05 22:36:04 | INFO     | __main__:get_account:46 - ex实例类型: %s
2025-07-05 22:36:04 | INFO     | __main__:get_account:48 - web_app.py用的BACKPACK_API_KEY: %s
2025-07-05 22:36:04 | INFO     | __main__:get_account:49 - web_app.py用的BACKPACK_API_SECRET: %s
2025-07-05 22:36:08 | INFO     | __main__:get_account:44 - 收到的exchange参数: %s
2025-07-05 22:36:08 | INFO     | __main__:get_account:46 - ex实例类型: %s
2025-07-05 22:36:08 | INFO     | __main__:get_account:48 - web_app.py用的BACKPACK_API_KEY: %s
2025-07-05 22:36:08 | INFO     | __main__:get_account:49 - web_app.py用的BACKPACK_API_SECRET: %s
2025-07-05 22:36:54 | INFO     | __main__:get_account:44 - 收到的exchange参数: %s
2025-07-05 22:36:54 | INFO     | __main__:get_account:44 - 收到的exchange参数: %s
2025-07-05 22:36:54 | INFO     | __main__:get_account:46 - ex实例类型: %s
2025-07-05 22:36:54 | INFO     | __main__:get_account:48 - web_app.py用的BACKPACK_API_KEY: %s
2025-07-05 22:36:54 | INFO     | __main__:get_account:49 - web_app.py用的BACKPACK_API_SECRET: %s
2025-07-05 22:36:54 | INFO     | __main__:get_account:46 - ex实例类型: %s
2025-07-05 22:36:54 | INFO     | __main__:get_account:48 - web_app.py用的BACKPACK_API_KEY: %s
2025-07-05 22:36:54 | INFO     | __main__:get_account:49 - web_app.py用的BACKPACK_API_SECRET: %s
2025-07-05 22:36:55 | INFO     | __main__:get_account:44 - 收到的exchange参数: %s
2025-07-05 22:36:55 | INFO     | __main__:get_account:46 - ex实例类型: %s
2025-07-05 22:36:55 | INFO     | __main__:get_account:48 - web_app.py用的BACKPACK_API_KEY: %s
2025-07-05 22:36:55 | INFO     | __main__:get_account:49 - web_app.py用的BACKPACK_API_SECRET: %s
2025-07-05 22:36:56 | INFO     | __main__:get_account:44 - 收到的exchange参数: %s
2025-07-05 22:36:56 | INFO     | __main__:get_account:46 - ex实例类型: %s
2025-07-05 22:36:56 | INFO     | __main__:get_account:48 - web_app.py用的BACKPACK_API_KEY: %s
2025-07-05 22:36:56 | INFO     | __main__:get_account:49 - web_app.py用的BACKPACK_API_SECRET: %s
2025-07-05 22:36:57 | INFO     | __main__:get_account:44 - 收到的exchange参数: %s
2025-07-05 22:36:57 | INFO     | __main__:get_account:46 - ex实例类型: %s
2025-07-05 22:36:57 | INFO     | __main__:get_account:48 - web_app.py用的BACKPACK_API_KEY: %s
2025-07-05 22:36:57 | INFO     | __main__:get_account:49 - web_app.py用的BACKPACK_API_SECRET: %s
2025-07-05 22:36:58 | INFO     | __main__:get_account:44 - 收到的exchange参数: %s
2025-07-05 22:36:58 | INFO     | __main__:get_account:46 - ex实例类型: %s
2025-07-05 22:36:58 | INFO     | __main__:get_account:48 - web_app.py用的BACKPACK_API_KEY: %s
2025-07-05 22:36:58 | INFO     | __main__:get_account:49 - web_app.py用的BACKPACK_API_SECRET: %s
2025-07-05 22:37:01 | INFO     | __main__:get_account:44 - 收到的exchange参数: %s
2025-07-05 22:37:01 | INFO     | __main__:get_account:46 - ex实例类型: %s
2025-07-05 22:37:01 | INFO     | __main__:get_account:48 - web_app.py用的BACKPACK_API_KEY: %s
2025-07-05 22:37:01 | INFO     | __main__:get_account:49 - web_app.py用的BACKPACK_API_SECRET: %s
2025-07-05 22:37:05 | INFO     | __main__:get_account:44 - 收到的exchange参数: %s
2025-07-05 22:37:05 | INFO     | __main__:get_account:46 - ex实例类型: %s
2025-07-05 22:37:05 | INFO     | __main__:get_account:48 - web_app.py用的BACKPACK_API_KEY: %s
2025-07-05 22:37:05 | INFO     | __main__:get_account:49 - web_app.py用的BACKPACK_API_SECRET: %s
2025-07-05 22:37:08 | INFO     | __main__:get_account:44 - 收到的exchange参数: %s
2025-07-05 22:37:08 | INFO     | __main__:get_account:46 - ex实例类型: %s
2025-07-05 22:37:08 | INFO     | __main__:get_account:48 - web_app.py用的BACKPACK_API_KEY: %s
2025-07-05 22:37:08 | INFO     | __main__:get_account:49 - web_app.py用的BACKPACK_API_SECRET: %s
2025-07-05 22:37:54 | INFO     | __main__:get_account:44 - 收到的exchange参数: %s
2025-07-05 22:37:54 | INFO     | __main__:get_account:44 - 收到的exchange参数: %s
2025-07-05 22:37:54 | INFO     | __main__:get_account:46 - ex实例类型: %s
2025-07-05 22:37:54 | INFO     | __main__:get_account:46 - ex实例类型: %s
2025-07-05 22:37:54 | INFO     | __main__:get_account:48 - web_app.py用的BACKPACK_API_KEY: %s
2025-07-05 22:37:54 | INFO     | __main__:get_account:48 - web_app.py用的BACKPACK_API_KEY: %s
2025-07-05 22:37:54 | INFO     | __main__:get_account:49 - web_app.py用的BACKPACK_API_SECRET: %s
2025-07-05 22:37:54 | INFO     | __main__:get_account:49 - web_app.py用的BACKPACK_API_SECRET: %s
2025-07-05 22:37:55 | INFO     | __main__:get_account:44 - 收到的exchange参数: %s
2025-07-05 22:37:55 | INFO     | __main__:get_account:46 - ex实例类型: %s
2025-07-05 22:37:55 | INFO     | __main__:get_account:48 - web_app.py用的BACKPACK_API_KEY: %s
2025-07-05 22:37:55 | INFO     | __main__:get_account:49 - web_app.py用的BACKPACK_API_SECRET: %s
2025-07-05 22:37:55 | INFO     | __main__:get_account:44 - 收到的exchange参数: %s
2025-07-05 22:37:55 | INFO     | __main__:get_account:46 - ex实例类型: %s
2025-07-05 22:37:55 | INFO     | __main__:get_account:48 - web_app.py用的BACKPACK_API_KEY: %s
2025-07-05 22:37:55 | INFO     | __main__:get_account:49 - web_app.py用的BACKPACK_API_SECRET: %s
2025-07-05 22:37:56 | INFO     | __main__:get_account:44 - 收到的exchange参数: %s
2025-07-05 22:37:56 | INFO     | __main__:get_account:46 - ex实例类型: %s
2025-07-05 22:37:56 | INFO     | __main__:get_account:48 - web_app.py用的BACKPACK_API_KEY: %s
2025-07-05 22:37:56 | INFO     | __main__:get_account:49 - web_app.py用的BACKPACK_API_SECRET: %s
2025-07-05 22:37:57 | INFO     | __main__:get_account:44 - 收到的exchange参数: %s
2025-07-05 22:37:57 | INFO     | __main__:get_account:46 - ex实例类型: %s
2025-07-05 22:37:57 | INFO     | __main__:get_account:48 - web_app.py用的BACKPACK_API_KEY: %s
2025-07-05 22:37:57 | INFO     | __main__:get_account:49 - web_app.py用的BACKPACK_API_SECRET: %s
2025-07-05 22:38:01 | INFO     | __main__:get_account:44 - 收到的exchange参数: %s
2025-07-05 22:38:01 | INFO     | __main__:get_account:46 - ex实例类型: %s
2025-07-05 22:38:01 | INFO     | __main__:get_account:48 - web_app.py用的BACKPACK_API_KEY: %s
2025-07-05 22:38:01 | INFO     | __main__:get_account:49 - web_app.py用的BACKPACK_API_SECRET: %s
2025-07-05 22:38:04 | INFO     | __main__:get_account:44 - 收到的exchange参数: %s
2025-07-05 22:38:04 | INFO     | __main__:get_account:46 - ex实例类型: %s
2025-07-05 22:38:04 | INFO     | __main__:get_account:48 - web_app.py用的BACKPACK_API_KEY: %s
2025-07-05 22:38:04 | INFO     | __main__:get_account:49 - web_app.py用的BACKPACK_API_SECRET: %s
2025-07-05 22:38:08 | INFO     | __main__:get_account:44 - 收到的exchange参数: %s
2025-07-05 22:38:08 | INFO     | __main__:get_account:46 - ex实例类型: %s
2025-07-05 22:38:08 | INFO     | __main__:get_account:48 - web_app.py用的BACKPACK_API_KEY: %s
2025-07-05 22:38:08 | INFO     | __main__:get_account:49 - web_app.py用的BACKPACK_API_SECRET: %s
2025-07-05 22:38:54 | INFO     | __main__:get_account:44 - 收到的exchange参数: %s
2025-07-05 22:38:54 | INFO     | __main__:get_account:46 - ex实例类型: %s
2025-07-05 22:38:54 | INFO     | __main__:get_account:48 - web_app.py用的BACKPACK_API_KEY: %s
2025-07-05 22:38:54 | INFO     | __main__:get_account:49 - web_app.py用的BACKPACK_API_SECRET: %s
2025-07-05 22:38:54 | INFO     | __main__:get_account:44 - 收到的exchange参数: %s
2025-07-05 22:38:54 | INFO     | __main__:get_account:46 - ex实例类型: %s
2025-07-05 22:38:54 | INFO     | __main__:get_account:48 - web_app.py用的BACKPACK_API_KEY: %s
2025-07-05 22:38:54 | INFO     | __main__:get_account:49 - web_app.py用的BACKPACK_API_SECRET: %s
2025-07-05 22:38:55 | INFO     | __main__:get_account:44 - 收到的exchange参数: %s
2025-07-05 22:38:55 | INFO     | __main__:get_account:46 - ex实例类型: %s
2025-07-05 22:38:55 | INFO     | __main__:get_account:48 - web_app.py用的BACKPACK_API_KEY: %s
2025-07-05 22:38:55 | INFO     | __main__:get_account:49 - web_app.py用的BACKPACK_API_SECRET: %s
2025-07-05 22:38:56 | INFO     | __main__:get_account:44 - 收到的exchange参数: %s
2025-07-05 22:38:56 | INFO     | __main__:get_account:46 - ex实例类型: %s
2025-07-05 22:38:56 | INFO     | __main__:get_account:48 - web_app.py用的BACKPACK_API_KEY: %s
2025-07-05 22:38:56 | INFO     | __main__:get_account:49 - web_app.py用的BACKPACK_API_SECRET: %s
2025-07-05 22:38:57 | INFO     | __main__:get_account:44 - 收到的exchange参数: %s
2025-07-05 22:38:57 | INFO     | __main__:get_account:46 - ex实例类型: %s
2025-07-05 22:38:57 | INFO     | __main__:get_account:48 - web_app.py用的BACKPACK_API_KEY: %s
2025-07-05 22:38:57 | INFO     | __main__:get_account:49 - web_app.py用的BACKPACK_API_SECRET: %s
2025-07-05 22:38:57 | INFO     | __main__:get_account:44 - 收到的exchange参数: %s
2025-07-05 22:38:57 | INFO     | __main__:get_account:46 - ex实例类型: %s
2025-07-05 22:38:57 | INFO     | __main__:get_account:48 - web_app.py用的BACKPACK_API_KEY: %s
2025-07-05 22:38:57 | INFO     | __main__:get_account:49 - web_app.py用的BACKPACK_API_SECRET: %s
2025-07-05 22:39:01 | INFO     | __main__:get_account:44 - 收到的exchange参数: %s
2025-07-05 22:39:01 | INFO     | __main__:get_account:46 - ex实例类型: %s
2025-07-05 22:39:01 | INFO     | __main__:get_account:48 - web_app.py用的BACKPACK_API_KEY: %s
2025-07-05 22:39:01 | INFO     | __main__:get_account:49 - web_app.py用的BACKPACK_API_SECRET: %s
2025-07-05 22:39:04 | INFO     | __main__:get_account:44 - 收到的exchange参数: %s
2025-07-05 22:39:04 | INFO     | __main__:get_account:46 - ex实例类型: %s
2025-07-05 22:39:04 | INFO     | __main__:get_account:48 - web_app.py用的BACKPACK_API_KEY: %s
2025-07-05 22:39:04 | INFO     | __main__:get_account:49 - web_app.py用的BACKPACK_API_SECRET: %s
2025-07-05 22:39:08 | INFO     | __main__:get_account:44 - 收到的exchange参数: %s
2025-07-05 22:39:08 | INFO     | __main__:get_account:46 - ex实例类型: %s
2025-07-05 22:39:08 | INFO     | __main__:get_account:48 - web_app.py用的BACKPACK_API_KEY: %s
2025-07-05 22:39:08 | INFO     | __main__:get_account:49 - web_app.py用的BACKPACK_API_SECRET: %s
2025-07-05 22:39:54 | INFO     | __main__:get_account:44 - 收到的exchange参数: %s
2025-07-05 22:39:54 | INFO     | __main__:get_account:46 - ex实例类型: %s
2025-07-05 22:39:54 | INFO     | __main__:get_account:44 - 收到的exchange参数: %s
2025-07-05 22:39:54 | INFO     | __main__:get_account:46 - ex实例类型: %s
2025-07-05 22:39:54 | INFO     | __main__:get_account:48 - web_app.py用的BACKPACK_API_KEY: %s
2025-07-05 22:39:54 | INFO     | __main__:get_account:48 - web_app.py用的BACKPACK_API_KEY: %s
2025-07-05 22:39:54 | INFO     | __main__:get_account:49 - web_app.py用的BACKPACK_API_SECRET: %s
2025-07-05 22:39:54 | INFO     | __main__:get_account:49 - web_app.py用的BACKPACK_API_SECRET: %s
2025-07-05 22:39:54 | INFO     | __main__:get_account:44 - 收到的exchange参数: %s
2025-07-05 22:39:54 | INFO     | __main__:get_account:46 - ex实例类型: %s
2025-07-05 22:39:54 | INFO     | __main__:get_account:48 - web_app.py用的BACKPACK_API_KEY: %s
2025-07-05 22:39:54 | INFO     | __main__:get_account:49 - web_app.py用的BACKPACK_API_SECRET: %s
2025-07-05 22:39:55 | INFO     | __main__:get_account:44 - 收到的exchange参数: %s
2025-07-05 22:39:55 | INFO     | __main__:get_account:46 - ex实例类型: %s
2025-07-05 22:39:55 | INFO     | __main__:get_account:48 - web_app.py用的BACKPACK_API_KEY: %s
2025-07-05 22:39:55 | INFO     | __main__:get_account:49 - web_app.py用的BACKPACK_API_SECRET: %s
2025-07-05 22:39:56 | INFO     | __main__:get_account:44 - 收到的exchange参数: %s
2025-07-05 22:39:56 | INFO     | __main__:get_account:46 - ex实例类型: %s
2025-07-05 22:39:56 | INFO     | __main__:get_account:48 - web_app.py用的BACKPACK_API_KEY: %s
2025-07-05 22:39:56 | INFO     | __main__:get_account:49 - web_app.py用的BACKPACK_API_SECRET: %s
2025-07-05 22:39:57 | INFO     | __main__:get_account:44 - 收到的exchange参数: %s
2025-07-05 22:39:57 | INFO     | __main__:get_account:46 - ex实例类型: %s
2025-07-05 22:39:57 | INFO     | __main__:get_account:48 - web_app.py用的BACKPACK_API_KEY: %s
2025-07-05 22:39:57 | INFO     | __main__:get_account:49 - web_app.py用的BACKPACK_API_SECRET: %s
2025-07-05 22:40:01 | INFO     | __main__:get_account:44 - 收到的exchange参数: %s
2025-07-05 22:40:01 | INFO     | __main__:get_account:46 - ex实例类型: %s
2025-07-05 22:40:01 | INFO     | __main__:get_account:48 - web_app.py用的BACKPACK_API_KEY: %s
2025-07-05 22:40:01 | INFO     | __main__:get_account:49 - web_app.py用的BACKPACK_API_SECRET: %s
2025-07-05 22:40:04 | INFO     | __main__:get_account:44 - 收到的exchange参数: %s
2025-07-05 22:40:04 | INFO     | __main__:get_account:46 - ex实例类型: %s
2025-07-05 22:40:04 | INFO     | __main__:get_account:48 - web_app.py用的BACKPACK_API_KEY: %s
2025-07-05 22:40:04 | INFO     | __main__:get_account:49 - web_app.py用的BACKPACK_API_SECRET: %s
2025-07-05 22:40:08 | INFO     | __main__:get_account:44 - 收到的exchange参数: %s
2025-07-05 22:40:08 | INFO     | __main__:get_account:46 - ex实例类型: %s
2025-07-05 22:40:08 | INFO     | __main__:get_account:48 - web_app.py用的BACKPACK_API_KEY: %s
2025-07-05 22:40:08 | INFO     | __main__:get_account:49 - web_app.py用的BACKPACK_API_SECRET: %s
2025-07-05 22:40:54 | INFO     | __main__:get_account:44 - 收到的exchange参数: %s
2025-07-05 22:40:54 | INFO     | __main__:get_account:46 - ex实例类型: %s
2025-07-05 22:40:54 | INFO     | __main__:get_account:48 - web_app.py用的BACKPACK_API_KEY: %s
2025-07-05 22:40:54 | INFO     | __main__:get_account:44 - 收到的exchange参数: %s
2025-07-05 22:40:54 | INFO     | __main__:get_account:49 - web_app.py用的BACKPACK_API_SECRET: %s
2025-07-05 22:40:54 | INFO     | __main__:get_account:46 - ex实例类型: %s
2025-07-05 22:40:54 | INFO     | __main__:get_account:48 - web_app.py用的BACKPACK_API_KEY: %s
2025-07-05 22:40:54 | INFO     | __main__:get_account:49 - web_app.py用的BACKPACK_API_SECRET: %s
2025-07-05 22:40:55 | INFO     | __main__:get_account:44 - 收到的exchange参数: %s
2025-07-05 22:40:55 | INFO     | __main__:get_account:46 - ex实例类型: %s
2025-07-05 22:40:55 | INFO     | __main__:get_account:48 - web_app.py用的BACKPACK_API_KEY: %s
2025-07-05 22:40:55 | INFO     | __main__:get_account:49 - web_app.py用的BACKPACK_API_SECRET: %s
2025-07-05 22:40:56 | INFO     | __main__:get_account:44 - 收到的exchange参数: %s
2025-07-05 22:40:56 | INFO     | __main__:get_account:46 - ex实例类型: %s
2025-07-05 22:40:56 | INFO     | __main__:get_account:48 - web_app.py用的BACKPACK_API_KEY: %s
2025-07-05 22:40:56 | INFO     | __main__:get_account:49 - web_app.py用的BACKPACK_API_SECRET: %s
2025-07-05 22:40:57 | INFO     | __main__:get_account:44 - 收到的exchange参数: %s
2025-07-05 22:40:57 | INFO     | __main__:get_account:46 - ex实例类型: %s
2025-07-05 22:40:57 | INFO     | __main__:get_account:48 - web_app.py用的BACKPACK_API_KEY: %s
2025-07-05 22:40:57 | INFO     | __main__:get_account:49 - web_app.py用的BACKPACK_API_SECRET: %s
2025-07-05 22:40:57 | INFO     | __main__:get_account:44 - 收到的exchange参数: %s
2025-07-05 22:40:57 | INFO     | __main__:get_account:46 - ex实例类型: %s
2025-07-05 22:40:57 | INFO     | __main__:get_account:48 - web_app.py用的BACKPACK_API_KEY: %s
2025-07-05 22:40:57 | INFO     | __main__:get_account:49 - web_app.py用的BACKPACK_API_SECRET: %s
2025-07-05 22:41:01 | INFO     | __main__:get_account:44 - 收到的exchange参数: %s
2025-07-05 22:41:01 | INFO     | __main__:get_account:46 - ex实例类型: %s
2025-07-05 22:41:01 | INFO     | __main__:get_account:48 - web_app.py用的BACKPACK_API_KEY: %s
2025-07-05 22:41:01 | INFO     | __main__:get_account:49 - web_app.py用的BACKPACK_API_SECRET: %s
2025-07-05 22:41:05 | INFO     | __main__:get_account:44 - 收到的exchange参数: %s
2025-07-05 22:41:05 | INFO     | __main__:get_account:46 - ex实例类型: %s
2025-07-05 22:41:05 | INFO     | __main__:get_account:48 - web_app.py用的BACKPACK_API_KEY: %s
2025-07-05 22:41:05 | INFO     | __main__:get_account:49 - web_app.py用的BACKPACK_API_SECRET: %s
2025-07-05 22:41:08 | INFO     | __main__:get_account:44 - 收到的exchange参数: %s
2025-07-05 22:41:08 | INFO     | __main__:get_account:46 - ex实例类型: %s
2025-07-05 22:41:08 | INFO     | __main__:get_account:48 - web_app.py用的BACKPACK_API_KEY: %s
2025-07-05 22:41:08 | INFO     | __main__:get_account:49 - web_app.py用的BACKPACK_API_SECRET: %s
2025-07-05 22:41:54 | INFO     | __main__:get_account:44 - 收到的exchange参数: %s
2025-07-05 22:41:54 | INFO     | __main__:get_account:46 - ex实例类型: %s
2025-07-05 22:41:54 | INFO     | __main__:get_account:44 - 收到的exchange参数: %s
2025-07-05 22:41:54 | INFO     | __main__:get_account:46 - ex实例类型: %s
2025-07-05 22:41:54 | INFO     | __main__:get_account:48 - web_app.py用的BACKPACK_API_KEY: %s
2025-07-05 22:41:54 | INFO     | __main__:get_account:49 - web_app.py用的BACKPACK_API_SECRET: %s
2025-07-05 22:41:54 | INFO     | __main__:get_account:48 - web_app.py用的BACKPACK_API_KEY: %s
2025-07-05 22:41:54 | INFO     | __main__:get_account:49 - web_app.py用的BACKPACK_API_SECRET: %s
2025-07-05 22:41:55 | INFO     | __main__:get_account:44 - 收到的exchange参数: %s
2025-07-05 22:41:55 | INFO     | __main__:get_account:46 - ex实例类型: %s
2025-07-05 22:41:55 | INFO     | __main__:get_account:48 - web_app.py用的BACKPACK_API_KEY: %s
2025-07-05 22:41:55 | INFO     | __main__:get_account:49 - web_app.py用的BACKPACK_API_SECRET: %s
2025-07-05 22:41:56 | INFO     | __main__:get_account:44 - 收到的exchange参数: %s
2025-07-05 22:41:56 | INFO     | __main__:get_account:46 - ex实例类型: %s
2025-07-05 22:41:56 | INFO     | __main__:get_account:48 - web_app.py用的BACKPACK_API_KEY: %s
2025-07-05 22:41:56 | INFO     | __main__:get_account:49 - web_app.py用的BACKPACK_API_SECRET: %s
2025-07-05 22:41:56 | INFO     | __main__:get_account:44 - 收到的exchange参数: %s
2025-07-05 22:41:56 | INFO     | __main__:get_account:46 - ex实例类型: %s
2025-07-05 22:41:56 | INFO     | __main__:get_account:48 - web_app.py用的BACKPACK_API_KEY: %s
2025-07-05 22:41:56 | INFO     | __main__:get_account:49 - web_app.py用的BACKPACK_API_SECRET: %s
2025-07-05 22:41:57 | INFO     | __main__:get_account:44 - 收到的exchange参数: %s
2025-07-05 22:41:57 | INFO     | __main__:get_account:46 - ex实例类型: %s
2025-07-05 22:41:57 | INFO     | __main__:get_account:48 - web_app.py用的BACKPACK_API_KEY: %s
2025-07-05 22:41:57 | INFO     | __main__:get_account:49 - web_app.py用的BACKPACK_API_SECRET: %s
2025-07-05 22:42:01 | INFO     | __main__:get_account:44 - 收到的exchange参数: %s
2025-07-05 22:42:01 | INFO     | __main__:get_account:46 - ex实例类型: %s
2025-07-05 22:42:01 | INFO     | __main__:get_account:48 - web_app.py用的BACKPACK_API_KEY: %s
2025-07-05 22:42:01 | INFO     | __main__:get_account:49 - web_app.py用的BACKPACK_API_SECRET: %s
2025-07-05 22:42:04 | INFO     | __main__:get_account:44 - 收到的exchange参数: %s
2025-07-05 22:42:04 | INFO     | __main__:get_account:46 - ex实例类型: %s
2025-07-05 22:42:04 | INFO     | __main__:get_account:48 - web_app.py用的BACKPACK_API_KEY: %s
2025-07-05 22:42:04 | INFO     | __main__:get_account:49 - web_app.py用的BACKPACK_API_SECRET: %s
2025-07-05 22:42:08 | INFO     | __main__:get_account:44 - 收到的exchange参数: %s
2025-07-05 22:42:08 | INFO     | __main__:get_account:46 - ex实例类型: %s
2025-07-05 22:42:08 | INFO     | __main__:get_account:48 - web_app.py用的BACKPACK_API_KEY: %s
2025-07-05 22:42:08 | INFO     | __main__:get_account:49 - web_app.py用的BACKPACK_API_SECRET: %s
2025-07-05 22:42:54 | INFO     | __main__:get_account:44 - 收到的exchange参数: %s
2025-07-05 22:42:54 | INFO     | __main__:get_account:44 - 收到的exchange参数: %s
2025-07-05 22:42:54 | INFO     | __main__:get_account:46 - ex实例类型: %s
2025-07-05 22:42:54 | INFO     | __main__:get_account:48 - web_app.py用的BACKPACK_API_KEY: %s
2025-07-05 22:42:54 | INFO     | __main__:get_account:49 - web_app.py用的BACKPACK_API_SECRET: %s
2025-07-05 22:42:54 | INFO     | __main__:get_account:46 - ex实例类型: %s
2025-07-05 22:42:54 | INFO     | __main__:get_account:48 - web_app.py用的BACKPACK_API_KEY: %s
2025-07-05 22:42:54 | INFO     | __main__:get_account:49 - web_app.py用的BACKPACK_API_SECRET: %s
2025-07-05 22:42:55 | INFO     | __main__:get_account:44 - 收到的exchange参数: %s
2025-07-05 22:42:55 | INFO     | __main__:get_account:46 - ex实例类型: %s
2025-07-05 22:42:55 | INFO     | __main__:get_account:48 - web_app.py用的BACKPACK_API_KEY: %s
2025-07-05 22:42:55 | INFO     | __main__:get_account:49 - web_app.py用的BACKPACK_API_SECRET: %s
2025-07-05 22:42:55 | INFO     | __main__:get_account:44 - 收到的exchange参数: %s
2025-07-05 22:42:55 | INFO     | __main__:get_account:46 - ex实例类型: %s
2025-07-05 22:42:55 | INFO     | __main__:get_account:48 - web_app.py用的BACKPACK_API_KEY: %s
2025-07-05 22:42:55 | INFO     | __main__:get_account:49 - web_app.py用的BACKPACK_API_SECRET: %s
2025-07-05 22:42:57 | INFO     | __main__:get_account:44 - 收到的exchange参数: %s
2025-07-05 22:42:57 | INFO     | __main__:get_account:46 - ex实例类型: %s
2025-07-05 22:42:57 | INFO     | __main__:get_account:48 - web_app.py用的BACKPACK_API_KEY: %s
2025-07-05 22:42:57 | INFO     | __main__:get_account:49 - web_app.py用的BACKPACK_API_SECRET: %s
2025-07-05 22:42:57 | INFO     | __main__:get_account:44 - 收到的exchange参数: %s
2025-07-05 22:42:57 | INFO     | __main__:get_account:46 - ex实例类型: %s
2025-07-05 22:42:57 | INFO     | __main__:get_account:48 - web_app.py用的BACKPACK_API_KEY: %s
2025-07-05 22:42:57 | INFO     | __main__:get_account:49 - web_app.py用的BACKPACK_API_SECRET: %s
2025-07-05 22:43:01 | INFO     | __main__:get_account:44 - 收到的exchange参数: %s
2025-07-05 22:43:01 | INFO     | __main__:get_account:46 - ex实例类型: %s
2025-07-05 22:43:01 | INFO     | __main__:get_account:48 - web_app.py用的BACKPACK_API_KEY: %s
2025-07-05 22:43:01 | INFO     | __main__:get_account:49 - web_app.py用的BACKPACK_API_SECRET: %s
2025-07-05 22:43:05 | INFO     | __main__:get_account:44 - 收到的exchange参数: %s
2025-07-05 22:43:05 | INFO     | __main__:get_account:46 - ex实例类型: %s
2025-07-05 22:43:05 | INFO     | __main__:get_account:48 - web_app.py用的BACKPACK_API_KEY: %s
2025-07-05 22:43:05 | INFO     | __main__:get_account:49 - web_app.py用的BACKPACK_API_SECRET: %s
2025-07-05 22:43:08 | INFO     | __main__:get_account:44 - 收到的exchange参数: %s
2025-07-05 22:43:08 | INFO     | __main__:get_account:46 - ex实例类型: %s
2025-07-05 22:43:08 | INFO     | __main__:get_account:48 - web_app.py用的BACKPACK_API_KEY: %s
2025-07-05 22:43:08 | INFO     | __main__:get_account:49 - web_app.py用的BACKPACK_API_SECRET: %s
2025-07-05 22:43:54 | INFO     | __main__:get_account:44 - 收到的exchange参数: %s
2025-07-05 22:43:54 | INFO     | __main__:get_account:46 - ex实例类型: %s
2025-07-05 22:43:54 | INFO     | __main__:get_account:44 - 收到的exchange参数: %s
2025-07-05 22:43:54 | INFO     | __main__:get_account:48 - web_app.py用的BACKPACK_API_KEY: %s
2025-07-05 22:43:54 | INFO     | __main__:get_account:46 - ex实例类型: %s
2025-07-05 22:43:54 | INFO     | __main__:get_account:49 - web_app.py用的BACKPACK_API_SECRET: %s
2025-07-05 22:43:54 | INFO     | __main__:get_account:48 - web_app.py用的BACKPACK_API_KEY: %s
2025-07-05 22:43:54 | INFO     | __main__:get_account:49 - web_app.py用的BACKPACK_API_SECRET: %s
2025-07-05 22:43:54 | INFO     | __main__:get_account:44 - 收到的exchange参数: %s
2025-07-05 22:43:54 | INFO     | __main__:get_account:46 - ex实例类型: %s
2025-07-05 22:43:54 | INFO     | __main__:get_account:48 - web_app.py用的BACKPACK_API_KEY: %s
2025-07-05 22:43:54 | INFO     | __main__:get_account:49 - web_app.py用的BACKPACK_API_SECRET: %s
2025-07-05 22:43:56 | INFO     | __main__:get_account:44 - 收到的exchange参数: %s
2025-07-05 22:43:56 | INFO     | __main__:get_account:46 - ex实例类型: %s
2025-07-05 22:43:56 | INFO     | __main__:get_account:48 - web_app.py用的BACKPACK_API_KEY: %s
2025-07-05 22:43:56 | INFO     | __main__:get_account:49 - web_app.py用的BACKPACK_API_SECRET: %s
2025-07-05 22:43:57 | INFO     | __main__:get_account:44 - 收到的exchange参数: %s
2025-07-05 22:43:57 | INFO     | __main__:get_account:46 - ex实例类型: %s
2025-07-05 22:43:57 | INFO     | __main__:get_account:48 - web_app.py用的BACKPACK_API_KEY: %s
2025-07-05 22:43:57 | INFO     | __main__:get_account:49 - web_app.py用的BACKPACK_API_SECRET: %s
2025-07-05 22:43:57 | INFO     | __main__:get_account:44 - 收到的exchange参数: %s
2025-07-05 22:43:57 | INFO     | __main__:get_account:46 - ex实例类型: %s
2025-07-05 22:43:57 | INFO     | __main__:get_account:48 - web_app.py用的BACKPACK_API_KEY: %s
2025-07-05 22:43:57 | INFO     | __main__:get_account:49 - web_app.py用的BACKPACK_API_SECRET: %s
2025-07-05 22:44:01 | INFO     | __main__:get_account:44 - 收到的exchange参数: %s
2025-07-05 22:44:01 | INFO     | __main__:get_account:46 - ex实例类型: %s
2025-07-05 22:44:01 | INFO     | __main__:get_account:48 - web_app.py用的BACKPACK_API_KEY: %s
2025-07-05 22:44:01 | INFO     | __main__:get_account:49 - web_app.py用的BACKPACK_API_SECRET: %s
2025-07-05 22:44:04 | INFO     | __main__:get_account:44 - 收到的exchange参数: %s
2025-07-05 22:44:04 | INFO     | __main__:get_account:46 - ex实例类型: %s
2025-07-05 22:44:04 | INFO     | __main__:get_account:48 - web_app.py用的BACKPACK_API_KEY: %s
2025-07-05 22:44:04 | INFO     | __main__:get_account:49 - web_app.py用的BACKPACK_API_SECRET: %s
2025-07-05 22:44:08 | INFO     | __main__:get_account:44 - 收到的exchange参数: %s
2025-07-05 22:44:08 | INFO     | __main__:get_account:46 - ex实例类型: %s
2025-07-05 22:44:08 | INFO     | __main__:get_account:48 - web_app.py用的BACKPACK_API_KEY: %s
2025-07-05 22:44:08 | INFO     | __main__:get_account:49 - web_app.py用的BACKPACK_API_SECRET: %s
2025-07-05 22:44:54 | INFO     | __main__:get_account:44 - 收到的exchange参数: %s
2025-07-05 22:44:54 | INFO     | __main__:get_account:46 - ex实例类型: %s
2025-07-05 22:44:54 | INFO     | __main__:get_account:48 - web_app.py用的BACKPACK_API_KEY: %s
2025-07-05 22:44:54 | INFO     | __main__:get_account:49 - web_app.py用的BACKPACK_API_SECRET: %s
2025-07-05 22:44:54 | INFO     | __main__:get_account:44 - 收到的exchange参数: %s
2025-07-05 22:44:54 | INFO     | __main__:get_account:46 - ex实例类型: %s
2025-07-05 22:44:54 | INFO     | __main__:get_account:48 - web_app.py用的BACKPACK_API_KEY: %s
2025-07-05 22:44:54 | INFO     | __main__:get_account:49 - web_app.py用的BACKPACK_API_SECRET: %s
2025-07-05 22:44:55 | INFO     | __main__:get_account:44 - 收到的exchange参数: %s
2025-07-05 22:44:55 | INFO     | __main__:get_account:46 - ex实例类型: %s
2025-07-05 22:44:55 | INFO     | __main__:get_account:48 - web_app.py用的BACKPACK_API_KEY: %s
2025-07-05 22:44:55 | INFO     | __main__:get_account:49 - web_app.py用的BACKPACK_API_SECRET: %s
2025-07-05 22:44:56 | INFO     | __main__:get_account:44 - 收到的exchange参数: %s
2025-07-05 22:44:56 | INFO     | __main__:get_account:46 - ex实例类型: %s
2025-07-05 22:44:56 | INFO     | __main__:get_account:48 - web_app.py用的BACKPACK_API_KEY: %s
2025-07-05 22:44:56 | INFO     | __main__:get_account:49 - web_app.py用的BACKPACK_API_SECRET: %s
2025-07-05 22:44:57 | INFO     | __main__:get_account:44 - 收到的exchange参数: %s
2025-07-05 22:44:57 | INFO     | __main__:get_account:46 - ex实例类型: %s
2025-07-05 22:44:57 | INFO     | __main__:get_account:48 - web_app.py用的BACKPACK_API_KEY: %s
2025-07-05 22:44:57 | INFO     | __main__:get_account:49 - web_app.py用的BACKPACK_API_SECRET: %s
2025-07-05 22:44:58 | INFO     | __main__:get_account:44 - 收到的exchange参数: %s
2025-07-05 22:44:58 | INFO     | __main__:get_account:46 - ex实例类型: %s
2025-07-05 22:44:58 | INFO     | __main__:get_account:48 - web_app.py用的BACKPACK_API_KEY: %s
2025-07-05 22:44:58 | INFO     | __main__:get_account:49 - web_app.py用的BACKPACK_API_SECRET: %s
2025-07-05 22:45:02 | INFO     | __main__:get_account:44 - 收到的exchange参数: %s
2025-07-05 22:45:02 | INFO     | __main__:get_account:46 - ex实例类型: %s
2025-07-05 22:45:02 | INFO     | __main__:get_account:48 - web_app.py用的BACKPACK_API_KEY: %s
2025-07-05 22:45:02 | INFO     | __main__:get_account:49 - web_app.py用的BACKPACK_API_SECRET: %s
2025-07-05 22:45:06 | INFO     | __main__:get_account:44 - 收到的exchange参数: %s
2025-07-05 22:45:06 | INFO     | __main__:get_account:46 - ex实例类型: %s
2025-07-05 22:45:06 | INFO     | __main__:get_account:48 - web_app.py用的BACKPACK_API_KEY: %s
2025-07-05 22:45:06 | INFO     | __main__:get_account:49 - web_app.py用的BACKPACK_API_SECRET: %s
2025-07-05 22:45:09 | INFO     | __main__:get_account:44 - 收到的exchange参数: %s
2025-07-05 22:45:09 | INFO     | __main__:get_account:46 - ex实例类型: %s
2025-07-05 22:45:09 | INFO     | __main__:get_account:48 - web_app.py用的BACKPACK_API_KEY: %s
2025-07-05 22:45:09 | INFO     | __main__:get_account:49 - web_app.py用的BACKPACK_API_SECRET: %s
2025-07-05 22:45:54 | INFO     | __main__:get_account:44 - 收到的exchange参数: %s
2025-07-05 22:45:54 | INFO     | __main__:get_account:46 - ex实例类型: %s
2025-07-05 22:45:54 | INFO     | __main__:get_account:48 - web_app.py用的BACKPACK_API_KEY: %s
2025-07-05 22:45:54 | INFO     | __main__:get_account:49 - web_app.py用的BACKPACK_API_SECRET: %s
2025-07-05 22:45:54 | INFO     | __main__:get_account:44 - 收到的exchange参数: %s
2025-07-05 22:45:54 | INFO     | __main__:get_account:46 - ex实例类型: %s
2025-07-05 22:45:54 | INFO     | __main__:get_account:48 - web_app.py用的BACKPACK_API_KEY: %s
2025-07-05 22:45:54 | INFO     | __main__:get_account:49 - web_app.py用的BACKPACK_API_SECRET: %s
2025-07-05 22:45:55 | INFO     | __main__:get_account:44 - 收到的exchange参数: %s
2025-07-05 22:45:55 | INFO     | __main__:get_account:46 - ex实例类型: %s
2025-07-05 22:45:55 | INFO     | __main__:get_account:48 - web_app.py用的BACKPACK_API_KEY: %s
2025-07-05 22:45:55 | INFO     | __main__:get_account:49 - web_app.py用的BACKPACK_API_SECRET: %s
2025-07-05 22:45:56 | INFO     | __main__:get_account:44 - 收到的exchange参数: %s
2025-07-05 22:45:56 | INFO     | __main__:get_account:46 - ex实例类型: %s
2025-07-05 22:45:56 | INFO     | __main__:get_account:48 - web_app.py用的BACKPACK_API_KEY: %s
2025-07-05 22:45:56 | INFO     | __main__:get_account:49 - web_app.py用的BACKPACK_API_SECRET: %s
2025-07-05 22:45:57 | INFO     | __main__:get_account:44 - 收到的exchange参数: %s
2025-07-05 22:45:57 | INFO     | __main__:get_account:46 - ex实例类型: %s
2025-07-05 22:45:57 | INFO     | __main__:get_account:48 - web_app.py用的BACKPACK_API_KEY: %s
2025-07-05 22:45:57 | INFO     | __main__:get_account:49 - web_app.py用的BACKPACK_API_SECRET: %s
2025-07-05 22:45:57 | INFO     | __main__:get_account:44 - 收到的exchange参数: %s
2025-07-05 22:45:57 | INFO     | __main__:get_account:46 - ex实例类型: %s
2025-07-05 22:45:57 | INFO     | __main__:get_account:48 - web_app.py用的BACKPACK_API_KEY: %s
2025-07-05 22:45:57 | INFO     | __main__:get_account:49 - web_app.py用的BACKPACK_API_SECRET: %s
2025-07-05 22:46:01 | INFO     | __main__:get_account:44 - 收到的exchange参数: %s
2025-07-05 22:46:01 | INFO     | __main__:get_account:46 - ex实例类型: %s
2025-07-05 22:46:01 | INFO     | __main__:get_account:48 - web_app.py用的BACKPACK_API_KEY: %s
2025-07-05 22:46:01 | INFO     | __main__:get_account:49 - web_app.py用的BACKPACK_API_SECRET: %s
2025-07-05 22:46:04 | INFO     | __main__:get_account:44 - 收到的exchange参数: %s
2025-07-05 22:46:04 | INFO     | __main__:get_account:46 - ex实例类型: %s
2025-07-05 22:46:04 | INFO     | __main__:get_account:48 - web_app.py用的BACKPACK_API_KEY: %s
2025-07-05 22:46:04 | INFO     | __main__:get_account:49 - web_app.py用的BACKPACK_API_SECRET: %s
2025-07-05 22:46:08 | INFO     | __main__:get_account:44 - 收到的exchange参数: %s
2025-07-05 22:46:08 | INFO     | __main__:get_account:46 - ex实例类型: %s
2025-07-05 22:46:08 | INFO     | __main__:get_account:48 - web_app.py用的BACKPACK_API_KEY: %s
2025-07-05 22:46:08 | INFO     | __main__:get_account:49 - web_app.py用的BACKPACK_API_SECRET: %s
2025-07-05 22:46:54 | INFO     | __main__:get_account:44 - 收到的exchange参数: %s
2025-07-05 22:46:54 | INFO     | __main__:get_account:46 - ex实例类型: %s
2025-07-05 22:46:54 | INFO     | __main__:get_account:48 - web_app.py用的BACKPACK_API_KEY: %s
2025-07-05 22:46:54 | INFO     | __main__:get_account:49 - web_app.py用的BACKPACK_API_SECRET: %s
2025-07-05 22:46:54 | INFO     | __main__:get_account:44 - 收到的exchange参数: %s
2025-07-05 22:46:54 | INFO     | __main__:get_account:46 - ex实例类型: %s
2025-07-05 22:46:54 | INFO     | __main__:get_account:48 - web_app.py用的BACKPACK_API_KEY: %s
2025-07-05 22:46:54 | INFO     | __main__:get_account:49 - web_app.py用的BACKPACK_API_SECRET: %s
2025-07-05 22:46:55 | INFO     | __main__:get_account:44 - 收到的exchange参数: %s
2025-07-05 22:46:55 | INFO     | __main__:get_account:46 - ex实例类型: %s
2025-07-05 22:46:55 | INFO     | __main__:get_account:48 - web_app.py用的BACKPACK_API_KEY: %s
2025-07-05 22:46:55 | INFO     | __main__:get_account:49 - web_app.py用的BACKPACK_API_SECRET: %s
2025-07-05 22:46:55 | INFO     | __main__:get_account:44 - 收到的exchange参数: %s
2025-07-05 22:46:55 | INFO     | __main__:get_account:46 - ex实例类型: %s
2025-07-05 22:46:55 | INFO     | __main__:get_account:48 - web_app.py用的BACKPACK_API_KEY: %s
2025-07-05 22:46:55 | INFO     | __main__:get_account:49 - web_app.py用的BACKPACK_API_SECRET: %s
2025-07-05 22:46:56 | INFO     | __main__:get_account:44 - 收到的exchange参数: %s
2025-07-05 22:46:56 | INFO     | __main__:get_account:46 - ex实例类型: %s
2025-07-05 22:46:56 | INFO     | __main__:get_account:48 - web_app.py用的BACKPACK_API_KEY: %s
2025-07-05 22:46:56 | INFO     | __main__:get_account:49 - web_app.py用的BACKPACK_API_SECRET: %s
2025-07-05 22:46:57 | INFO     | __main__:get_account:44 - 收到的exchange参数: %s
2025-07-05 22:46:57 | INFO     | __main__:get_account:46 - ex实例类型: %s
2025-07-05 22:46:57 | INFO     | __main__:get_account:48 - web_app.py用的BACKPACK_API_KEY: %s
2025-07-05 22:46:57 | INFO     | __main__:get_account:49 - web_app.py用的BACKPACK_API_SECRET: %s
2025-07-05 22:47:01 | INFO     | __main__:get_account:44 - 收到的exchange参数: %s
2025-07-05 22:47:01 | INFO     | __main__:get_account:46 - ex实例类型: %s
2025-07-05 22:47:01 | INFO     | __main__:get_account:48 - web_app.py用的BACKPACK_API_KEY: %s
2025-07-05 22:47:01 | INFO     | __main__:get_account:49 - web_app.py用的BACKPACK_API_SECRET: %s
2025-07-05 22:47:05 | INFO     | __main__:get_account:44 - 收到的exchange参数: %s
2025-07-05 22:47:05 | INFO     | __main__:get_account:46 - ex实例类型: %s
2025-07-05 22:47:05 | INFO     | __main__:get_account:48 - web_app.py用的BACKPACK_API_KEY: %s
2025-07-05 22:47:05 | INFO     | __main__:get_account:49 - web_app.py用的BACKPACK_API_SECRET: %s
2025-07-05 22:47:08 | INFO     | __main__:get_account:44 - 收到的exchange参数: %s
2025-07-05 22:47:08 | INFO     | __main__:get_account:46 - ex实例类型: %s
2025-07-05 22:47:08 | INFO     | __main__:get_account:48 - web_app.py用的BACKPACK_API_KEY: %s
2025-07-05 22:47:08 | INFO     | __main__:get_account:49 - web_app.py用的BACKPACK_API_SECRET: %s
