2025-07-05 21:20:18 | INFO     | __main__:get_account:44 - 收到的exchange参数: %s
2025-07-05 21:20:18 | INFO     | __main__:get_account:46 - ex实例类型: %s
2025-07-05 21:20:18 | INFO     | __main__:get_account:48 - web_app.py用的BACKPACK_API_KEY: %s
2025-07-05 21:20:18 | INFO     | __main__:get_account:49 - web_app.py用的BACKPACK_API_SECRET: %s
2025-07-05 21:20:18 | INFO     | __main__:get_account:44 - 收到的exchange参数: %s
2025-07-05 21:20:18 | INFO     | __main__:get_account:46 - ex实例类型: %s
2025-07-05 21:20:18 | INFO     | __main__:get_account:48 - web_app.py用的BACKPACK_API_KEY: %s
2025-07-05 21:20:18 | INFO     | __main__:get_account:49 - web_app.py用的BACKPACK_API_SECRET: %s
2025-07-05 21:20:18 | INFO     | __main__:get_account:44 - 收到的exchange参数: %s
2025-07-05 21:20:18 | INFO     | __main__:get_account:46 - ex实例类型: %s
2025-07-05 21:20:18 | INFO     | __main__:get_account:48 - web_app.py用的BACKPACK_API_KEY: %s
2025-07-05 21:20:18 | INFO     | __main__:get_account:49 - web_app.py用的BACKPACK_API_SECRET: %s
2025-07-05 21:20:19 | ERROR    | __main__:get_account:83 - 接口异常: %s
Traceback (most recent call last):

  File "/opt/homebrew/Cellar/python@3.13/3.13.3_1/Frameworks/Python.framework/Versions/3.13/lib/python3.13/threading.py", line 1012, in _bootstrap
    self._bootstrap_inner()
    │    └ <function Thread._bootstrap_inner at 0x104c20040>
    └ <Thread(Thread-6 (process_request_thread), started daemon 6198341632)>

  File "/opt/homebrew/Cellar/python@3.13/3.13.3_1/Frameworks/Python.framework/Versions/3.13/lib/python3.13/threading.py", line 1041, in _bootstrap_inner
    self.run()
    │    └ <function Thread.run at 0x104c1fd80>
    └ <Thread(Thread-6 (process_request_thread), started daemon 6198341632)>

  File "/opt/homebrew/Cellar/python@3.13/3.13.3_1/Frameworks/Python.framework/Versions/3.13/lib/python3.13/threading.py", line 992, in run
    self._target(*self._args, **self._kwargs)
    │    │        │    │        │    └ {}
    │    │        │    │        └ <Thread(Thread-6 (process_request_thread), started daemon 6198341632)>
    │    │        │    └ (<socket.socket fd=19, family=2, type=1, proto=0, laddr=('127.0.0.1', 5001), raddr=('127.0.0.1', 53348)>, ('127.0.0.1', 53348))
    │    │        └ <Thread(Thread-6 (process_request_thread), started daemon 6198341632)>
    │    └ <bound method ThreadingMixIn.process_request_thread of <werkzeug.serving.ThreadedWSGIServer object at 0x10b1db8c0>>
    └ <Thread(Thread-6 (process_request_thread), started daemon 6198341632)>

  File "/opt/homebrew/Cellar/python@3.13/3.13.3_1/Frameworks/Python.framework/Versions/3.13/lib/python3.13/socketserver.py", line 697, in process_request_thread
    self.finish_request(request, client_address)
    │    │              │        └ ('127.0.0.1', 53348)
    │    │              └ <socket.socket fd=19, family=2, type=1, proto=0, laddr=('127.0.0.1', 5001), raddr=('127.0.0.1', 53348)>
    │    └ <function BaseServer.finish_request at 0x104c21da0>
    └ <werkzeug.serving.ThreadedWSGIServer object at 0x10b1db8c0>

  File "/opt/homebrew/Cellar/python@3.13/3.13.3_1/Frameworks/Python.framework/Versions/3.13/lib/python3.13/socketserver.py", line 362, in finish_request
    self.RequestHandlerClass(request, client_address, self)
    │    │                   │        │               └ <werkzeug.serving.ThreadedWSGIServer object at 0x10b1db8c0>
    │    │                   │        └ ('127.0.0.1', 53348)
    │    │                   └ <socket.socket fd=19, family=2, type=1, proto=0, laddr=('127.0.0.1', 5001), raddr=('127.0.0.1', 53348)>
    │    └ <class 'werkzeug.serving.WSGIRequestHandler'>
    └ <werkzeug.serving.ThreadedWSGIServer object at 0x10b1db8c0>

  File "/opt/homebrew/Cellar/python@3.13/3.13.3_1/Frameworks/Python.framework/Versions/3.13/lib/python3.13/socketserver.py", line 766, in __init__
    self.handle()
    │    └ <function WSGIRequestHandler.handle at 0x105856ca0>
    └ <werkzeug.serving.WSGIRequestHandler object at 0x10b36c410>

  File "/Users/dujian/aster/aster_bot_python/venv/lib/python3.13/site-packages/werkzeug/serving.py", line 398, in handle
    super().handle()

  File "/opt/homebrew/Cellar/python@3.13/3.13.3_1/Frameworks/Python.framework/Versions/3.13/lib/python3.13/http/server.py", line 436, in handle
    self.handle_one_request()
    │    └ <function BaseHTTPRequestHandler.handle_one_request at 0x10560c180>
    └ <werkzeug.serving.WSGIRequestHandler object at 0x10b36c410>

  File "/opt/homebrew/Cellar/python@3.13/3.13.3_1/Frameworks/Python.framework/Versions/3.13/lib/python3.13/http/server.py", line 424, in handle_one_request
    method()
    └ <bound method WSGIRequestHandler.run_wsgi of <werkzeug.serving.WSGIRequestHandler object at 0x10b36c410>>

  File "/Users/dujian/aster/aster_bot_python/venv/lib/python3.13/site-packages/werkzeug/serving.py", line 370, in run_wsgi
    execute(self.server.app)
    │       │    │      └ <werkzeug.debug.DebuggedApplication object at 0x10b1da3c0>
    │       │    └ <werkzeug.serving.ThreadedWSGIServer object at 0x10b1db8c0>
    │       └ <werkzeug.serving.WSGIRequestHandler object at 0x10b36c410>
    └ <function WSGIRequestHandler.run_wsgi.<locals>.execute at 0x10b3b96c0>
  File "/Users/dujian/aster/aster_bot_python/venv/lib/python3.13/site-packages/werkzeug/serving.py", line 333, in execute
    for data in application_iter:
                └ <generator object DebuggedApplication.debug_application at 0x10b1ffe00>
  File "/Users/dujian/aster/aster_bot_python/venv/lib/python3.13/site-packages/werkzeug/debug/__init__.py", line 343, in debug_application
    app_iter = self.app(environ, start_response)
               │    │   │        └ <function WSGIRequestHandler.run_wsgi.<locals>.start_response at 0x10b3b9620>
               │    │   └ {'wsgi.version': (1, 0), 'wsgi.url_scheme': 'http', 'wsgi.input': <_io.BufferedReader name=19>, 'wsgi.errors': <_io.TextIOWra...
               │    └ <Flask 'web_app'>
               └ <werkzeug.debug.DebuggedApplication object at 0x10b1da3c0>
  File "/Users/dujian/aster/aster_bot_python/venv/lib/python3.13/site-packages/flask/app.py", line 1536, in __call__
    return self.wsgi_app(environ, start_response)
           │    │        │        └ <function WSGIRequestHandler.run_wsgi.<locals>.start_response at 0x10b3b9620>
           │    │        └ {'wsgi.version': (1, 0), 'wsgi.url_scheme': 'http', 'wsgi.input': <_io.BufferedReader name=19>, 'wsgi.errors': <_io.TextIOWra...
           │    └ <function Flask.wsgi_app at 0x106574e00>
           └ <Flask 'web_app'>
  File "/Users/dujian/aster/aster_bot_python/venv/lib/python3.13/site-packages/flask/app.py", line 1511, in wsgi_app
    response = self.full_dispatch_request()
               │    └ <function Flask.full_dispatch_request at 0x106574540>
               └ <Flask 'web_app'>
  File "/Users/dujian/aster/aster_bot_python/venv/lib/python3.13/site-packages/flask/app.py", line 917, in full_dispatch_request
    rv = self.dispatch_request()
         │    └ <function Flask.dispatch_request at 0x1065744a0>
         └ <Flask 'web_app'>
  File "/Users/dujian/aster/aster_bot_python/venv/lib/python3.13/site-packages/flask/app.py", line 902, in dispatch_request
    return self.ensure_sync(self.view_functions[rule.endpoint])(**view_args)  # type: ignore[no-any-return]
           │    │           │    │              │    │            └ {}
           │    │           │    │              │    └ 'get_account'
           │    │           │    │              └ <Rule '/api/account' (OPTIONS, HEAD, GET) -> get_account>
           │    │           │    └ {'static': <function Flask.__init__.<locals>.<lambda> at 0x10b1c79c0>, 'index': <function index at 0x10b1e54e0>, 'get_account...
           │    │           └ <Flask 'web_app'>
           │    └ <function Flask.ensure_sync at 0x106574720>
           └ <Flask 'web_app'>

> File "/Users/dujian/aster/aster_bot_python/web_app.py", line 65, in get_account
    account = ex.get_account()
              │  └ <function Aster.get_account at 0x106c004a0>
              └ <exchanges.aster.Aster object at 0x10b1e0910>

  File "/Users/dujian/aster/aster_bot_python/exchanges/aster.py", line 602, in get_account
    response = self._signed_request('GET', '/fapi/v2/account')
               │    └ <function Aster._signed_request at 0x1069ebc40>
               └ <exchanges.aster.Aster object at 0x10b1e0910>

  File "/Users/dujian/aster/aster_bot_python/exchanges/aster.py", line 419, in _signed_request
    raise Exception(f"API请求失败: {response.status_code} - {response.text}")
                                │        │               │        └ <property object at 0x1069e02c0>
                                │        │               └ <Response [400]>
                                │        └ 400
                                └ <Response [400]>

Exception: API请求失败: 400 - {"code":-1021,"msg":"Timestamp for this request is outside of the recvWindow."}
2025-07-05 21:20:19 | INFO     | __main__:get_account:44 - 收到的exchange参数: %s
2025-07-05 21:20:19 | INFO     | __main__:get_account:46 - ex实例类型: %s
2025-07-05 21:20:19 | INFO     | __main__:get_account:48 - web_app.py用的BACKPACK_API_KEY: %s
2025-07-05 21:20:19 | INFO     | __main__:get_account:49 - web_app.py用的BACKPACK_API_SECRET: %s
2025-07-05 21:20:19 | ERROR    | __main__:get_account:83 - 接口异常: %s
Traceback (most recent call last):

  File "/opt/homebrew/Cellar/python@3.13/3.13.3_1/Frameworks/Python.framework/Versions/3.13/lib/python3.13/threading.py", line 1012, in _bootstrap
    self._bootstrap_inner()
    │    └ <function Thread._bootstrap_inner at 0x104c20040>
    └ <Thread(Thread-8 (process_request_thread), started daemon 6231994368)>

  File "/opt/homebrew/Cellar/python@3.13/3.13.3_1/Frameworks/Python.framework/Versions/3.13/lib/python3.13/threading.py", line 1041, in _bootstrap_inner
    self.run()
    │    └ <function Thread.run at 0x104c1fd80>
    └ <Thread(Thread-8 (process_request_thread), started daemon 6231994368)>

  File "/opt/homebrew/Cellar/python@3.13/3.13.3_1/Frameworks/Python.framework/Versions/3.13/lib/python3.13/threading.py", line 992, in run
    self._target(*self._args, **self._kwargs)
    │    │        │    │        │    └ {}
    │    │        │    │        └ <Thread(Thread-8 (process_request_thread), started daemon 6231994368)>
    │    │        │    └ (<socket.socket fd=24, family=2, type=1, proto=0, laddr=('127.0.0.1', 5001), raddr=('127.0.0.1', 53350)>, ('127.0.0.1', 53350))
    │    │        └ <Thread(Thread-8 (process_request_thread), started daemon 6231994368)>
    │    └ <bound method ThreadingMixIn.process_request_thread of <werkzeug.serving.ThreadedWSGIServer object at 0x10b1db8c0>>
    └ <Thread(Thread-8 (process_request_thread), started daemon 6231994368)>

  File "/opt/homebrew/Cellar/python@3.13/3.13.3_1/Frameworks/Python.framework/Versions/3.13/lib/python3.13/socketserver.py", line 697, in process_request_thread
    self.finish_request(request, client_address)
    │    │              │        └ ('127.0.0.1', 53350)
    │    │              └ <socket.socket fd=24, family=2, type=1, proto=0, laddr=('127.0.0.1', 5001), raddr=('127.0.0.1', 53350)>
    │    └ <function BaseServer.finish_request at 0x104c21da0>
    └ <werkzeug.serving.ThreadedWSGIServer object at 0x10b1db8c0>

  File "/opt/homebrew/Cellar/python@3.13/3.13.3_1/Frameworks/Python.framework/Versions/3.13/lib/python3.13/socketserver.py", line 362, in finish_request
    self.RequestHandlerClass(request, client_address, self)
    │    │                   │        │               └ <werkzeug.serving.ThreadedWSGIServer object at 0x10b1db8c0>
    │    │                   │        └ ('127.0.0.1', 53350)
    │    │                   └ <socket.socket fd=24, family=2, type=1, proto=0, laddr=('127.0.0.1', 5001), raddr=('127.0.0.1', 53350)>
    │    └ <class 'werkzeug.serving.WSGIRequestHandler'>
    └ <werkzeug.serving.ThreadedWSGIServer object at 0x10b1db8c0>

  File "/opt/homebrew/Cellar/python@3.13/3.13.3_1/Frameworks/Python.framework/Versions/3.13/lib/python3.13/socketserver.py", line 766, in __init__
    self.handle()
    │    └ <function WSGIRequestHandler.handle at 0x105856ca0>
    └ <werkzeug.serving.WSGIRequestHandler object at 0x10b3fc180>

  File "/Users/dujian/aster/aster_bot_python/venv/lib/python3.13/site-packages/werkzeug/serving.py", line 398, in handle
    super().handle()

  File "/opt/homebrew/Cellar/python@3.13/3.13.3_1/Frameworks/Python.framework/Versions/3.13/lib/python3.13/http/server.py", line 436, in handle
    self.handle_one_request()
    │    └ <function BaseHTTPRequestHandler.handle_one_request at 0x10560c180>
    └ <werkzeug.serving.WSGIRequestHandler object at 0x10b3fc180>

  File "/opt/homebrew/Cellar/python@3.13/3.13.3_1/Frameworks/Python.framework/Versions/3.13/lib/python3.13/http/server.py", line 424, in handle_one_request
    method()
    └ <bound method WSGIRequestHandler.run_wsgi of <werkzeug.serving.WSGIRequestHandler object at 0x10b3fc180>>

  File "/Users/dujian/aster/aster_bot_python/venv/lib/python3.13/site-packages/werkzeug/serving.py", line 370, in run_wsgi
    execute(self.server.app)
    │       │    │      └ <werkzeug.debug.DebuggedApplication object at 0x10b1da3c0>
    │       │    └ <werkzeug.serving.ThreadedWSGIServer object at 0x10b1db8c0>
    │       └ <werkzeug.serving.WSGIRequestHandler object at 0x10b3fc180>
    └ <function WSGIRequestHandler.run_wsgi.<locals>.execute at 0x10b3baa20>
  File "/Users/dujian/aster/aster_bot_python/venv/lib/python3.13/site-packages/werkzeug/serving.py", line 333, in execute
    for data in application_iter:
                └ <generator object DebuggedApplication.debug_application at 0x10b3fc3d0>
  File "/Users/dujian/aster/aster_bot_python/venv/lib/python3.13/site-packages/werkzeug/debug/__init__.py", line 343, in debug_application
    app_iter = self.app(environ, start_response)
               │    │   │        └ <function WSGIRequestHandler.run_wsgi.<locals>.start_response at 0x10b3baac0>
               │    │   └ {'wsgi.version': (1, 0), 'wsgi.url_scheme': 'http', 'wsgi.input': <_io.BufferedReader name=24>, 'wsgi.errors': <_io.TextIOWra...
               │    └ <Flask 'web_app'>
               └ <werkzeug.debug.DebuggedApplication object at 0x10b1da3c0>
  File "/Users/dujian/aster/aster_bot_python/venv/lib/python3.13/site-packages/flask/app.py", line 1536, in __call__
    return self.wsgi_app(environ, start_response)
           │    │        │        └ <function WSGIRequestHandler.run_wsgi.<locals>.start_response at 0x10b3baac0>
           │    │        └ {'wsgi.version': (1, 0), 'wsgi.url_scheme': 'http', 'wsgi.input': <_io.BufferedReader name=24>, 'wsgi.errors': <_io.TextIOWra...
           │    └ <function Flask.wsgi_app at 0x106574e00>
           └ <Flask 'web_app'>
  File "/Users/dujian/aster/aster_bot_python/venv/lib/python3.13/site-packages/flask/app.py", line 1511, in wsgi_app
    response = self.full_dispatch_request()
               │    └ <function Flask.full_dispatch_request at 0x106574540>
               └ <Flask 'web_app'>
  File "/Users/dujian/aster/aster_bot_python/venv/lib/python3.13/site-packages/flask/app.py", line 917, in full_dispatch_request
    rv = self.dispatch_request()
         │    └ <function Flask.dispatch_request at 0x1065744a0>
         └ <Flask 'web_app'>
  File "/Users/dujian/aster/aster_bot_python/venv/lib/python3.13/site-packages/flask/app.py", line 902, in dispatch_request
    return self.ensure_sync(self.view_functions[rule.endpoint])(**view_args)  # type: ignore[no-any-return]
           │    │           │    │              │    │            └ {}
           │    │           │    │              │    └ 'get_account'
           │    │           │    │              └ <Rule '/api/account' (OPTIONS, HEAD, GET) -> get_account>
           │    │           │    └ {'static': <function Flask.__init__.<locals>.<lambda> at 0x10b1c79c0>, 'index': <function index at 0x10b1e54e0>, 'get_account...
           │    │           └ <Flask 'web_app'>
           │    └ <function Flask.ensure_sync at 0x106574720>
           └ <Flask 'web_app'>

> File "/Users/dujian/aster/aster_bot_python/web_app.py", line 65, in get_account
    account = ex.get_account()
              │  └ <function Aster.get_account at 0x106c004a0>
              └ <exchanges.aster.Aster object at 0x10b1e0910>

  File "/Users/dujian/aster/aster_bot_python/exchanges/aster.py", line 602, in get_account
    response = self._signed_request('GET', '/fapi/v2/account')
               │    └ <function Aster._signed_request at 0x1069ebc40>
               └ <exchanges.aster.Aster object at 0x10b1e0910>

  File "/Users/dujian/aster/aster_bot_python/exchanges/aster.py", line 419, in _signed_request
    raise Exception(f"API请求失败: {response.status_code} - {response.text}")
                                │        │               │        └ <property object at 0x1069e02c0>
                                │        │               └ <Response [400]>
                                │        └ 400
                                └ <Response [400]>

Exception: API请求失败: 400 - {"code":-1021,"msg":"Timestamp for this request is outside of the recvWindow."}
2025-07-05 21:20:19 | INFO     | __main__:get_account:44 - 收到的exchange参数: %s
2025-07-05 21:20:19 | INFO     | __main__:get_account:46 - ex实例类型: %s
2025-07-05 21:20:19 | INFO     | __main__:get_account:48 - web_app.py用的BACKPACK_API_KEY: %s
2025-07-05 21:20:19 | INFO     | __main__:get_account:49 - web_app.py用的BACKPACK_API_SECRET: %s
2025-07-05 21:20:21 | INFO     | __main__:get_account:44 - 收到的exchange参数: %s
2025-07-05 21:20:21 | INFO     | __main__:get_account:46 - ex实例类型: %s
2025-07-05 21:20:21 | INFO     | __main__:get_account:48 - web_app.py用的BACKPACK_API_KEY: %s
2025-07-05 21:20:21 | INFO     | __main__:get_account:49 - web_app.py用的BACKPACK_API_SECRET: %s
2025-07-05 21:20:22 | INFO     | __main__:get_account:44 - 收到的exchange参数: %s
2025-07-05 21:20:22 | INFO     | __main__:get_account:46 - ex实例类型: %s
2025-07-05 21:20:22 | INFO     | __main__:get_account:48 - web_app.py用的BACKPACK_API_KEY: %s
2025-07-05 21:20:22 | INFO     | __main__:get_account:49 - web_app.py用的BACKPACK_API_SECRET: %s
2025-07-05 21:20:23 | ERROR    | __main__:get_account:83 - 接口异常: %s
Traceback (most recent call last):

  File "/opt/homebrew/Cellar/python@3.13/3.13.3_1/Frameworks/Python.framework/Versions/3.13/lib/python3.13/threading.py", line 1012, in _bootstrap
    self._bootstrap_inner()
    │    └ <function Thread._bootstrap_inner at 0x104c20040>
    └ <Thread(Thread-22 (process_request_thread), started daemon 6181515264)>

  File "/opt/homebrew/Cellar/python@3.13/3.13.3_1/Frameworks/Python.framework/Versions/3.13/lib/python3.13/threading.py", line 1041, in _bootstrap_inner
    self.run()
    │    └ <function Thread.run at 0x104c1fd80>
    └ <Thread(Thread-22 (process_request_thread), started daemon 6181515264)>

  File "/opt/homebrew/Cellar/python@3.13/3.13.3_1/Frameworks/Python.framework/Versions/3.13/lib/python3.13/threading.py", line 992, in run
    self._target(*self._args, **self._kwargs)
    │    │        │    │        │    └ {}
    │    │        │    │        └ <Thread(Thread-22 (process_request_thread), started daemon 6181515264)>
    │    │        │    └ (<socket.socket fd=20, family=2, type=1, proto=0, laddr=('127.0.0.1', 5001), raddr=('127.0.0.1', 53436)>, ('127.0.0.1', 53436))
    │    │        └ <Thread(Thread-22 (process_request_thread), started daemon 6181515264)>
    │    └ <bound method ThreadingMixIn.process_request_thread of <werkzeug.serving.ThreadedWSGIServer object at 0x10b1db8c0>>
    └ <Thread(Thread-22 (process_request_thread), started daemon 6181515264)>

  File "/opt/homebrew/Cellar/python@3.13/3.13.3_1/Frameworks/Python.framework/Versions/3.13/lib/python3.13/socketserver.py", line 697, in process_request_thread
    self.finish_request(request, client_address)
    │    │              │        └ ('127.0.0.1', 53436)
    │    │              └ <socket.socket fd=20, family=2, type=1, proto=0, laddr=('127.0.0.1', 5001), raddr=('127.0.0.1', 53436)>
    │    └ <function BaseServer.finish_request at 0x104c21da0>
    └ <werkzeug.serving.ThreadedWSGIServer object at 0x10b1db8c0>

  File "/opt/homebrew/Cellar/python@3.13/3.13.3_1/Frameworks/Python.framework/Versions/3.13/lib/python3.13/socketserver.py", line 362, in finish_request
    self.RequestHandlerClass(request, client_address, self)
    │    │                   │        │               └ <werkzeug.serving.ThreadedWSGIServer object at 0x10b1db8c0>
    │    │                   │        └ ('127.0.0.1', 53436)
    │    │                   └ <socket.socket fd=20, family=2, type=1, proto=0, laddr=('127.0.0.1', 5001), raddr=('127.0.0.1', 53436)>
    │    └ <class 'werkzeug.serving.WSGIRequestHandler'>
    └ <werkzeug.serving.ThreadedWSGIServer object at 0x10b1db8c0>

  File "/opt/homebrew/Cellar/python@3.13/3.13.3_1/Frameworks/Python.framework/Versions/3.13/lib/python3.13/socketserver.py", line 766, in __init__
    self.handle()
    │    └ <function WSGIRequestHandler.handle at 0x105856ca0>
    └ <werkzeug.serving.WSGIRequestHandler object at 0x10b373e10>

  File "/Users/dujian/aster/aster_bot_python/venv/lib/python3.13/site-packages/werkzeug/serving.py", line 398, in handle
    super().handle()

  File "/opt/homebrew/Cellar/python@3.13/3.13.3_1/Frameworks/Python.framework/Versions/3.13/lib/python3.13/http/server.py", line 436, in handle
    self.handle_one_request()
    │    └ <function BaseHTTPRequestHandler.handle_one_request at 0x10560c180>
    └ <werkzeug.serving.WSGIRequestHandler object at 0x10b373e10>

  File "/opt/homebrew/Cellar/python@3.13/3.13.3_1/Frameworks/Python.framework/Versions/3.13/lib/python3.13/http/server.py", line 424, in handle_one_request
    method()
    └ <bound method WSGIRequestHandler.run_wsgi of <werkzeug.serving.WSGIRequestHandler object at 0x10b373e10>>

  File "/Users/dujian/aster/aster_bot_python/venv/lib/python3.13/site-packages/werkzeug/serving.py", line 370, in run_wsgi
    execute(self.server.app)
    │       │    │      └ <werkzeug.debug.DebuggedApplication object at 0x10b1da3c0>
    │       │    └ <werkzeug.serving.ThreadedWSGIServer object at 0x10b1db8c0>
    │       └ <werkzeug.serving.WSGIRequestHandler object at 0x10b373e10>
    └ <function WSGIRequestHandler.run_wsgi.<locals>.execute at 0x10b39b600>
  File "/Users/dujian/aster/aster_bot_python/venv/lib/python3.13/site-packages/werkzeug/serving.py", line 333, in execute
    for data in application_iter:
                └ <generator object DebuggedApplication.debug_application at 0x10b1ff350>
  File "/Users/dujian/aster/aster_bot_python/venv/lib/python3.13/site-packages/werkzeug/debug/__init__.py", line 343, in debug_application
    app_iter = self.app(environ, start_response)
               │    │   │        └ <function WSGIRequestHandler.run_wsgi.<locals>.start_response at 0x10b3d5b20>
               │    │   └ {'wsgi.version': (1, 0), 'wsgi.url_scheme': 'http', 'wsgi.input': <_io.BufferedReader name=20>, 'wsgi.errors': <_io.TextIOWra...
               │    └ <Flask 'web_app'>
               └ <werkzeug.debug.DebuggedApplication object at 0x10b1da3c0>
  File "/Users/dujian/aster/aster_bot_python/venv/lib/python3.13/site-packages/flask/app.py", line 1536, in __call__
    return self.wsgi_app(environ, start_response)
           │    │        │        └ <function WSGIRequestHandler.run_wsgi.<locals>.start_response at 0x10b3d5b20>
           │    │        └ {'wsgi.version': (1, 0), 'wsgi.url_scheme': 'http', 'wsgi.input': <_io.BufferedReader name=20>, 'wsgi.errors': <_io.TextIOWra...
           │    └ <function Flask.wsgi_app at 0x106574e00>
           └ <Flask 'web_app'>
  File "/Users/dujian/aster/aster_bot_python/venv/lib/python3.13/site-packages/flask/app.py", line 1511, in wsgi_app
    response = self.full_dispatch_request()
               │    └ <function Flask.full_dispatch_request at 0x106574540>
               └ <Flask 'web_app'>
  File "/Users/dujian/aster/aster_bot_python/venv/lib/python3.13/site-packages/flask/app.py", line 917, in full_dispatch_request
    rv = self.dispatch_request()
         │    └ <function Flask.dispatch_request at 0x1065744a0>
         └ <Flask 'web_app'>
  File "/Users/dujian/aster/aster_bot_python/venv/lib/python3.13/site-packages/flask/app.py", line 902, in dispatch_request
    return self.ensure_sync(self.view_functions[rule.endpoint])(**view_args)  # type: ignore[no-any-return]
           │    │           │    │              │    │            └ {}
           │    │           │    │              │    └ 'get_account'
           │    │           │    │              └ <Rule '/api/account' (OPTIONS, HEAD, GET) -> get_account>
           │    │           │    └ {'static': <function Flask.__init__.<locals>.<lambda> at 0x10b1c79c0>, 'index': <function index at 0x10b1e54e0>, 'get_account...
           │    │           └ <Flask 'web_app'>
           │    └ <function Flask.ensure_sync at 0x106574720>
           └ <Flask 'web_app'>

> File "/Users/dujian/aster/aster_bot_python/web_app.py", line 65, in get_account
    account = ex.get_account()
              │  └ <function Aster.get_account at 0x106c004a0>
              └ <exchanges.aster.Aster object at 0x10b1e0910>

  File "/Users/dujian/aster/aster_bot_python/exchanges/aster.py", line 602, in get_account
    response = self._signed_request('GET', '/fapi/v2/account')
               │    └ <function Aster._signed_request at 0x1069ebc40>
               └ <exchanges.aster.Aster object at 0x10b1e0910>

  File "/Users/dujian/aster/aster_bot_python/exchanges/aster.py", line 419, in _signed_request
    raise Exception(f"API请求失败: {response.status_code} - {response.text}")
                                │        │               │        └ <property object at 0x1069e02c0>
                                │        │               └ <Response [400]>
                                │        └ 400
                                └ <Response [400]>

Exception: API请求失败: 400 - {"code":-1021,"msg":"Timestamp for this request is outside of the recvWindow."}
2025-07-05 21:20:23 | INFO     | __main__:get_account:44 - 收到的exchange参数: %s
2025-07-05 21:20:23 | INFO     | __main__:get_account:46 - ex实例类型: %s
2025-07-05 21:20:23 | INFO     | __main__:get_account:48 - web_app.py用的BACKPACK_API_KEY: %s
2025-07-05 21:20:23 | INFO     | __main__:get_account:49 - web_app.py用的BACKPACK_API_SECRET: %s
2025-07-05 21:20:23 | INFO     | __main__:get_account:44 - 收到的exchange参数: %s
2025-07-05 21:20:23 | INFO     | __main__:get_account:46 - ex实例类型: %s
2025-07-05 21:20:23 | INFO     | __main__:get_account:48 - web_app.py用的BACKPACK_API_KEY: %s
2025-07-05 21:20:23 | INFO     | __main__:get_account:49 - web_app.py用的BACKPACK_API_SECRET: %s
2025-07-05 21:20:23 | INFO     | __main__:get_account:44 - 收到的exchange参数: %s
2025-07-05 21:20:23 | INFO     | __main__:get_account:46 - ex实例类型: %s
2025-07-05 21:20:23 | INFO     | __main__:get_account:48 - web_app.py用的BACKPACK_API_KEY: %s
2025-07-05 21:20:23 | INFO     | __main__:get_account:49 - web_app.py用的BACKPACK_API_SECRET: %s
2025-07-05 21:20:30 | INFO     | __main__:get_account:44 - 收到的exchange参数: %s
2025-07-05 21:20:30 | INFO     | __main__:get_account:46 - ex实例类型: %s
2025-07-05 21:20:30 | INFO     | __main__:get_account:48 - web_app.py用的BACKPACK_API_KEY: %s
2025-07-05 21:20:30 | INFO     | __main__:get_account:49 - web_app.py用的BACKPACK_API_SECRET: %s
2025-07-05 21:20:31 | INFO     | __main__:get_account:44 - 收到的exchange参数: %s
2025-07-05 21:20:31 | INFO     | __main__:get_account:46 - ex实例类型: %s
2025-07-05 21:20:31 | INFO     | __main__:get_account:48 - web_app.py用的BACKPACK_API_KEY: %s
2025-07-05 21:20:31 | INFO     | __main__:get_account:49 - web_app.py用的BACKPACK_API_SECRET: %s
