2025-07-07 16:09:08 | INFO     | __main__:get_account:57 - 收到的exchange参数: %s
2025-07-07 16:09:08 | INFO     | __main__:get_account:59 - ex实例类型: %s
2025-07-07 16:09:08 | INFO     | __main__:get_account:61 - web_app.py用的BACKPACK_API_KEY: %s
2025-07-07 16:09:08 | INFO     | __main__:get_account:62 - web_app.py用的BACKPACK_API_SECRET: %s
2025-07-07 16:09:08 | INFO     | __main__:get_account:57 - 收到的exchange参数: %s
2025-07-07 16:09:08 | INFO     | __main__:get_account:59 - ex实例类型: %s
2025-07-07 16:09:08 | INFO     | __main__:get_account:61 - web_app.py用的BACKPACK_API_KEY: %s
2025-07-07 16:09:08 | INFO     | __main__:get_account:62 - web_app.py用的BACKPACK_API_SECRET: %s
2025-07-07 16:09:09 | INFO     | __main__:get_account:57 - 收到的exchange参数: %s
2025-07-07 16:09:09 | INFO     | __main__:get_account:59 - ex实例类型: %s
2025-07-07 16:09:09 | INFO     | __main__:get_account:61 - web_app.py用的BACKPACK_API_KEY: %s
2025-07-07 16:09:09 | INFO     | __main__:get_account:62 - web_app.py用的BACKPACK_API_SECRET: %s
2025-07-07 16:09:11 | INFO     | __main__:get_account:57 - 收到的exchange参数: %s
2025-07-07 16:09:11 | INFO     | __main__:get_account:59 - ex实例类型: %s
2025-07-07 16:09:11 | INFO     | __main__:get_account:61 - web_app.py用的BACKPACK_API_KEY: %s
2025-07-07 16:09:11 | INFO     | __main__:get_account:62 - web_app.py用的BACKPACK_API_SECRET: %s
2025-07-07 16:09:11 | INFO     | __main__:get_account:57 - 收到的exchange参数: %s
2025-07-07 16:09:11 | INFO     | __main__:get_account:59 - ex实例类型: %s
2025-07-07 16:09:11 | INFO     | __main__:get_account:61 - web_app.py用的BACKPACK_API_KEY: %s
2025-07-07 16:09:11 | INFO     | __main__:get_account:62 - web_app.py用的BACKPACK_API_SECRET: %s
2025-07-07 16:09:13 | INFO     | __main__:get_account:57 - 收到的exchange参数: %s
2025-07-07 16:09:13 | INFO     | __main__:get_account:59 - ex实例类型: %s
2025-07-07 16:09:13 | INFO     | __main__:get_account:61 - web_app.py用的BACKPACK_API_KEY: %s
2025-07-07 16:09:13 | INFO     | __main__:get_account:62 - web_app.py用的BACKPACK_API_SECRET: %s
2025-07-07 16:09:14 | INFO     | __main__:get_account:57 - 收到的exchange参数: %s
2025-07-07 16:09:14 | INFO     | __main__:get_account:59 - ex实例类型: %s
2025-07-07 16:09:14 | INFO     | __main__:get_account:61 - web_app.py用的BACKPACK_API_KEY: %s
2025-07-07 16:09:14 | INFO     | __main__:get_account:62 - web_app.py用的BACKPACK_API_SECRET: %s
2025-07-07 16:09:15 | INFO     | __main__:get_account:57 - 收到的exchange参数: %s
2025-07-07 16:09:15 | INFO     | __main__:get_account:59 - ex实例类型: %s
2025-07-07 16:09:15 | INFO     | __main__:get_account:61 - web_app.py用的BACKPACK_API_KEY: %s
2025-07-07 16:09:15 | INFO     | __main__:get_account:62 - web_app.py用的BACKPACK_API_SECRET: %s
2025-07-07 16:09:16 | INFO     | __main__:get_account:57 - 收到的exchange参数: %s
2025-07-07 16:09:16 | INFO     | __main__:get_account:59 - ex实例类型: %s
2025-07-07 16:09:16 | INFO     | __main__:get_account:61 - web_app.py用的BACKPACK_API_KEY: %s
2025-07-07 16:09:16 | INFO     | __main__:get_account:62 - web_app.py用的BACKPACK_API_SECRET: %s
2025-07-07 16:09:18 | INFO     | __main__:get_account:57 - 收到的exchange参数: %s
2025-07-07 16:09:18 | INFO     | __main__:get_account:59 - ex实例类型: %s
2025-07-07 16:09:18 | INFO     | __main__:get_account:61 - web_app.py用的BACKPACK_API_KEY: %s
2025-07-07 16:09:18 | INFO     | __main__:get_account:62 - web_app.py用的BACKPACK_API_SECRET: %s
2025-07-07 16:09:18 | INFO     | __main__:get_account:57 - 收到的exchange参数: %s
2025-07-07 16:09:18 | INFO     | __main__:get_account:59 - ex实例类型: %s
2025-07-07 16:09:18 | INFO     | __main__:get_account:61 - web_app.py用的BACKPACK_API_KEY: %s
2025-07-07 16:09:18 | INFO     | __main__:get_account:62 - web_app.py用的BACKPACK_API_SECRET: %s
2025-07-07 16:09:20 | INFO     | __main__:get_account:57 - 收到的exchange参数: %s
2025-07-07 16:09:20 | INFO     | __main__:get_account:59 - ex实例类型: %s
2025-07-07 16:09:20 | INFO     | __main__:get_account:61 - web_app.py用的BACKPACK_API_KEY: %s
2025-07-07 16:09:20 | INFO     | __main__:get_account:62 - web_app.py用的BACKPACK_API_SECRET: %s
2025-07-07 16:09:21 | INFO     | __main__:get_account:57 - 收到的exchange参数: %s
2025-07-07 16:09:21 | INFO     | __main__:get_account:59 - ex实例类型: %s
2025-07-07 16:09:21 | INFO     | __main__:get_account:61 - web_app.py用的BACKPACK_API_KEY: %s
2025-07-07 16:09:21 | INFO     | __main__:get_account:62 - web_app.py用的BACKPACK_API_SECRET: %s
2025-07-07 16:09:22 | INFO     | __main__:get_account:57 - 收到的exchange参数: %s
2025-07-07 16:09:22 | INFO     | __main__:get_account:59 - ex实例类型: %s
2025-07-07 16:09:22 | INFO     | __main__:get_account:61 - web_app.py用的BACKPACK_API_KEY: %s
2025-07-07 16:09:22 | INFO     | __main__:get_account:62 - web_app.py用的BACKPACK_API_SECRET: %s
2025-07-07 16:09:23 | INFO     | __main__:get_account:57 - 收到的exchange参数: %s
2025-07-07 16:09:23 | INFO     | __main__:get_account:59 - ex实例类型: %s
2025-07-07 16:09:23 | INFO     | __main__:get_account:61 - web_app.py用的BACKPACK_API_KEY: %s
2025-07-07 16:09:23 | INFO     | __main__:get_account:62 - web_app.py用的BACKPACK_API_SECRET: %s
2025-07-07 16:09:25 | INFO     | __main__:get_account:57 - 收到的exchange参数: %s
2025-07-07 16:09:25 | INFO     | __main__:get_account:59 - ex实例类型: %s
2025-07-07 16:09:25 | INFO     | __main__:get_account:61 - web_app.py用的BACKPACK_API_KEY: %s
2025-07-07 16:09:25 | INFO     | __main__:get_account:62 - web_app.py用的BACKPACK_API_SECRET: %s
2025-07-07 16:09:25 | INFO     | __main__:get_account:57 - 收到的exchange参数: %s
2025-07-07 16:09:25 | INFO     | __main__:get_account:59 - ex实例类型: %s
2025-07-07 16:09:25 | INFO     | __main__:get_account:61 - web_app.py用的BACKPACK_API_KEY: %s
2025-07-07 16:09:25 | INFO     | __main__:get_account:62 - web_app.py用的BACKPACK_API_SECRET: %s
2025-07-07 16:09:27 | INFO     | __main__:get_account:57 - 收到的exchange参数: %s
2025-07-07 16:09:27 | INFO     | __main__:get_account:59 - ex实例类型: %s
2025-07-07 16:09:27 | INFO     | __main__:get_account:61 - web_app.py用的BACKPACK_API_KEY: %s
2025-07-07 16:09:27 | INFO     | __main__:get_account:62 - web_app.py用的BACKPACK_API_SECRET: %s
2025-07-07 16:09:28 | INFO     | __main__:get_account:57 - 收到的exchange参数: %s
2025-07-07 16:09:28 | INFO     | __main__:get_account:59 - ex实例类型: %s
2025-07-07 16:09:28 | INFO     | __main__:get_account:61 - web_app.py用的BACKPACK_API_KEY: %s
2025-07-07 16:09:28 | INFO     | __main__:get_account:62 - web_app.py用的BACKPACK_API_SECRET: %s
2025-07-07 16:09:28 | INFO     | __main__:get_account:57 - 收到的exchange参数: %s
2025-07-07 16:09:28 | INFO     | __main__:get_account:59 - ex实例类型: %s
2025-07-07 16:09:28 | INFO     | __main__:get_account:61 - web_app.py用的BACKPACK_API_KEY: %s
2025-07-07 16:09:28 | INFO     | __main__:get_account:62 - web_app.py用的BACKPACK_API_SECRET: %s
2025-07-07 16:09:30 | INFO     | __main__:get_account:57 - 收到的exchange参数: %s
2025-07-07 16:09:30 | INFO     | __main__:get_account:59 - ex实例类型: %s
2025-07-07 16:09:30 | INFO     | __main__:get_account:61 - web_app.py用的BACKPACK_API_KEY: %s
2025-07-07 16:09:30 | INFO     | __main__:get_account:62 - web_app.py用的BACKPACK_API_SECRET: %s
2025-07-07 16:09:32 | INFO     | __main__:get_account:57 - 收到的exchange参数: %s
2025-07-07 16:09:32 | INFO     | __main__:get_account:59 - ex实例类型: %s
2025-07-07 16:09:32 | INFO     | __main__:get_account:61 - web_app.py用的BACKPACK_API_KEY: %s
2025-07-07 16:09:32 | INFO     | __main__:get_account:62 - web_app.py用的BACKPACK_API_SECRET: %s
2025-07-07 16:09:32 | INFO     | __main__:get_account:57 - 收到的exchange参数: %s
2025-07-07 16:09:32 | INFO     | __main__:get_account:59 - ex实例类型: %s
2025-07-07 16:09:32 | INFO     | __main__:get_account:61 - web_app.py用的BACKPACK_API_KEY: %s
2025-07-07 16:09:32 | INFO     | __main__:get_account:62 - web_app.py用的BACKPACK_API_SECRET: %s
2025-07-07 16:09:34 | INFO     | __main__:get_account:57 - 收到的exchange参数: %s
2025-07-07 16:09:34 | INFO     | __main__:get_account:59 - ex实例类型: %s
2025-07-07 16:09:34 | INFO     | __main__:get_account:61 - web_app.py用的BACKPACK_API_KEY: %s
2025-07-07 16:09:34 | INFO     | __main__:get_account:62 - web_app.py用的BACKPACK_API_SECRET: %s
2025-07-07 16:09:35 | INFO     | __main__:get_account:57 - 收到的exchange参数: %s
2025-07-07 16:09:35 | INFO     | __main__:get_account:59 - ex实例类型: %s
2025-07-07 16:09:35 | INFO     | __main__:get_account:61 - web_app.py用的BACKPACK_API_KEY: %s
2025-07-07 16:09:35 | INFO     | __main__:get_account:62 - web_app.py用的BACKPACK_API_SECRET: %s
2025-07-07 16:09:36 | INFO     | __main__:get_account:57 - 收到的exchange参数: %s
2025-07-07 16:09:36 | INFO     | __main__:get_account:59 - ex实例类型: %s
2025-07-07 16:09:36 | INFO     | __main__:get_account:61 - web_app.py用的BACKPACK_API_KEY: %s
2025-07-07 16:09:36 | INFO     | __main__:get_account:62 - web_app.py用的BACKPACK_API_SECRET: %s
2025-07-07 16:09:37 | INFO     | __main__:get_account:57 - 收到的exchange参数: %s
2025-07-07 16:09:37 | INFO     | __main__:get_account:59 - ex实例类型: %s
2025-07-07 16:09:37 | INFO     | __main__:get_account:61 - web_app.py用的BACKPACK_API_KEY: %s
2025-07-07 16:09:37 | INFO     | __main__:get_account:62 - web_app.py用的BACKPACK_API_SECRET: %s
2025-07-07 16:09:38 | INFO     | __main__:get_account:57 - 收到的exchange参数: %s
2025-07-07 16:09:38 | INFO     | __main__:get_account:59 - ex实例类型: %s
2025-07-07 16:09:38 | INFO     | __main__:get_account:61 - web_app.py用的BACKPACK_API_KEY: %s
2025-07-07 16:09:38 | INFO     | __main__:get_account:62 - web_app.py用的BACKPACK_API_SECRET: %s
2025-07-07 16:09:39 | INFO     | __main__:get_account:57 - 收到的exchange参数: %s
2025-07-07 16:09:39 | INFO     | __main__:get_account:59 - ex实例类型: %s
2025-07-07 16:09:39 | INFO     | __main__:get_account:61 - web_app.py用的BACKPACK_API_KEY: %s
2025-07-07 16:09:39 | INFO     | __main__:get_account:62 - web_app.py用的BACKPACK_API_SECRET: %s
2025-07-07 16:09:41 | INFO     | __main__:get_account:57 - 收到的exchange参数: %s
2025-07-07 16:09:41 | INFO     | __main__:get_account:59 - ex实例类型: %s
2025-07-07 16:09:41 | INFO     | __main__:get_account:61 - web_app.py用的BACKPACK_API_KEY: %s
2025-07-07 16:09:41 | INFO     | __main__:get_account:62 - web_app.py用的BACKPACK_API_SECRET: %s
2025-07-07 16:09:41 | INFO     | __main__:get_account:57 - 收到的exchange参数: %s
2025-07-07 16:09:41 | INFO     | __main__:get_account:59 - ex实例类型: %s
2025-07-07 16:09:41 | INFO     | __main__:get_account:61 - web_app.py用的BACKPACK_API_KEY: %s
2025-07-07 16:09:41 | INFO     | __main__:get_account:62 - web_app.py用的BACKPACK_API_SECRET: %s
2025-07-07 16:09:42 | INFO     | __main__:get_account:57 - 收到的exchange参数: %s
2025-07-07 16:09:42 | INFO     | __main__:get_account:59 - ex实例类型: %s
2025-07-07 16:09:42 | INFO     | __main__:get_account:61 - web_app.py用的BACKPACK_API_KEY: %s
2025-07-07 16:09:42 | INFO     | __main__:get_account:62 - web_app.py用的BACKPACK_API_SECRET: %s
2025-07-07 16:09:44 | INFO     | __main__:get_account:57 - 收到的exchange参数: %s
2025-07-07 16:09:44 | INFO     | __main__:get_account:59 - ex实例类型: %s
2025-07-07 16:09:44 | INFO     | __main__:get_account:61 - web_app.py用的BACKPACK_API_KEY: %s
2025-07-07 16:09:44 | INFO     | __main__:get_account:62 - web_app.py用的BACKPACK_API_SECRET: %s
2025-07-07 16:09:45 | INFO     | __main__:get_account:57 - 收到的exchange参数: %s
2025-07-07 16:09:45 | INFO     | __main__:get_account:59 - ex实例类型: %s
2025-07-07 16:09:45 | INFO     | __main__:get_account:61 - web_app.py用的BACKPACK_API_KEY: %s
2025-07-07 16:09:45 | INFO     | __main__:get_account:62 - web_app.py用的BACKPACK_API_SECRET: %s
2025-07-07 16:09:46 | INFO     | __main__:get_account:57 - 收到的exchange参数: %s
2025-07-07 16:09:46 | INFO     | __main__:get_account:59 - ex实例类型: %s
2025-07-07 16:09:46 | INFO     | __main__:get_account:61 - web_app.py用的BACKPACK_API_KEY: %s
2025-07-07 16:09:46 | INFO     | __main__:get_account:62 - web_app.py用的BACKPACK_API_SECRET: %s
2025-07-07 16:09:47 | INFO     | __main__:get_account:57 - 收到的exchange参数: %s
2025-07-07 16:09:47 | INFO     | __main__:get_account:59 - ex实例类型: %s
2025-07-07 16:09:47 | INFO     | __main__:get_account:61 - web_app.py用的BACKPACK_API_KEY: %s
2025-07-07 16:09:47 | INFO     | __main__:get_account:62 - web_app.py用的BACKPACK_API_SECRET: %s
2025-07-07 16:09:47 | INFO     | __main__:get_account:57 - 收到的exchange参数: %s
2025-07-07 16:09:47 | INFO     | __main__:get_account:59 - ex实例类型: %s
2025-07-07 16:09:47 | INFO     | __main__:get_account:61 - web_app.py用的BACKPACK_API_KEY: %s
2025-07-07 16:09:47 | INFO     | __main__:get_account:62 - web_app.py用的BACKPACK_API_SECRET: %s
2025-07-07 16:09:48 | INFO     | __main__:get_account:57 - 收到的exchange参数: %s
2025-07-07 16:09:48 | INFO     | __main__:get_account:59 - ex实例类型: %s
2025-07-07 16:09:48 | INFO     | __main__:get_account:61 - web_app.py用的BACKPACK_API_KEY: %s
2025-07-07 16:09:48 | INFO     | __main__:get_account:62 - web_app.py用的BACKPACK_API_SECRET: %s
2025-07-07 16:09:49 | INFO     | __main__:get_account:57 - 收到的exchange参数: %s
2025-07-07 16:09:49 | INFO     | __main__:get_account:59 - ex实例类型: %s
2025-07-07 16:09:49 | INFO     | __main__:get_account:61 - web_app.py用的BACKPACK_API_KEY: %s
2025-07-07 16:09:49 | INFO     | __main__:get_account:62 - web_app.py用的BACKPACK_API_SECRET: %s
2025-07-07 16:09:51 | INFO     | __main__:get_account:57 - 收到的exchange参数: %s
2025-07-07 16:09:51 | INFO     | __main__:get_account:59 - ex实例类型: %s
2025-07-07 16:09:51 | INFO     | __main__:get_account:61 - web_app.py用的BACKPACK_API_KEY: %s
2025-07-07 16:09:51 | INFO     | __main__:get_account:62 - web_app.py用的BACKPACK_API_SECRET: %s
2025-07-07 16:09:52 | INFO     | __main__:get_account:57 - 收到的exchange参数: %s
2025-07-07 16:09:52 | INFO     | __main__:get_account:59 - ex实例类型: %s
2025-07-07 16:09:52 | INFO     | __main__:get_account:61 - web_app.py用的BACKPACK_API_KEY: %s
2025-07-07 16:09:52 | INFO     | __main__:get_account:62 - web_app.py用的BACKPACK_API_SECRET: %s
2025-07-07 16:09:53 | INFO     | __main__:get_account:57 - 收到的exchange参数: %s
2025-07-07 16:09:53 | INFO     | __main__:get_account:59 - ex实例类型: %s
2025-07-07 16:09:53 | INFO     | __main__:get_account:61 - web_app.py用的BACKPACK_API_KEY: %s
2025-07-07 16:09:53 | INFO     | __main__:get_account:62 - web_app.py用的BACKPACK_API_SECRET: %s
2025-07-07 16:09:54 | INFO     | __main__:get_account:57 - 收到的exchange参数: %s
2025-07-07 16:09:54 | INFO     | __main__:get_account:59 - ex实例类型: %s
2025-07-07 16:09:54 | INFO     | __main__:get_account:61 - web_app.py用的BACKPACK_API_KEY: %s
2025-07-07 16:09:54 | INFO     | __main__:get_account:62 - web_app.py用的BACKPACK_API_SECRET: %s
2025-07-07 16:09:55 | INFO     | __main__:get_account:57 - 收到的exchange参数: %s
2025-07-07 16:09:55 | INFO     | __main__:get_account:59 - ex实例类型: %s
2025-07-07 16:09:55 | INFO     | __main__:get_account:61 - web_app.py用的BACKPACK_API_KEY: %s
2025-07-07 16:09:55 | INFO     | __main__:get_account:62 - web_app.py用的BACKPACK_API_SECRET: %s
2025-07-07 16:09:56 | INFO     | __main__:get_account:57 - 收到的exchange参数: %s
2025-07-07 16:09:56 | INFO     | __main__:get_account:59 - ex实例类型: %s
2025-07-07 16:09:56 | INFO     | __main__:get_account:61 - web_app.py用的BACKPACK_API_KEY: %s
2025-07-07 16:09:56 | INFO     | __main__:get_account:62 - web_app.py用的BACKPACK_API_SECRET: %s
2025-07-07 16:09:56 | INFO     | __main__:get_account:57 - 收到的exchange参数: %s
2025-07-07 16:09:56 | INFO     | __main__:get_account:59 - ex实例类型: %s
2025-07-07 16:09:56 | INFO     | __main__:get_account:61 - web_app.py用的BACKPACK_API_KEY: %s
2025-07-07 16:09:56 | INFO     | __main__:get_account:62 - web_app.py用的BACKPACK_API_SECRET: %s
2025-07-07 16:09:56 | INFO     | __main__:get_account:57 - 收到的exchange参数: %s
2025-07-07 16:09:56 | INFO     | __main__:get_account:59 - ex实例类型: %s
2025-07-07 16:09:56 | INFO     | __main__:get_account:61 - web_app.py用的BACKPACK_API_KEY: %s
2025-07-07 16:09:56 | INFO     | __main__:get_account:62 - web_app.py用的BACKPACK_API_SECRET: %s
2025-07-07 16:09:58 | INFO     | __main__:get_account:57 - 收到的exchange参数: %s
2025-07-07 16:09:58 | INFO     | __main__:get_account:59 - ex实例类型: %s
2025-07-07 16:09:58 | INFO     | __main__:get_account:61 - web_app.py用的BACKPACK_API_KEY: %s
2025-07-07 16:09:58 | INFO     | __main__:get_account:62 - web_app.py用的BACKPACK_API_SECRET: %s
2025-07-07 16:09:59 | INFO     | __main__:get_account:57 - 收到的exchange参数: %s
2025-07-07 16:09:59 | INFO     | __main__:get_account:59 - ex实例类型: %s
2025-07-07 16:09:59 | INFO     | __main__:get_account:61 - web_app.py用的BACKPACK_API_KEY: %s
2025-07-07 16:09:59 | INFO     | __main__:get_account:62 - web_app.py用的BACKPACK_API_SECRET: %s
2025-07-07 16:09:59 | INFO     | __main__:get_account:57 - 收到的exchange参数: %s
2025-07-07 16:09:59 | INFO     | __main__:get_account:59 - ex实例类型: %s
2025-07-07 16:09:59 | INFO     | __main__:get_account:61 - web_app.py用的BACKPACK_API_KEY: %s
2025-07-07 16:09:59 | INFO     | __main__:get_account:62 - web_app.py用的BACKPACK_API_SECRET: %s
2025-07-07 16:10:00 | INFO     | __main__:get_account:57 - 收到的exchange参数: %s
2025-07-07 16:10:00 | INFO     | __main__:get_account:59 - ex实例类型: %s
2025-07-07 16:10:00 | INFO     | __main__:get_account:61 - web_app.py用的BACKPACK_API_KEY: %s
2025-07-07 16:10:00 | INFO     | __main__:get_account:62 - web_app.py用的BACKPACK_API_SECRET: %s
2025-07-07 16:10:01 | INFO     | __main__:get_account:57 - 收到的exchange参数: %s
2025-07-07 16:10:01 | INFO     | __main__:get_account:59 - ex实例类型: %s
2025-07-07 16:10:01 | INFO     | __main__:get_account:61 - web_app.py用的BACKPACK_API_KEY: %s
2025-07-07 16:10:01 | INFO     | __main__:get_account:62 - web_app.py用的BACKPACK_API_SECRET: %s
2025-07-07 16:10:02 | INFO     | __main__:get_account:57 - 收到的exchange参数: %s
2025-07-07 16:10:02 | INFO     | __main__:get_account:59 - ex实例类型: %s
2025-07-07 16:10:02 | INFO     | __main__:get_account:61 - web_app.py用的BACKPACK_API_KEY: %s
2025-07-07 16:10:02 | INFO     | __main__:get_account:62 - web_app.py用的BACKPACK_API_SECRET: %s
2025-07-07 16:10:03 | INFO     | __main__:get_account:57 - 收到的exchange参数: %s
2025-07-07 16:10:03 | INFO     | __main__:get_account:59 - ex实例类型: %s
2025-07-07 16:10:03 | INFO     | __main__:get_account:61 - web_app.py用的BACKPACK_API_KEY: %s
2025-07-07 16:10:03 | INFO     | __main__:get_account:62 - web_app.py用的BACKPACK_API_SECRET: %s
2025-07-07 16:10:03 | INFO     | __main__:get_account:57 - 收到的exchange参数: %s
2025-07-07 16:10:03 | INFO     | __main__:get_account:59 - ex实例类型: %s
2025-07-07 16:10:03 | INFO     | __main__:get_account:61 - web_app.py用的BACKPACK_API_KEY: %s
2025-07-07 16:10:03 | INFO     | __main__:get_account:62 - web_app.py用的BACKPACK_API_SECRET: %s
2025-07-07 16:10:06 | INFO     | __main__:get_account:57 - 收到的exchange参数: %s
2025-07-07 16:10:06 | INFO     | __main__:get_account:59 - ex实例类型: %s
2025-07-07 16:10:06 | INFO     | __main__:get_account:61 - web_app.py用的BACKPACK_API_KEY: %s
2025-07-07 16:10:06 | INFO     | __main__:get_account:62 - web_app.py用的BACKPACK_API_SECRET: %s
2025-07-07 16:10:06 | INFO     | __main__:get_account:57 - 收到的exchange参数: %s
2025-07-07 16:10:06 | INFO     | __main__:get_account:59 - ex实例类型: %s
2025-07-07 16:10:06 | INFO     | __main__:get_account:61 - web_app.py用的BACKPACK_API_KEY: %s
2025-07-07 16:10:06 | INFO     | __main__:get_account:62 - web_app.py用的BACKPACK_API_SECRET: %s
2025-07-07 16:10:07 | INFO     | __main__:get_account:57 - 收到的exchange参数: %s
2025-07-07 16:10:07 | INFO     | __main__:get_account:59 - ex实例类型: %s
2025-07-07 16:10:07 | INFO     | __main__:get_account:61 - web_app.py用的BACKPACK_API_KEY: %s
2025-07-07 16:10:07 | INFO     | __main__:get_account:62 - web_app.py用的BACKPACK_API_SECRET: %s
2025-07-07 16:10:07 | INFO     | __main__:get_account:57 - 收到的exchange参数: %s
2025-07-07 16:10:07 | INFO     | __main__:get_account:59 - ex实例类型: %s
2025-07-07 16:10:07 | INFO     | __main__:get_account:61 - web_app.py用的BACKPACK_API_KEY: %s
2025-07-07 16:10:07 | INFO     | __main__:get_account:62 - web_app.py用的BACKPACK_API_SECRET: %s
2025-07-07 16:10:08 | INFO     | __main__:get_account:57 - 收到的exchange参数: %s
2025-07-07 16:10:08 | INFO     | __main__:get_account:59 - ex实例类型: %s
2025-07-07 16:10:08 | INFO     | __main__:get_account:61 - web_app.py用的BACKPACK_API_KEY: %s
2025-07-07 16:10:08 | INFO     | __main__:get_account:62 - web_app.py用的BACKPACK_API_SECRET: %s
2025-07-07 16:10:09 | INFO     | __main__:get_account:57 - 收到的exchange参数: %s
2025-07-07 16:10:09 | INFO     | __main__:get_account:59 - ex实例类型: %s
2025-07-07 16:10:09 | INFO     | __main__:get_account:61 - web_app.py用的BACKPACK_API_KEY: %s
2025-07-07 16:10:09 | INFO     | __main__:get_account:62 - web_app.py用的BACKPACK_API_SECRET: %s
2025-07-07 16:10:10 | INFO     | __main__:get_account:57 - 收到的exchange参数: %s
2025-07-07 16:10:10 | INFO     | __main__:get_account:59 - ex实例类型: %s
2025-07-07 16:10:10 | INFO     | __main__:get_account:61 - web_app.py用的BACKPACK_API_KEY: %s
2025-07-07 16:10:10 | INFO     | __main__:get_account:62 - web_app.py用的BACKPACK_API_SECRET: %s
2025-07-07 16:10:11 | INFO     | __main__:get_account:57 - 收到的exchange参数: %s
2025-07-07 16:10:11 | INFO     | __main__:get_account:59 - ex实例类型: %s
2025-07-07 16:10:11 | INFO     | __main__:get_account:61 - web_app.py用的BACKPACK_API_KEY: %s
2025-07-07 16:10:11 | INFO     | __main__:get_account:62 - web_app.py用的BACKPACK_API_SECRET: %s
2025-07-07 16:10:11 | INFO     | __main__:get_account:57 - 收到的exchange参数: %s
2025-07-07 16:10:11 | INFO     | __main__:get_account:59 - ex实例类型: %s
2025-07-07 16:10:11 | INFO     | __main__:get_account:61 - web_app.py用的BACKPACK_API_KEY: %s
2025-07-07 16:10:11 | INFO     | __main__:get_account:62 - web_app.py用的BACKPACK_API_SECRET: %s
2025-07-07 16:10:11 | INFO     | __main__:get_account:57 - 收到的exchange参数: %s
2025-07-07 16:10:11 | INFO     | __main__:get_account:59 - ex实例类型: %s
2025-07-07 16:10:11 | INFO     | __main__:get_account:61 - web_app.py用的BACKPACK_API_KEY: %s
2025-07-07 16:10:11 | INFO     | __main__:get_account:62 - web_app.py用的BACKPACK_API_SECRET: %s
2025-07-07 16:10:12 | INFO     | __main__:get_account:57 - 收到的exchange参数: %s
2025-07-07 16:10:12 | INFO     | __main__:get_account:59 - ex实例类型: %s
2025-07-07 16:10:12 | INFO     | __main__:get_account:61 - web_app.py用的BACKPACK_API_KEY: %s
2025-07-07 16:10:12 | INFO     | __main__:get_account:62 - web_app.py用的BACKPACK_API_SECRET: %s
2025-07-07 16:10:12 | INFO     | __main__:get_account:57 - 收到的exchange参数: %s
2025-07-07 16:10:12 | INFO     | __main__:get_account:59 - ex实例类型: %s
2025-07-07 16:10:12 | INFO     | __main__:get_account:61 - web_app.py用的BACKPACK_API_KEY: %s
2025-07-07 16:10:12 | INFO     | __main__:get_account:62 - web_app.py用的BACKPACK_API_SECRET: %s
2025-07-07 16:10:13 | INFO     | __main__:get_account:57 - 收到的exchange参数: %s
2025-07-07 16:10:13 | INFO     | __main__:get_account:59 - ex实例类型: %s
2025-07-07 16:10:13 | INFO     | __main__:get_account:61 - web_app.py用的BACKPACK_API_KEY: %s
2025-07-07 16:10:13 | INFO     | __main__:get_account:62 - web_app.py用的BACKPACK_API_SECRET: %s
2025-07-07 16:10:14 | INFO     | __main__:get_account:57 - 收到的exchange参数: %s
2025-07-07 16:10:14 | INFO     | __main__:get_account:59 - ex实例类型: %s
2025-07-07 16:10:14 | INFO     | __main__:get_account:61 - web_app.py用的BACKPACK_API_KEY: %s
2025-07-07 16:10:14 | INFO     | __main__:get_account:62 - web_app.py用的BACKPACK_API_SECRET: %s
2025-07-07 16:10:15 | INFO     | __main__:get_account:57 - 收到的exchange参数: %s
2025-07-07 16:10:15 | INFO     | __main__:get_account:59 - ex实例类型: %s
2025-07-07 16:10:15 | INFO     | __main__:get_account:61 - web_app.py用的BACKPACK_API_KEY: %s
2025-07-07 16:10:15 | INFO     | __main__:get_account:62 - web_app.py用的BACKPACK_API_SECRET: %s
2025-07-07 16:10:15 | INFO     | __main__:get_account:57 - 收到的exchange参数: %s
2025-07-07 16:10:15 | INFO     | __main__:get_account:59 - ex实例类型: %s
2025-07-07 16:10:15 | INFO     | __main__:get_account:61 - web_app.py用的BACKPACK_API_KEY: %s
2025-07-07 16:10:15 | INFO     | __main__:get_account:62 - web_app.py用的BACKPACK_API_SECRET: %s
2025-07-07 16:10:16 | INFO     | __main__:get_account:57 - 收到的exchange参数: %s
2025-07-07 16:10:16 | INFO     | __main__:get_account:59 - ex实例类型: %s
2025-07-07 16:10:16 | INFO     | __main__:get_account:61 - web_app.py用的BACKPACK_API_KEY: %s
2025-07-07 16:10:16 | INFO     | __main__:get_account:62 - web_app.py用的BACKPACK_API_SECRET: %s
2025-07-07 16:10:17 | INFO     | __main__:get_account:57 - 收到的exchange参数: %s
2025-07-07 16:10:17 | INFO     | __main__:get_account:59 - ex实例类型: %s
2025-07-07 16:10:17 | INFO     | __main__:get_account:61 - web_app.py用的BACKPACK_API_KEY: %s
2025-07-07 16:10:17 | INFO     | __main__:get_account:62 - web_app.py用的BACKPACK_API_SECRET: %s
2025-07-07 16:10:17 | INFO     | __main__:get_account:57 - 收到的exchange参数: %s
2025-07-07 16:10:17 | INFO     | __main__:get_account:59 - ex实例类型: %s
2025-07-07 16:10:17 | INFO     | __main__:get_account:61 - web_app.py用的BACKPACK_API_KEY: %s
2025-07-07 16:10:17 | INFO     | __main__:get_account:62 - web_app.py用的BACKPACK_API_SECRET: %s
2025-07-07 16:10:19 | INFO     | __main__:get_account:57 - 收到的exchange参数: %s
2025-07-07 16:10:19 | INFO     | __main__:get_account:59 - ex实例类型: %s
2025-07-07 16:10:19 | INFO     | __main__:get_account:61 - web_app.py用的BACKPACK_API_KEY: %s
2025-07-07 16:10:19 | INFO     | __main__:get_account:62 - web_app.py用的BACKPACK_API_SECRET: %s
2025-07-07 16:10:20 | INFO     | __main__:get_account:57 - 收到的exchange参数: %s
2025-07-07 16:10:20 | INFO     | __main__:get_account:59 - ex实例类型: %s
2025-07-07 16:10:20 | INFO     | __main__:get_account:61 - web_app.py用的BACKPACK_API_KEY: %s
2025-07-07 16:10:20 | INFO     | __main__:get_account:62 - web_app.py用的BACKPACK_API_SECRET: %s
2025-07-07 16:10:20 | INFO     | __main__:get_account:57 - 收到的exchange参数: %s
2025-07-07 16:10:20 | INFO     | __main__:get_account:59 - ex实例类型: %s
2025-07-07 16:10:20 | INFO     | __main__:get_account:61 - web_app.py用的BACKPACK_API_KEY: %s
2025-07-07 16:10:20 | INFO     | __main__:get_account:62 - web_app.py用的BACKPACK_API_SECRET: %s
2025-07-07 16:10:21 | INFO     | __main__:get_account:57 - 收到的exchange参数: %s
2025-07-07 16:10:21 | INFO     | __main__:get_account:59 - ex实例类型: %s
2025-07-07 16:10:21 | INFO     | __main__:get_account:61 - web_app.py用的BACKPACK_API_KEY: %s
2025-07-07 16:10:21 | INFO     | __main__:get_account:62 - web_app.py用的BACKPACK_API_SECRET: %s
2025-07-07 16:10:21 | INFO     | __main__:get_account:57 - 收到的exchange参数: %s
2025-07-07 16:10:21 | INFO     | __main__:get_account:59 - ex实例类型: %s
2025-07-07 16:10:21 | INFO     | __main__:get_account:61 - web_app.py用的BACKPACK_API_KEY: %s
2025-07-07 16:10:21 | INFO     | __main__:get_account:62 - web_app.py用的BACKPACK_API_SECRET: %s
2025-07-07 16:10:23 | INFO     | __main__:get_account:57 - 收到的exchange参数: %s
2025-07-07 16:10:23 | INFO     | __main__:get_account:59 - ex实例类型: %s
2025-07-07 16:10:23 | INFO     | __main__:get_account:61 - web_app.py用的BACKPACK_API_KEY: %s
2025-07-07 16:10:23 | INFO     | __main__:get_account:62 - web_app.py用的BACKPACK_API_SECRET: %s
2025-07-07 16:10:24 | INFO     | __main__:get_account:57 - 收到的exchange参数: %s
2025-07-07 16:10:24 | INFO     | __main__:get_account:59 - ex实例类型: %s
2025-07-07 16:10:24 | INFO     | __main__:get_account:61 - web_app.py用的BACKPACK_API_KEY: %s
2025-07-07 16:10:24 | INFO     | __main__:get_account:62 - web_app.py用的BACKPACK_API_SECRET: %s
2025-07-07 16:10:25 | INFO     | __main__:get_account:57 - 收到的exchange参数: %s
2025-07-07 16:10:25 | INFO     | __main__:get_account:59 - ex实例类型: %s
2025-07-07 16:10:25 | INFO     | __main__:get_account:61 - web_app.py用的BACKPACK_API_KEY: %s
2025-07-07 16:10:25 | INFO     | __main__:get_account:62 - web_app.py用的BACKPACK_API_SECRET: %s
2025-07-07 16:10:26 | INFO     | __main__:get_account:57 - 收到的exchange参数: %s
2025-07-07 16:10:26 | INFO     | __main__:get_account:59 - ex实例类型: %s
2025-07-07 16:10:26 | INFO     | __main__:get_account:61 - web_app.py用的BACKPACK_API_KEY: %s
2025-07-07 16:10:26 | INFO     | __main__:get_account:62 - web_app.py用的BACKPACK_API_SECRET: %s
2025-07-07 16:10:26 | INFO     | __main__:get_account:57 - 收到的exchange参数: %s
2025-07-07 16:10:26 | INFO     | __main__:get_account:59 - ex实例类型: %s
2025-07-07 16:10:26 | INFO     | __main__:get_account:61 - web_app.py用的BACKPACK_API_KEY: %s
2025-07-07 16:10:26 | INFO     | __main__:get_account:62 - web_app.py用的BACKPACK_API_SECRET: %s
2025-07-07 16:10:26 | INFO     | __main__:get_account:57 - 收到的exchange参数: %s
2025-07-07 16:10:26 | INFO     | __main__:get_account:59 - ex实例类型: %s
2025-07-07 16:10:26 | INFO     | __main__:get_account:61 - web_app.py用的BACKPACK_API_KEY: %s
2025-07-07 16:10:26 | INFO     | __main__:get_account:62 - web_app.py用的BACKPACK_API_SECRET: %s
2025-07-07 16:10:26 | INFO     | __main__:get_account:57 - 收到的exchange参数: %s
2025-07-07 16:10:26 | INFO     | __main__:get_account:59 - ex实例类型: %s
2025-07-07 16:10:26 | INFO     | __main__:get_account:61 - web_app.py用的BACKPACK_API_KEY: %s
2025-07-07 16:10:26 | INFO     | __main__:get_account:62 - web_app.py用的BACKPACK_API_SECRET: %s
2025-07-07 16:10:27 | INFO     | __main__:get_account:57 - 收到的exchange参数: %s
2025-07-07 16:10:27 | INFO     | __main__:get_account:59 - ex实例类型: %s
2025-07-07 16:10:27 | INFO     | __main__:get_account:61 - web_app.py用的BACKPACK_API_KEY: %s
2025-07-07 16:10:27 | INFO     | __main__:get_account:62 - web_app.py用的BACKPACK_API_SECRET: %s
2025-07-07 16:10:28 | INFO     | __main__:get_account:57 - 收到的exchange参数: %s
2025-07-07 16:10:28 | INFO     | __main__:get_account:59 - ex实例类型: %s
2025-07-07 16:10:28 | INFO     | __main__:get_account:61 - web_app.py用的BACKPACK_API_KEY: %s
2025-07-07 16:10:28 | INFO     | __main__:get_account:62 - web_app.py用的BACKPACK_API_SECRET: %s
2025-07-07 16:10:28 | INFO     | __main__:get_account:57 - 收到的exchange参数: %s
2025-07-07 16:10:28 | INFO     | __main__:get_account:59 - ex实例类型: %s
2025-07-07 16:10:28 | INFO     | __main__:get_account:61 - web_app.py用的BACKPACK_API_KEY: %s
2025-07-07 16:10:28 | INFO     | __main__:get_account:62 - web_app.py用的BACKPACK_API_SECRET: %s
2025-07-07 16:10:29 | INFO     | __main__:get_account:57 - 收到的exchange参数: %s
2025-07-07 16:10:29 | INFO     | __main__:get_account:59 - ex实例类型: %s
2025-07-07 16:10:29 | INFO     | __main__:get_account:61 - web_app.py用的BACKPACK_API_KEY: %s
2025-07-07 16:10:29 | INFO     | __main__:get_account:62 - web_app.py用的BACKPACK_API_SECRET: %s
2025-07-07 16:10:29 | INFO     | __main__:get_account:57 - 收到的exchange参数: %s
2025-07-07 16:10:29 | INFO     | __main__:get_account:59 - ex实例类型: %s
2025-07-07 16:10:29 | INFO     | __main__:get_account:61 - web_app.py用的BACKPACK_API_KEY: %s
2025-07-07 16:10:29 | INFO     | __main__:get_account:62 - web_app.py用的BACKPACK_API_SECRET: %s
2025-07-07 16:10:30 | INFO     | __main__:get_account:57 - 收到的exchange参数: %s
2025-07-07 16:10:30 | INFO     | __main__:get_account:59 - ex实例类型: %s
2025-07-07 16:10:30 | INFO     | __main__:get_account:61 - web_app.py用的BACKPACK_API_KEY: %s
2025-07-07 16:10:30 | INFO     | __main__:get_account:62 - web_app.py用的BACKPACK_API_SECRET: %s
2025-07-07 16:10:31 | INFO     | __main__:get_account:57 - 收到的exchange参数: %s
2025-07-07 16:10:31 | INFO     | __main__:get_account:59 - ex实例类型: %s
2025-07-07 16:10:31 | INFO     | __main__:get_account:61 - web_app.py用的BACKPACK_API_KEY: %s
2025-07-07 16:10:31 | INFO     | __main__:get_account:62 - web_app.py用的BACKPACK_API_SECRET: %s
2025-07-07 16:10:31 | INFO     | __main__:get_account:57 - 收到的exchange参数: %s
2025-07-07 16:10:31 | INFO     | __main__:get_account:59 - ex实例类型: %s
2025-07-07 16:10:31 | INFO     | __main__:get_account:61 - web_app.py用的BACKPACK_API_KEY: %s
2025-07-07 16:10:31 | INFO     | __main__:get_account:62 - web_app.py用的BACKPACK_API_SECRET: %s
2025-07-07 16:10:32 | INFO     | __main__:get_account:57 - 收到的exchange参数: %s
2025-07-07 16:10:32 | INFO     | __main__:get_account:59 - ex实例类型: %s
2025-07-07 16:10:32 | INFO     | __main__:get_account:61 - web_app.py用的BACKPACK_API_KEY: %s
2025-07-07 16:10:32 | INFO     | __main__:get_account:62 - web_app.py用的BACKPACK_API_SECRET: %s
2025-07-07 16:10:34 | INFO     | __main__:get_account:57 - 收到的exchange参数: %s
2025-07-07 16:10:34 | INFO     | __main__:get_account:59 - ex实例类型: %s
2025-07-07 16:10:34 | INFO     | __main__:get_account:61 - web_app.py用的BACKPACK_API_KEY: %s
2025-07-07 16:10:34 | INFO     | __main__:get_account:62 - web_app.py用的BACKPACK_API_SECRET: %s
2025-07-07 16:10:34 | INFO     | __main__:get_account:57 - 收到的exchange参数: %s
2025-07-07 16:10:34 | INFO     | __main__:get_account:59 - ex实例类型: %s
2025-07-07 16:10:34 | INFO     | __main__:get_account:61 - web_app.py用的BACKPACK_API_KEY: %s
2025-07-07 16:10:34 | INFO     | __main__:get_account:62 - web_app.py用的BACKPACK_API_SECRET: %s
2025-07-07 16:10:35 | INFO     | __main__:get_account:57 - 收到的exchange参数: %s
2025-07-07 16:10:35 | INFO     | __main__:get_account:59 - ex实例类型: %s
2025-07-07 16:10:35 | INFO     | __main__:get_account:61 - web_app.py用的BACKPACK_API_KEY: %s
2025-07-07 16:10:35 | INFO     | __main__:get_account:62 - web_app.py用的BACKPACK_API_SECRET: %s
2025-07-07 16:10:35 | INFO     | __main__:get_account:57 - 收到的exchange参数: %s
2025-07-07 16:10:35 | INFO     | __main__:get_account:59 - ex实例类型: %s
2025-07-07 16:10:35 | INFO     | __main__:get_account:61 - web_app.py用的BACKPACK_API_KEY: %s
2025-07-07 16:10:35 | INFO     | __main__:get_account:62 - web_app.py用的BACKPACK_API_SECRET: %s
2025-07-07 16:10:37 | INFO     | __main__:get_account:57 - 收到的exchange参数: %s
2025-07-07 16:10:37 | INFO     | __main__:get_account:59 - ex实例类型: %s
2025-07-07 16:10:37 | INFO     | __main__:get_account:61 - web_app.py用的BACKPACK_API_KEY: %s
2025-07-07 16:10:37 | INFO     | __main__:get_account:62 - web_app.py用的BACKPACK_API_SECRET: %s
2025-07-07 16:10:37 | INFO     | __main__:get_account:57 - 收到的exchange参数: %s
2025-07-07 16:10:37 | INFO     | __main__:get_account:59 - ex实例类型: %s
2025-07-07 16:10:37 | INFO     | __main__:get_account:61 - web_app.py用的BACKPACK_API_KEY: %s
2025-07-07 16:10:37 | INFO     | __main__:get_account:62 - web_app.py用的BACKPACK_API_SECRET: %s
2025-07-07 16:10:37 | INFO     | __main__:get_account:57 - 收到的exchange参数: %s
2025-07-07 16:10:37 | INFO     | __main__:get_account:59 - ex实例类型: %s
2025-07-07 16:10:37 | INFO     | __main__:get_account:61 - web_app.py用的BACKPACK_API_KEY: %s
2025-07-07 16:10:37 | INFO     | __main__:get_account:62 - web_app.py用的BACKPACK_API_SECRET: %s
2025-07-07 16:10:38 | INFO     | __main__:get_account:57 - 收到的exchange参数: %s
2025-07-07 16:10:38 | INFO     | __main__:get_account:59 - ex实例类型: %s
2025-07-07 16:10:38 | INFO     | __main__:get_account:61 - web_app.py用的BACKPACK_API_KEY: %s
2025-07-07 16:10:38 | INFO     | __main__:get_account:62 - web_app.py用的BACKPACK_API_SECRET: %s
2025-07-07 16:10:39 | INFO     | __main__:get_account:57 - 收到的exchange参数: %s
2025-07-07 16:10:39 | INFO     | __main__:get_account:59 - ex实例类型: %s
2025-07-07 16:10:39 | INFO     | __main__:get_account:61 - web_app.py用的BACKPACK_API_KEY: %s
2025-07-07 16:10:39 | INFO     | __main__:get_account:62 - web_app.py用的BACKPACK_API_SECRET: %s
2025-07-07 16:10:39 | INFO     | __main__:get_account:57 - 收到的exchange参数: %s
2025-07-07 16:10:39 | INFO     | __main__:get_account:59 - ex实例类型: %s
2025-07-07 16:10:39 | INFO     | __main__:get_account:61 - web_app.py用的BACKPACK_API_KEY: %s
2025-07-07 16:10:39 | INFO     | __main__:get_account:62 - web_app.py用的BACKPACK_API_SECRET: %s
2025-07-07 16:10:40 | INFO     | __main__:get_account:57 - 收到的exchange参数: %s
2025-07-07 16:10:40 | INFO     | __main__:get_account:59 - ex实例类型: %s
2025-07-07 16:10:40 | INFO     | __main__:get_account:61 - web_app.py用的BACKPACK_API_KEY: %s
2025-07-07 16:10:40 | INFO     | __main__:get_account:62 - web_app.py用的BACKPACK_API_SECRET: %s
2025-07-07 16:10:41 | INFO     | __main__:get_account:57 - 收到的exchange参数: %s
2025-07-07 16:10:41 | INFO     | __main__:get_account:59 - ex实例类型: %s
2025-07-07 16:10:41 | INFO     | __main__:get_account:61 - web_app.py用的BACKPACK_API_KEY: %s
2025-07-07 16:10:41 | INFO     | __main__:get_account:62 - web_app.py用的BACKPACK_API_SECRET: %s
2025-07-07 16:10:41 | INFO     | __main__:get_account:57 - 收到的exchange参数: %s
2025-07-07 16:10:41 | INFO     | __main__:get_account:59 - ex实例类型: %s
2025-07-07 16:10:41 | INFO     | __main__:get_account:61 - web_app.py用的BACKPACK_API_KEY: %s
2025-07-07 16:10:41 | INFO     | __main__:get_account:62 - web_app.py用的BACKPACK_API_SECRET: %s
2025-07-07 16:10:41 | INFO     | __main__:get_account:57 - 收到的exchange参数: %s
2025-07-07 16:10:41 | INFO     | __main__:get_account:59 - ex实例类型: %s
2025-07-07 16:10:41 | INFO     | __main__:get_account:61 - web_app.py用的BACKPACK_API_KEY: %s
2025-07-07 16:10:41 | INFO     | __main__:get_account:62 - web_app.py用的BACKPACK_API_SECRET: %s
2025-07-07 16:10:42 | INFO     | __main__:get_account:57 - 收到的exchange参数: %s
2025-07-07 16:10:42 | INFO     | __main__:get_account:59 - ex实例类型: %s
2025-07-07 16:10:42 | INFO     | __main__:get_account:61 - web_app.py用的BACKPACK_API_KEY: %s
2025-07-07 16:10:42 | INFO     | __main__:get_account:62 - web_app.py用的BACKPACK_API_SECRET: %s
2025-07-07 16:10:42 | INFO     | __main__:get_account:57 - 收到的exchange参数: %s
2025-07-07 16:10:42 | INFO     | __main__:get_account:59 - ex实例类型: %s
2025-07-07 16:10:42 | INFO     | __main__:get_account:61 - web_app.py用的BACKPACK_API_KEY: %s
2025-07-07 16:10:42 | INFO     | __main__:get_account:62 - web_app.py用的BACKPACK_API_SECRET: %s
2025-07-07 16:10:42 | INFO     | __main__:get_account:57 - 收到的exchange参数: %s
2025-07-07 16:10:42 | INFO     | __main__:get_account:59 - ex实例类型: %s
2025-07-07 16:10:42 | INFO     | __main__:get_account:61 - web_app.py用的BACKPACK_API_KEY: %s
2025-07-07 16:10:42 | INFO     | __main__:get_account:62 - web_app.py用的BACKPACK_API_SECRET: %s
2025-07-07 16:10:43 | INFO     | __main__:get_account:57 - 收到的exchange参数: %s
2025-07-07 16:10:43 | INFO     | __main__:get_account:59 - ex实例类型: %s
2025-07-07 16:10:43 | INFO     | __main__:get_account:61 - web_app.py用的BACKPACK_API_KEY: %s
2025-07-07 16:10:43 | INFO     | __main__:get_account:62 - web_app.py用的BACKPACK_API_SECRET: %s
2025-07-07 16:10:44 | INFO     | __main__:get_account:57 - 收到的exchange参数: %s
2025-07-07 16:10:44 | INFO     | __main__:get_account:59 - ex实例类型: %s
2025-07-07 16:10:44 | INFO     | __main__:get_account:61 - web_app.py用的BACKPACK_API_KEY: %s
2025-07-07 16:10:44 | INFO     | __main__:get_account:62 - web_app.py用的BACKPACK_API_SECRET: %s
2025-07-07 16:10:45 | INFO     | __main__:get_account:57 - 收到的exchange参数: %s
2025-07-07 16:10:45 | INFO     | __main__:get_account:59 - ex实例类型: %s
2025-07-07 16:10:45 | INFO     | __main__:get_account:61 - web_app.py用的BACKPACK_API_KEY: %s
2025-07-07 16:10:45 | INFO     | __main__:get_account:62 - web_app.py用的BACKPACK_API_SECRET: %s
2025-07-07 16:10:45 | INFO     | __main__:get_account:57 - 收到的exchange参数: %s
2025-07-07 16:10:45 | INFO     | __main__:get_account:59 - ex实例类型: %s
2025-07-07 16:10:45 | INFO     | __main__:get_account:61 - web_app.py用的BACKPACK_API_KEY: %s
2025-07-07 16:10:45 | INFO     | __main__:get_account:62 - web_app.py用的BACKPACK_API_SECRET: %s
2025-07-07 16:10:46 | INFO     | __main__:get_account:57 - 收到的exchange参数: %s
2025-07-07 16:10:46 | INFO     | __main__:get_account:59 - ex实例类型: %s
2025-07-07 16:10:46 | INFO     | __main__:get_account:61 - web_app.py用的BACKPACK_API_KEY: %s
2025-07-07 16:10:46 | INFO     | __main__:get_account:62 - web_app.py用的BACKPACK_API_SECRET: %s
2025-07-07 16:10:46 | INFO     | __main__:get_account:57 - 收到的exchange参数: %s
2025-07-07 16:10:46 | INFO     | __main__:get_account:59 - ex实例类型: %s
2025-07-07 16:10:46 | INFO     | __main__:get_account:61 - web_app.py用的BACKPACK_API_KEY: %s
2025-07-07 16:10:46 | INFO     | __main__:get_account:62 - web_app.py用的BACKPACK_API_SECRET: %s
2025-07-07 16:10:48 | INFO     | __main__:get_account:57 - 收到的exchange参数: %s
2025-07-07 16:10:48 | INFO     | __main__:get_account:59 - ex实例类型: %s
2025-07-07 16:10:48 | INFO     | __main__:get_account:61 - web_app.py用的BACKPACK_API_KEY: %s
2025-07-07 16:10:48 | INFO     | __main__:get_account:62 - web_app.py用的BACKPACK_API_SECRET: %s
2025-07-07 16:10:49 | INFO     | __main__:get_account:57 - 收到的exchange参数: %s
2025-07-07 16:10:49 | INFO     | __main__:get_account:59 - ex实例类型: %s
2025-07-07 16:10:49 | INFO     | __main__:get_account:61 - web_app.py用的BACKPACK_API_KEY: %s
2025-07-07 16:10:49 | INFO     | __main__:get_account:62 - web_app.py用的BACKPACK_API_SECRET: %s
2025-07-07 16:10:49 | INFO     | __main__:get_account:57 - 收到的exchange参数: %s
2025-07-07 16:10:49 | INFO     | __main__:get_account:59 - ex实例类型: %s
2025-07-07 16:10:49 | INFO     | __main__:get_account:61 - web_app.py用的BACKPACK_API_KEY: %s
2025-07-07 16:10:49 | INFO     | __main__:get_account:62 - web_app.py用的BACKPACK_API_SECRET: %s
2025-07-07 16:10:49 | INFO     | __main__:get_account:57 - 收到的exchange参数: %s
2025-07-07 16:10:49 | INFO     | __main__:get_account:59 - ex实例类型: %s
2025-07-07 16:10:49 | INFO     | __main__:get_account:61 - web_app.py用的BACKPACK_API_KEY: %s
2025-07-07 16:10:49 | INFO     | __main__:get_account:62 - web_app.py用的BACKPACK_API_SECRET: %s
2025-07-07 16:10:50 | INFO     | __main__:get_account:57 - 收到的exchange参数: %s
2025-07-07 16:10:50 | INFO     | __main__:get_account:59 - ex实例类型: %s
2025-07-07 16:10:50 | INFO     | __main__:get_account:61 - web_app.py用的BACKPACK_API_KEY: %s
2025-07-07 16:10:50 | INFO     | __main__:get_account:62 - web_app.py用的BACKPACK_API_SECRET: %s
2025-07-07 16:10:51 | INFO     | __main__:get_account:57 - 收到的exchange参数: %s
2025-07-07 16:10:51 | INFO     | __main__:get_account:59 - ex实例类型: %s
2025-07-07 16:10:51 | INFO     | __main__:get_account:61 - web_app.py用的BACKPACK_API_KEY: %s
2025-07-07 16:10:51 | INFO     | __main__:get_account:62 - web_app.py用的BACKPACK_API_SECRET: %s
2025-07-07 16:10:51 | INFO     | __main__:get_account:57 - 收到的exchange参数: %s
2025-07-07 16:10:51 | INFO     | __main__:get_account:59 - ex实例类型: %s
2025-07-07 16:10:51 | INFO     | __main__:get_account:61 - web_app.py用的BACKPACK_API_KEY: %s
2025-07-07 16:10:51 | INFO     | __main__:get_account:62 - web_app.py用的BACKPACK_API_SECRET: %s
2025-07-07 16:10:52 | INFO     | __main__:get_account:57 - 收到的exchange参数: %s
2025-07-07 16:10:52 | INFO     | __main__:get_account:59 - ex实例类型: %s
2025-07-07 16:10:52 | INFO     | __main__:get_account:61 - web_app.py用的BACKPACK_API_KEY: %s
2025-07-07 16:10:52 | INFO     | __main__:get_account:62 - web_app.py用的BACKPACK_API_SECRET: %s
2025-07-07 16:10:53 | INFO     | __main__:get_account:57 - 收到的exchange参数: %s
2025-07-07 16:10:53 | INFO     | __main__:get_account:59 - ex实例类型: %s
2025-07-07 16:10:53 | INFO     | __main__:get_account:61 - web_app.py用的BACKPACK_API_KEY: %s
2025-07-07 16:10:53 | INFO     | __main__:get_account:62 - web_app.py用的BACKPACK_API_SECRET: %s
2025-07-07 16:10:53 | INFO     | __main__:get_account:57 - 收到的exchange参数: %s
2025-07-07 16:10:53 | INFO     | __main__:get_account:59 - ex实例类型: %s
2025-07-07 16:10:53 | INFO     | __main__:get_account:61 - web_app.py用的BACKPACK_API_KEY: %s
2025-07-07 16:10:53 | INFO     | __main__:get_account:62 - web_app.py用的BACKPACK_API_SECRET: %s
2025-07-07 16:10:54 | INFO     | __main__:get_account:57 - 收到的exchange参数: %s
2025-07-07 16:10:54 | INFO     | __main__:get_account:59 - ex实例类型: %s
2025-07-07 16:10:54 | INFO     | __main__:get_account:61 - web_app.py用的BACKPACK_API_KEY: %s
2025-07-07 16:10:54 | INFO     | __main__:get_account:62 - web_app.py用的BACKPACK_API_SECRET: %s
2025-07-07 16:10:55 | INFO     | __main__:get_account:57 - 收到的exchange参数: %s
2025-07-07 16:10:55 | INFO     | __main__:get_account:59 - ex实例类型: %s
2025-07-07 16:10:55 | INFO     | __main__:get_account:61 - web_app.py用的BACKPACK_API_KEY: %s
2025-07-07 16:10:55 | INFO     | __main__:get_account:62 - web_app.py用的BACKPACK_API_SECRET: %s
2025-07-07 16:10:56 | INFO     | __main__:get_account:57 - 收到的exchange参数: %s
2025-07-07 16:10:56 | INFO     | __main__:get_account:59 - ex实例类型: %s
2025-07-07 16:10:56 | INFO     | __main__:get_account:61 - web_app.py用的BACKPACK_API_KEY: %s
2025-07-07 16:10:56 | INFO     | __main__:get_account:62 - web_app.py用的BACKPACK_API_SECRET: %s
2025-07-07 16:10:56 | INFO     | __main__:get_account:57 - 收到的exchange参数: %s
2025-07-07 16:10:56 | INFO     | __main__:get_account:59 - ex实例类型: %s
2025-07-07 16:10:56 | INFO     | __main__:get_account:61 - web_app.py用的BACKPACK_API_KEY: %s
2025-07-07 16:10:56 | INFO     | __main__:get_account:62 - web_app.py用的BACKPACK_API_SECRET: %s
2025-07-07 16:10:56 | INFO     | __main__:get_account:57 - 收到的exchange参数: %s
2025-07-07 16:10:56 | INFO     | __main__:get_account:59 - ex实例类型: %s
2025-07-07 16:10:56 | INFO     | __main__:get_account:61 - web_app.py用的BACKPACK_API_KEY: %s
2025-07-07 16:10:56 | INFO     | __main__:get_account:62 - web_app.py用的BACKPACK_API_SECRET: %s
2025-07-07 16:10:56 | INFO     | __main__:get_account:57 - 收到的exchange参数: %s
2025-07-07 16:10:56 | INFO     | __main__:get_account:59 - ex实例类型: %s
2025-07-07 16:10:56 | INFO     | __main__:get_account:61 - web_app.py用的BACKPACK_API_KEY: %s
2025-07-07 16:10:56 | INFO     | __main__:get_account:62 - web_app.py用的BACKPACK_API_SECRET: %s
2025-07-07 16:10:56 | INFO     | __main__:get_account:57 - 收到的exchange参数: %s
2025-07-07 16:10:56 | INFO     | __main__:get_account:59 - ex实例类型: %s
2025-07-07 16:10:56 | INFO     | __main__:get_account:61 - web_app.py用的BACKPACK_API_KEY: %s
2025-07-07 16:10:56 | INFO     | __main__:get_account:62 - web_app.py用的BACKPACK_API_SECRET: %s
2025-07-07 16:10:58 | INFO     | __main__:get_account:57 - 收到的exchange参数: %s
2025-07-07 16:10:58 | INFO     | __main__:get_account:59 - ex实例类型: %s
2025-07-07 16:10:58 | INFO     | __main__:get_account:61 - web_app.py用的BACKPACK_API_KEY: %s
2025-07-07 16:10:58 | INFO     | __main__:get_account:62 - web_app.py用的BACKPACK_API_SECRET: %s
2025-07-07 16:10:58 | INFO     | __main__:get_account:57 - 收到的exchange参数: %s
2025-07-07 16:10:58 | INFO     | __main__:get_account:59 - ex实例类型: %s
2025-07-07 16:10:58 | INFO     | __main__:get_account:61 - web_app.py用的BACKPACK_API_KEY: %s
2025-07-07 16:10:58 | INFO     | __main__:get_account:62 - web_app.py用的BACKPACK_API_SECRET: %s
2025-07-07 16:10:59 | INFO     | __main__:get_account:57 - 收到的exchange参数: %s
2025-07-07 16:10:59 | INFO     | __main__:get_account:59 - ex实例类型: %s
2025-07-07 16:10:59 | INFO     | __main__:get_account:61 - web_app.py用的BACKPACK_API_KEY: %s
2025-07-07 16:10:59 | INFO     | __main__:get_account:62 - web_app.py用的BACKPACK_API_SECRET: %s
2025-07-07 16:10:59 | INFO     | __main__:get_account:57 - 收到的exchange参数: %s
2025-07-07 16:10:59 | INFO     | __main__:get_account:59 - ex实例类型: %s
2025-07-07 16:10:59 | INFO     | __main__:get_account:61 - web_app.py用的BACKPACK_API_KEY: %s
2025-07-07 16:10:59 | INFO     | __main__:get_account:62 - web_app.py用的BACKPACK_API_SECRET: %s
2025-07-07 16:10:59 | INFO     | __main__:get_account:57 - 收到的exchange参数: %s
2025-07-07 16:10:59 | INFO     | __main__:get_account:59 - ex实例类型: %s
2025-07-07 16:10:59 | INFO     | __main__:get_account:61 - web_app.py用的BACKPACK_API_KEY: %s
2025-07-07 16:10:59 | INFO     | __main__:get_account:62 - web_app.py用的BACKPACK_API_SECRET: %s
2025-07-07 16:11:00 | INFO     | __main__:get_account:57 - 收到的exchange参数: %s
2025-07-07 16:11:00 | INFO     | __main__:get_account:59 - ex实例类型: %s
2025-07-07 16:11:00 | INFO     | __main__:get_account:61 - web_app.py用的BACKPACK_API_KEY: %s
2025-07-07 16:11:00 | INFO     | __main__:get_account:62 - web_app.py用的BACKPACK_API_SECRET: %s
2025-07-07 16:11:01 | INFO     | __main__:get_account:57 - 收到的exchange参数: %s
2025-07-07 16:11:01 | INFO     | __main__:get_account:59 - ex实例类型: %s
2025-07-07 16:11:01 | INFO     | __main__:get_account:61 - web_app.py用的BACKPACK_API_KEY: %s
2025-07-07 16:11:01 | INFO     | __main__:get_account:62 - web_app.py用的BACKPACK_API_SECRET: %s
2025-07-07 16:11:03 | INFO     | __main__:get_account:57 - 收到的exchange参数: %s
2025-07-07 16:11:03 | INFO     | __main__:get_account:59 - ex实例类型: %s
2025-07-07 16:11:03 | INFO     | __main__:get_account:61 - web_app.py用的BACKPACK_API_KEY: %s
2025-07-07 16:11:03 | INFO     | __main__:get_account:62 - web_app.py用的BACKPACK_API_SECRET: %s
2025-07-07 16:11:03 | INFO     | __main__:get_account:57 - 收到的exchange参数: %s
2025-07-07 16:11:03 | INFO     | __main__:get_account:59 - ex实例类型: %s
2025-07-07 16:11:03 | INFO     | __main__:get_account:61 - web_app.py用的BACKPACK_API_KEY: %s
2025-07-07 16:11:03 | INFO     | __main__:get_account:62 - web_app.py用的BACKPACK_API_SECRET: %s
2025-07-07 16:11:04 | INFO     | __main__:get_account:57 - 收到的exchange参数: %s
2025-07-07 16:11:04 | INFO     | __main__:get_account:59 - ex实例类型: %s
2025-07-07 16:11:04 | INFO     | __main__:get_account:61 - web_app.py用的BACKPACK_API_KEY: %s
2025-07-07 16:11:04 | INFO     | __main__:get_account:62 - web_app.py用的BACKPACK_API_SECRET: %s
2025-07-07 16:11:06 | INFO     | __main__:get_account:57 - 收到的exchange参数: %s
2025-07-07 16:11:06 | INFO     | __main__:get_account:59 - ex实例类型: %s
2025-07-07 16:11:06 | INFO     | __main__:get_account:61 - web_app.py用的BACKPACK_API_KEY: %s
2025-07-07 16:11:06 | INFO     | __main__:get_account:62 - web_app.py用的BACKPACK_API_SECRET: %s
2025-07-07 16:11:06 | INFO     | __main__:get_account:57 - 收到的exchange参数: %s
2025-07-07 16:11:06 | INFO     | __main__:get_account:59 - ex实例类型: %s
2025-07-07 16:11:06 | INFO     | __main__:get_account:61 - web_app.py用的BACKPACK_API_KEY: %s
2025-07-07 16:11:06 | INFO     | __main__:get_account:62 - web_app.py用的BACKPACK_API_SECRET: %s
2025-07-07 16:11:08 | INFO     | __main__:get_account:57 - 收到的exchange参数: %s
2025-07-07 16:11:08 | INFO     | __main__:get_account:59 - ex实例类型: %s
2025-07-07 16:11:08 | INFO     | __main__:get_account:61 - web_app.py用的BACKPACK_API_KEY: %s
2025-07-07 16:11:08 | INFO     | __main__:get_account:62 - web_app.py用的BACKPACK_API_SECRET: %s
2025-07-07 16:11:09 | INFO     | __main__:get_account:57 - 收到的exchange参数: %s
2025-07-07 16:11:09 | INFO     | __main__:get_account:59 - ex实例类型: %s
2025-07-07 16:11:09 | INFO     | __main__:get_account:61 - web_app.py用的BACKPACK_API_KEY: %s
2025-07-07 16:11:09 | INFO     | __main__:get_account:62 - web_app.py用的BACKPACK_API_SECRET: %s
2025-07-07 16:11:11 | INFO     | __main__:get_account:57 - 收到的exchange参数: %s
2025-07-07 16:11:11 | INFO     | __main__:get_account:59 - ex实例类型: %s
2025-07-07 16:11:11 | INFO     | __main__:get_account:61 - web_app.py用的BACKPACK_API_KEY: %s
2025-07-07 16:11:11 | INFO     | __main__:get_account:62 - web_app.py用的BACKPACK_API_SECRET: %s
2025-07-07 16:11:13 | INFO     | __main__:get_account:57 - 收到的exchange参数: %s
2025-07-07 16:11:13 | INFO     | __main__:get_account:59 - ex实例类型: %s
2025-07-07 16:11:13 | INFO     | __main__:get_account:61 - web_app.py用的BACKPACK_API_KEY: %s
2025-07-07 16:11:13 | INFO     | __main__:get_account:62 - web_app.py用的BACKPACK_API_SECRET: %s
2025-07-07 16:11:13 | INFO     | __main__:get_account:57 - 收到的exchange参数: %s
2025-07-07 16:11:13 | INFO     | __main__:get_account:59 - ex实例类型: %s
2025-07-07 16:11:13 | INFO     | __main__:get_account:61 - web_app.py用的BACKPACK_API_KEY: %s
2025-07-07 16:11:13 | INFO     | __main__:get_account:62 - web_app.py用的BACKPACK_API_SECRET: %s
2025-07-07 16:11:13 | INFO     | __main__:get_account:57 - 收到的exchange参数: %s
2025-07-07 16:11:13 | INFO     | __main__:get_account:59 - ex实例类型: %s
2025-07-07 16:11:13 | INFO     | __main__:get_account:61 - web_app.py用的BACKPACK_API_KEY: %s
2025-07-07 16:11:13 | INFO     | __main__:get_account:62 - web_app.py用的BACKPACK_API_SECRET: %s
2025-07-07 16:11:16 | INFO     | __main__:get_account:57 - 收到的exchange参数: %s
2025-07-07 16:11:16 | INFO     | __main__:get_account:59 - ex实例类型: %s
2025-07-07 16:11:16 | INFO     | __main__:get_account:61 - web_app.py用的BACKPACK_API_KEY: %s
2025-07-07 16:11:16 | INFO     | __main__:get_account:62 - web_app.py用的BACKPACK_API_SECRET: %s
2025-07-07 16:11:16 | INFO     | __main__:get_account:57 - 收到的exchange参数: %s
2025-07-07 16:11:16 | INFO     | __main__:get_account:59 - ex实例类型: %s
2025-07-07 16:11:16 | INFO     | __main__:get_account:61 - web_app.py用的BACKPACK_API_KEY: %s
2025-07-07 16:11:16 | INFO     | __main__:get_account:62 - web_app.py用的BACKPACK_API_SECRET: %s
2025-07-07 16:11:20 | INFO     | __main__:get_account:57 - 收到的exchange参数: %s
2025-07-07 16:11:20 | INFO     | __main__:get_account:59 - ex实例类型: %s
2025-07-07 16:11:20 | INFO     | __main__:get_account:61 - web_app.py用的BACKPACK_API_KEY: %s
2025-07-07 16:11:20 | INFO     | __main__:get_account:62 - web_app.py用的BACKPACK_API_SECRET: %s
2025-07-07 16:11:20 | INFO     | __main__:get_account:57 - 收到的exchange参数: %s
2025-07-07 16:11:20 | INFO     | __main__:get_account:59 - ex实例类型: %s
2025-07-07 16:11:20 | INFO     | __main__:get_account:61 - web_app.py用的BACKPACK_API_KEY: %s
2025-07-07 16:11:20 | INFO     | __main__:get_account:62 - web_app.py用的BACKPACK_API_SECRET: %s
2025-07-07 16:11:23 | INFO     | __main__:get_account:57 - 收到的exchange参数: %s
2025-07-07 16:11:23 | INFO     | __main__:get_account:59 - ex实例类型: %s
2025-07-07 16:11:23 | INFO     | __main__:get_account:61 - web_app.py用的BACKPACK_API_KEY: %s
2025-07-07 16:11:23 | INFO     | __main__:get_account:62 - web_app.py用的BACKPACK_API_SECRET: %s
2025-07-07 16:11:23 | INFO     | __main__:get_account:57 - 收到的exchange参数: %s
2025-07-07 16:11:23 | INFO     | __main__:get_account:59 - ex实例类型: %s
2025-07-07 16:11:23 | INFO     | __main__:get_account:61 - web_app.py用的BACKPACK_API_KEY: %s
2025-07-07 16:11:23 | INFO     | __main__:get_account:62 - web_app.py用的BACKPACK_API_SECRET: %s
2025-07-07 16:11:26 | INFO     | __main__:get_account:57 - 收到的exchange参数: %s
2025-07-07 16:11:26 | INFO     | __main__:get_account:59 - ex实例类型: %s
2025-07-07 16:11:26 | INFO     | __main__:get_account:61 - web_app.py用的BACKPACK_API_KEY: %s
2025-07-07 16:11:26 | INFO     | __main__:get_account:62 - web_app.py用的BACKPACK_API_SECRET: %s
2025-07-07 16:11:50 | INFO     | __main__:get_account:57 - 收到的exchange参数: %s
2025-07-07 16:11:50 | INFO     | __main__:get_account:59 - ex实例类型: %s
2025-07-07 16:11:50 | INFO     | __main__:get_account:61 - web_app.py用的BACKPACK_API_KEY: %s
2025-07-07 16:11:50 | INFO     | __main__:get_account:62 - web_app.py用的BACKPACK_API_SECRET: %s
2025-07-07 16:11:50 | INFO     | __main__:get_account:57 - 收到的exchange参数: %s
2025-07-07 16:11:50 | INFO     | __main__:get_account:59 - ex实例类型: %s
2025-07-07 16:11:50 | INFO     | __main__:get_account:61 - web_app.py用的BACKPACK_API_KEY: %s
2025-07-07 16:11:50 | INFO     | __main__:get_account:62 - web_app.py用的BACKPACK_API_SECRET: %s
2025-07-07 16:11:52 | INFO     | __main__:get_account:57 - 收到的exchange参数: %s
2025-07-07 16:11:52 | INFO     | __main__:get_account:59 - ex实例类型: %s
2025-07-07 16:11:52 | INFO     | __main__:get_account:61 - web_app.py用的BACKPACK_API_KEY: %s
2025-07-07 16:11:52 | INFO     | __main__:get_account:62 - web_app.py用的BACKPACK_API_SECRET: %s
2025-07-07 16:11:53 | INFO     | __main__:get_account:57 - 收到的exchange参数: %s
2025-07-07 16:11:53 | INFO     | __main__:get_account:59 - ex实例类型: %s
2025-07-07 16:11:53 | INFO     | __main__:get_account:61 - web_app.py用的BACKPACK_API_KEY: %s
2025-07-07 16:11:53 | INFO     | __main__:get_account:62 - web_app.py用的BACKPACK_API_SECRET: %s
2025-07-07 16:11:53 | INFO     | __main__:get_account:57 - 收到的exchange参数: %s
2025-07-07 16:11:53 | INFO     | __main__:get_account:59 - ex实例类型: %s
2025-07-07 16:11:53 | INFO     | __main__:get_account:61 - web_app.py用的BACKPACK_API_KEY: %s
2025-07-07 16:11:53 | INFO     | __main__:get_account:62 - web_app.py用的BACKPACK_API_SECRET: %s
2025-07-07 16:11:55 | INFO     | __main__:get_account:57 - 收到的exchange参数: %s
2025-07-07 16:11:55 | INFO     | __main__:get_account:59 - ex实例类型: %s
2025-07-07 16:11:55 | INFO     | __main__:get_account:61 - web_app.py用的BACKPACK_API_KEY: %s
2025-07-07 16:11:55 | INFO     | __main__:get_account:62 - web_app.py用的BACKPACK_API_SECRET: %s
2025-07-07 16:11:57 | INFO     | __main__:get_account:57 - 收到的exchange参数: %s
2025-07-07 16:11:57 | INFO     | __main__:get_account:59 - ex实例类型: %s
2025-07-07 16:11:57 | INFO     | __main__:get_account:61 - web_app.py用的BACKPACK_API_KEY: %s
2025-07-07 16:11:57 | INFO     | __main__:get_account:62 - web_app.py用的BACKPACK_API_SECRET: %s
2025-07-07 16:12:00 | INFO     | __main__:get_account:57 - 收到的exchange参数: %s
2025-07-07 16:12:00 | INFO     | __main__:get_account:59 - ex实例类型: %s
2025-07-07 16:12:00 | INFO     | __main__:get_account:61 - web_app.py用的BACKPACK_API_KEY: %s
2025-07-07 16:12:00 | INFO     | __main__:get_account:62 - web_app.py用的BACKPACK_API_SECRET: %s
2025-07-07 16:12:50 | INFO     | __main__:get_account:57 - 收到的exchange参数: %s
2025-07-07 16:12:50 | INFO     | __main__:get_account:59 - ex实例类型: %s
2025-07-07 16:12:50 | INFO     | __main__:get_account:61 - web_app.py用的BACKPACK_API_KEY: %s
2025-07-07 16:12:50 | INFO     | __main__:get_account:62 - web_app.py用的BACKPACK_API_SECRET: %s
2025-07-07 16:12:50 | INFO     | __main__:get_account:57 - 收到的exchange参数: %s
2025-07-07 16:12:50 | INFO     | __main__:get_account:59 - ex实例类型: %s
2025-07-07 16:12:50 | INFO     | __main__:get_account:61 - web_app.py用的BACKPACK_API_KEY: %s
2025-07-07 16:12:50 | INFO     | __main__:get_account:62 - web_app.py用的BACKPACK_API_SECRET: %s
2025-07-07 16:12:52 | INFO     | __main__:get_account:57 - 收到的exchange参数: %s
2025-07-07 16:12:52 | INFO     | __main__:get_account:59 - ex实例类型: %s
2025-07-07 16:12:52 | INFO     | __main__:get_account:61 - web_app.py用的BACKPACK_API_KEY: %s
2025-07-07 16:12:52 | INFO     | __main__:get_account:62 - web_app.py用的BACKPACK_API_SECRET: %s
2025-07-07 16:12:53 | INFO     | __main__:get_account:57 - 收到的exchange参数: %s
2025-07-07 16:12:53 | INFO     | __main__:get_account:59 - ex实例类型: %s
2025-07-07 16:12:53 | INFO     | __main__:get_account:61 - web_app.py用的BACKPACK_API_KEY: %s
2025-07-07 16:12:53 | INFO     | __main__:get_account:62 - web_app.py用的BACKPACK_API_SECRET: %s
2025-07-07 16:12:54 | INFO     | __main__:get_account:57 - 收到的exchange参数: %s
2025-07-07 16:12:54 | INFO     | __main__:get_account:59 - ex实例类型: %s
2025-07-07 16:12:54 | INFO     | __main__:get_account:61 - web_app.py用的BACKPACK_API_KEY: %s
2025-07-07 16:12:54 | INFO     | __main__:get_account:62 - web_app.py用的BACKPACK_API_SECRET: %s
2025-07-07 16:12:55 | INFO     | __main__:get_account:57 - 收到的exchange参数: %s
2025-07-07 16:12:55 | INFO     | __main__:get_account:59 - ex实例类型: %s
2025-07-07 16:12:55 | INFO     | __main__:get_account:61 - web_app.py用的BACKPACK_API_KEY: %s
2025-07-07 16:12:55 | INFO     | __main__:get_account:62 - web_app.py用的BACKPACK_API_SECRET: %s
2025-07-07 16:12:57 | INFO     | __main__:get_account:57 - 收到的exchange参数: %s
2025-07-07 16:12:57 | INFO     | __main__:get_account:59 - ex实例类型: %s
2025-07-07 16:12:57 | INFO     | __main__:get_account:61 - web_app.py用的BACKPACK_API_KEY: %s
2025-07-07 16:12:57 | INFO     | __main__:get_account:62 - web_app.py用的BACKPACK_API_SECRET: %s
2025-07-07 16:13:00 | INFO     | __main__:get_account:57 - 收到的exchange参数: %s
2025-07-07 16:13:00 | INFO     | __main__:get_account:59 - ex实例类型: %s
2025-07-07 16:13:00 | INFO     | __main__:get_account:61 - web_app.py用的BACKPACK_API_KEY: %s
2025-07-07 16:13:00 | INFO     | __main__:get_account:62 - web_app.py用的BACKPACK_API_SECRET: %s
